Log file open, 01/15/22 23:45:46
LogWindows: Failed to load 'aqProf.dll' (GetLastError=126)
LogWindows: File 'aqProf.dll' does not exist
LogWindows: Failed to load 'VtuneApi.dll' (GetLastError=126)
LogWindows: File 'VtuneApi.dll' does not exist
LogWindows: Failed to load 'VtuneApi32e.dll' (GetLastError=126)
LogWindows: File 'VtuneApi32e.dll' does not exist
LogConsoleResponse: Display: Failed to find resolution value strings in scalability ini. Falling back to default.
LogConsoleResponse: Display: Failed to find resolution value strings in scalability ini. Falling back to default.
LogInit: Display: Running engine for game: Final_302
LogPlatformFile: Not using cached read wrapper
LogTaskGraph: Started task graph with 5 named threads and 23 total threads with 3 sets of task threads.
LogStats: Stats thread started at 0.284798
LogICUInternationalization: ICU TimeZone Detection - Raw Offset: +1:00, Platform Override: ''
LogInit: Display: Loading text-based GConfig....
LogPluginManager: Mounting plugin MeshPainting
LogPluginManager: Mounting plugin XGEController
LogPluginManager: Mounting plugin Paper2D
LogPluginManager: Mounting plugin AISupport
LogPluginManager: Mounting plugin EnvironmentQueryEditor
LogPluginManager: Mounting plugin LightPropagationVolume
LogPluginManager: Mounting plugin LiveLink
LogPluginManager: Mounting plugin CameraShakePreviewer
LogPluginManager: Mounting plugin GameplayCameras
LogPluginManager: Mounting plugin AnimationSharing
LogPluginManager: Mounting plugin CodeLiteSourceCodeAccess
LogPluginManager: Mounting plugin KDevelopSourceCodeAccess
LogPluginManager: Mounting plugin GitSourceControl
LogPluginManager: Mounting plugin NullSourceCodeAccess
LogPluginManager: Mounting plugin CLionSourceCodeAccess
LogPluginManager: Mounting plugin PerforceSourceControl
LogPluginManager: Mounting plugin PlasticSourceControl
LogPluginManager: Mounting plugin PropertyAccessNode
LogPluginManager: Mounting plugin PluginUtils
LogPluginManager: Mounting plugin PixWinPlugin
LogPluginManager: Mounting plugin RiderSourceCodeAccess
LogPluginManager: Mounting plugin SubversionSourceControl
LogPluginManager: Mounting plugin TextureFormatOodle
LogPluginManager: Mounting plugin OodleData
LogPluginManager: Mounting plugin UObjectPlugin
LogPluginManager: Mounting plugin VisualStudioSourceCodeAccess
LogPluginManager: Mounting plugin XCodeSourceCodeAccess
LogPluginManager: Mounting plugin VisualStudioCodeSourceCodeAccess
LogPluginManager: Mounting plugin AssetManagerEditor
LogPluginManager: Mounting plugin CryptoKeys
LogPluginManager: Mounting plugin CurveEditorTools
LogPluginManager: Mounting plugin DataValidation
LogPluginManager: Mounting plugin EditorScriptingUtilities
LogPluginManager: Mounting plugin GameplayTagsEditor
LogPluginManager: Mounting plugin FacialAnimation
LogPluginManager: Mounting plugin GeometryMode
LogPluginManager: Mounting plugin MaterialAnalyzer
LogPluginManager: Mounting plugin MobileLauncherProfileWizard
LogPluginManager: Mounting plugin PluginBrowser
LogPluginManager: Mounting plugin MeshEditor
LogPluginManager: Mounting plugin SpeedTreeImporter
LogPluginManager: Mounting plugin DataprepEditor
LogPluginManager: Mounting plugin DatasmithCADImporter
LogPluginManager: Mounting plugin DatasmithContent
LogPluginManager: Mounting plugin DatasmithImporter
LogPluginManager: Mounting plugin VariantManager
LogPluginManager: Mounting plugin VariantManagerContent
LogPluginManager: Mounting plugin StaticMeshEditorExtension
LogPluginManager: Mounting plugin Niagara
LogPluginManager: Mounting plugin AlembicImporter
LogPluginManager: Mounting plugin AutomationUtils
LogPluginManager: Mounting plugin BackChannel
LogPluginManager: Mounting plugin ChaosCloth
LogPluginManager: Mounting plugin BlastPlugin
LogPluginManager: Mounting plugin ChaosClothEditor
LogPluginManager: Mounting plugin ChaosEditor
LogPluginManager: Mounting plugin ChaosNiagara
LogPluginManager: Mounting plugin ChaosSolverPlugin
LogPluginManager: Mounting plugin CharacterAI
LogPluginManager: Mounting plugin MacGraphicsSwitching
LogPluginManager: Mounting plugin LuminPlatformFeatures
LogPluginManager: Mounting plugin MagicLeap
LogPluginManager: Mounting plugin MagicLeapLightEstimation
LogPluginManager: Mounting plugin MagicLeapMedia
LogPluginManager: Mounting plugin MagicLeapPassableWorld
LogPluginManager: Mounting plugin GeometryCache
LogPluginManager: Mounting plugin MLSDK
LogPluginManager: Mounting plugin GeometryCollectionPlugin
LogPluginManager: Mounting plugin GeometryProcessing
LogPluginManager: Mounting plugin MotoSynth
LogPluginManager: Mounting plugin OpenImageDenoise
LogPluginManager: Mounting plugin PlatformCrypto
LogPluginManager: Mounting plugin PlanarCut
LogPluginManager: Mounting plugin PythonScriptPlugin
LogPluginManager: Mounting plugin ProxyLODPlugin
LogPluginManager: Mounting plugin AndroidMedia
LogPluginManager: Mounting plugin AvfMedia
LogPluginManager: Mounting plugin ImgMedia
LogPluginManager: Mounting plugin MediaCompositing
LogPluginManager: Mounting plugin MediaPlayerEditor
LogPluginManager: Mounting plugin WebMMedia
LogPluginManager: Mounting plugin WmfMedia
LogPluginManager: Mounting plugin UdpMessaging
LogPluginManager: Mounting plugin TcpMessaging
LogPluginManager: Mounting plugin SkeletalReduction
LogPluginManager: Mounting plugin ActorSequence
LogPluginManager: Mounting plugin LevelSequenceEditor
LogPluginManager: Mounting plugin MatineeToLevelSequence
LogPluginManager: Mounting plugin TemplateSequence
LogPluginManager: Mounting plugin OnlineSubsystem
LogPluginManager: Mounting plugin OnlineSubsystemNull
LogPluginManager: Mounting plugin OnlineSubsystemUtils
LogPluginManager: Mounting plugin LauncherChunkInstaller
LogPluginManager: Mounting plugin ActorLayerUtilities
LogPluginManager: Mounting plugin AndroidMoviePlayer
LogPluginManager: Mounting plugin AndroidDeviceProfileSelector
LogPluginManager: Mounting plugin AndroidPermission
LogPluginManager: Mounting plugin AppleImageUtils
LogPluginManager: Mounting plugin AppleMoviePlayer
LogPluginManager: Mounting plugin ArchVisCharacter
LogPluginManager: Mounting plugin AssetTags
LogPluginManager: Mounting plugin AudioCapture
LogPluginManager: Mounting plugin AudioSynesthesia
LogPluginManager: Mounting plugin CableComponent
LogPluginManager: Mounting plugin ChunkDownloader
LogPluginManager: Mounting plugin CustomMeshComponent
LogPluginManager: Mounting plugin EditableMesh
LogPluginManager: Mounting plugin ExampleDeviceProfileSelector
LogPluginManager: Mounting plugin ScreenshotTools
LogPluginManager: Mounting plugin GoogleCloudMessaging
LogPluginManager: Mounting plugin GooglePAD
LogPluginManager: Mounting plugin IOSDeviceProfileSelector
LogPluginManager: Mounting plugin LinuxDeviceProfileSelector
LogPluginManager: Mounting plugin LocationServicesBPLibrary
LogPluginManager: Mounting plugin MobilePatchingUtils
LogPluginManager: Mounting plugin OpenXR
LogPluginManager: Mounting plugin OpenXREyeTracker
LogPluginManager: Mounting plugin Takes
LogPluginManager: Mounting plugin OpenXRHandTracking
LogPluginManager: Mounting plugin PhysXVehicles
LogPluginManager: Mounting plugin PostSplashScreen
LogPluginManager: Mounting plugin ProceduralMeshComponent
LogPluginManager: Mounting plugin PropertyAccessEditor
LogPluginManager: Mounting plugin SignificanceManager
LogPluginManager: Mounting plugin SoundFields
LogPluginManager: Mounting plugin Synthesis
LogPluginManager: Mounting plugin RuntimePhysXCooking
LogPluginManager: Mounting plugin WebMMoviePlayer
LogPluginManager: Mounting plugin WindowsMoviePlayer
LogPluginManager: Mounting plugin OodleNetwork
LogPluginManager: Mounting plugin ContentBrowserAssetDataSource
LogPluginManager: Mounting plugin ContentBrowserClassDataSource
LogPluginManager: Mounting plugin ContentBrowserFileDataSource
LogPluginManager: Mounting plugin OnlineSubsystemIOS
LogPluginManager: Mounting plugin OnlineSubsystemGooglePlay
LogPluginManager: Mounting plugin OculusVR
LogPluginManager: Mounting plugin SteamVR
PixWinPlugin: PIX capture plugin failed to initialize! Check that the process is launched from PIX.
LogInit: Using libcurl 7.55.1-DEV
LogInit:  - built for x86_64-pc-win32
LogInit:  - supports SSL with OpenSSL/1.1.1
LogInit:  - supports HTTP deflate (compression) using libz 1.2.8
LogInit:  - other features:
LogInit:      CURL_VERSION_SSL
LogInit:      CURL_VERSION_LIBZ
LogInit:      CURL_VERSION_IPV6
LogInit:      CURL_VERSION_ASYNCHDNS
LogInit:      CURL_VERSION_LARGEFILE
LogInit:      CURL_VERSION_IDN
LogInit:  CurlRequestOptions (configurable via config and command line):
LogInit:  - bVerifyPeer = true  - Libcurl will verify peer certificate
LogInit:  - bUseHttpProxy = false  - Libcurl will NOT use HTTP proxy
LogInit:  - bDontReuseConnections = false  - Libcurl will reuse connections
LogInit:  - MaxHostConnections = 16  - Libcurl will limit the number of connections to a host
LogInit:  - LocalHostAddr = Default
LogInit:  - BufferSize = 65536
LogOnline: OSS: Creating online subsystem instance for: NULL
LogInit: WinSock: version 1.1 (2.2), MaxSocks=32767, MaxUdp=65467
LogOnline: OSS: TryLoadSubsystemAndSetDefault: Loaded subsystem for module [NULL]
LogOculusPluginWrapper: OculusPlugin initialized successfully
LogHMD: Failed initializing OVRPlugin 1.59.0
LogInit: Build: ++UE4+Release-4.27-CL-18319896
LogInit: Engine Version: 4.27.2-18319896+++UE4+Release-4.27
LogInit: Compatible Engine Version: 4.27.0-17155196+++UE4+Release-4.27
LogInit: Net CL: 17155196
LogInit: OS: Windows 10 (Release 2009) (), CPU: 11th Gen Intel(R) Core(TM) i5-1135G7 @ 2.40GHz, GPU: Intel(R) Iris(R) Xe Graphics
LogInit: Compiled (64-bit): Nov 30 2021 07:12:08
LogInit: Compiled with Visual C++: 19.24.28315.00
LogInit: Build Configuration: Development
LogInit: Branch Name: ++UE4+Release-4.27
LogInit: Command Line: 
LogInit: Base Directory: C:/Program Files/Epic Games/UE_4.27/Engine/Binaries/Win64/
LogInit: Allocator: TBB
LogInit: Installed Engine Build: 1
LogDevObjectVersion: Number of dev versions registered: 29
LogDevObjectVersion:   Dev-Blueprints (B0D832E4-1F89-4F0D-ACCF-7EB736FD4AA2): 10
LogDevObjectVersion:   Dev-Build (E1C64328-A22C-4D53-A36C-8E866417BD8C): 0
LogDevObjectVersion:   Dev-Core (375EC13C-06E4-48FB-B500-84F0262A717E): 4
LogDevObjectVersion:   Dev-Editor (E4B068ED-F494-42E9-A231-DA0B2E46BB41): 40
LogDevObjectVersion:   Dev-Framework (CFFC743F-43B0-4480-9391-14DF171D2073): 37
LogDevObjectVersion:   Dev-Mobile (B02B49B5-BB20-44E9-A304-32B752E40360): 3
LogDevObjectVersion:   Dev-Networking (A4E4105C-59A1-49B5-A7C5-40C4547EDFEE): 0
LogDevObjectVersion:   Dev-Online (39C831C9-5AE6-47DC-9A44-9C173E1C8E7C): 0
LogDevObjectVersion:   Dev-Physics (78F01B33-EBEA-4F98-B9B4-84EACCB95AA2): 14
LogDevObjectVersion:   Dev-Platform (6631380F-2D4D-43E0-8009-CF276956A95A): 0
LogDevObjectVersion:   Dev-Rendering (12F88B9F-8875-4AFC-A67C-D90C383ABD29): 45
LogDevObjectVersion:   Dev-Sequencer (7B5AE74C-D270-4C10-A958-57980B212A5A): 13
LogDevObjectVersion:   Dev-VR (D7296918-1DD6-4BDD-9DE2-64A83CC13884): 3
LogDevObjectVersion:   Dev-LoadTimes (C2A15278-BFE7-4AFE-6C17-90FF531DF755): 1
LogDevObjectVersion:   Private-Geometry (6EACA3D4-40EC-4CC1-B786-8BED09428FC5): 3
LogDevObjectVersion:   Dev-AnimPhys (29E575DD-E0A3-4627-9D10-D276232CDCEA): 17
LogDevObjectVersion:   Dev-Anim (AF43A65D-7FD3-4947-9873-3E8ED9C1BB05): 15
LogDevObjectVersion:   Dev-ReflectionCapture (6B266CEC-1EC7-4B8F-A30B-E4D90942FC07): 1
LogDevObjectVersion:   Dev-Automation (0DF73D61-A23F-47EA-B727-89E90C41499A): 1
LogDevObjectVersion:   FortniteMain (601D1886-AC64-4F84-AA16-D3DE0DEAC7D6): 47
LogDevObjectVersion:   FortniteRelease (E7086368-6B23-4C58-8439-1B7016265E91): 1
LogDevObjectVersion:   Dev-Enterprise (9DFFBCD6-494F-0158-E221-12823C92A888): 10
LogDevObjectVersion:   Dev-Niagara (F2AED0AC-9AFE-416F-8664-AA7FFA26D6FC): 1
LogDevObjectVersion:   Dev-Destruction (174F1F0B-B4C6-45A5-B13F-2EE8D0FB917D): 10
LogDevObjectVersion:   Dev-Physics-Ext (35F94A83-E258-406C-A318-09F59610247C): 41
LogDevObjectVersion:   Dev-PhysicsMaterial-Chaos (B68FC16E-8B1B-42E2-B453-215C058844FE): 1
LogDevObjectVersion:   Dev-CineCamera (B2E18506-4273-CFC2-A54E-F4BB758BBA07): 1
LogDevObjectVersion:   Dev-VirtualProduction (64F58936-FD1B-42BA-BA96-7289D5D0FA4E): 1
LogDevObjectVersion:   Dev-MediaFramework (6F0ED827-A609-4895-9C91-998D90180EA4): 2
LogInit: Presizing for max 25165824 objects, including 0 objects not considered by GC, pre-allocating 0 bytes for permanent pool.
LogConfig: Applying CVar settings from Section [/Script/Engine.StreamingSettings] File [C:/Users/marti/Documents/GitHub/302_Final/Final_302/Saved/Config/Windows/Engine.ini]
LogConfig: Setting CVar [[s.MinBulkDataSizeForAsyncLoading:131072]]
LogConfig: Setting CVar [[s.AsyncLoadingThreadEnabled:0]]
LogConfig: Setting CVar [[s.EventDrivenLoaderEnabled:1]]
LogConfig: Setting CVar [[s.WarnIfTimeLimitExceeded:0]]
LogConfig: Setting CVar [[s.TimeLimitExceededMultiplier:1.5]]
LogConfig: Setting CVar [[s.TimeLimitExceededMinTime:0.005]]
LogConfig: Setting CVar [[s.UseBackgroundLevelStreaming:1]]
LogConfig: Setting CVar [[s.PriorityAsyncLoadingExtraTime:15.0]]
LogConfig: Setting CVar [[s.LevelStreamingActorsUpdateTimeLimit:5.0]]
LogConfig: Setting CVar [[s.PriorityLevelStreamingActorsUpdateExtraTime:5.0]]
LogConfig: Setting CVar [[s.LevelStreamingComponentsRegistrationGranularity:10]]
LogConfig: Setting CVar [[s.UnregisterComponentsTimeLimit:1.0]]
LogConfig: Setting CVar [[s.LevelStreamingComponentsUnregistrationGranularity:5]]
LogConfig: Setting CVar [[s.FlushStreamingOnExit:1]]
LogInit: Object subsystem initialized
LogConfig: Setting CVar [[con.DebugEarlyDefault:1]]
LogConfig: Setting CVar [[r.setres:1280x720]]
[2022.01.15-22.45.47:202][  0]LogConfig: Setting CVar [[r.VSync:0]]
[2022.01.15-22.45.47:202][  0]LogConfig: Setting CVar [[r.RHICmdBypass:0]]
[2022.01.15-22.45.47:202][  0]LogConfig: Applying CVar settings from Section [/Script/Engine.RendererSettings] File [C:/Users/marti/Documents/GitHub/302_Final/Final_302/Saved/Config/Windows/Engine.ini]
[2022.01.15-22.45.47:202][  0]LogConfig: Setting CVar [[r.GPUCrashDebugging:0]]
[2022.01.15-22.45.47:202][  0]LogConfig: Applying CVar settings from Section [/Script/Engine.RendererOverrideSettings] File [C:/Users/marti/Documents/GitHub/302_Final/Final_302/Saved/Config/Windows/Engine.ini]
[2022.01.15-22.45.47:202][  0]LogConfig: Applying CVar settings from Section [/Script/Engine.StreamingSettings] File [C:/Users/marti/Documents/GitHub/302_Final/Final_302/Saved/Config/Windows/Engine.ini]
[2022.01.15-22.45.47:203][  0]LogConfig: Setting CVar [[s.MinBulkDataSizeForAsyncLoading:131072]]
[2022.01.15-22.45.47:203][  0]LogConfig: Setting CVar [[s.AsyncLoadingThreadEnabled:0]]
[2022.01.15-22.45.47:203][  0]LogConfig: Setting CVar [[s.EventDrivenLoaderEnabled:1]]
[2022.01.15-22.45.47:203][  0]LogConfig: Setting CVar [[s.WarnIfTimeLimitExceeded:0]]
[2022.01.15-22.45.47:203][  0]LogConfig: Setting CVar [[s.TimeLimitExceededMultiplier:1.5]]
[2022.01.15-22.45.47:203][  0]LogConfig: Setting CVar [[s.TimeLimitExceededMinTime:0.005]]
[2022.01.15-22.45.47:203][  0]LogConfig: Setting CVar [[s.UseBackgroundLevelStreaming:1]]
[2022.01.15-22.45.47:203][  0]LogConfig: Setting CVar [[s.PriorityAsyncLoadingExtraTime:15.0]]
[2022.01.15-22.45.47:203][  0]LogConfig: Setting CVar [[s.LevelStreamingActorsUpdateTimeLimit:5.0]]
[2022.01.15-22.45.47:203][  0]LogConfig: Setting CVar [[s.PriorityLevelStreamingActorsUpdateExtraTime:5.0]]
[2022.01.15-22.45.47:203][  0]LogConfig: Setting CVar [[s.LevelStreamingComponentsRegistrationGranularity:10]]
[2022.01.15-22.45.47:203][  0]LogConfig: Setting CVar [[s.UnregisterComponentsTimeLimit:1.0]]
[2022.01.15-22.45.47:203][  0]LogConfig: Setting CVar [[s.LevelStreamingComponentsUnregistrationGranularity:5]]
[2022.01.15-22.45.47:203][  0]LogConfig: Setting CVar [[s.FlushStreamingOnExit:1]]
[2022.01.15-22.45.47:203][  0]LogConfig: Applying CVar settings from Section [/Script/Engine.GarbageCollectionSettings] File [C:/Users/marti/Documents/GitHub/302_Final/Final_302/Saved/Config/Windows/Engine.ini]
[2022.01.15-22.45.47:203][  0]LogConfig: Setting CVar [[gc.MaxObjectsNotConsideredByGC:1]]
[2022.01.15-22.45.47:203][  0]LogConfig: Setting CVar [[gc.SizeOfPermanentObjectPool:0]]
[2022.01.15-22.45.47:203][  0]LogConfig: Setting CVar [[gc.FlushStreamingOnGC:0]]
[2022.01.15-22.45.47:203][  0]LogConfig: Setting CVar [[gc.NumRetriesBeforeForcingGC:10]]
[2022.01.15-22.45.47:203][  0]LogConfig: Setting CVar [[gc.AllowParallelGC:1]]
[2022.01.15-22.45.47:203][  0]LogConfig: Setting CVar [[gc.TimeBetweenPurgingPendingKillObjects:61.1]]
[2022.01.15-22.45.47:203][  0]LogConfig: Setting CVar [[gc.MaxObjectsInEditor:25165824]]
[2022.01.15-22.45.47:203][  0]LogConfig: Setting CVar [[gc.IncrementalBeginDestroyEnabled:1]]
[2022.01.15-22.45.47:203][  0]LogConfig: Setting CVar [[gc.CreateGCClusters:1]]
[2022.01.15-22.45.47:203][  0]LogConfig: Setting CVar [[gc.MinGCClusterSize:5]]
[2022.01.15-22.45.47:203][  0]LogConfig: Setting CVar [[gc.ActorClusteringEnabled:0]]
[2022.01.15-22.45.47:203][  0]LogConfig: Setting CVar [[gc.BlueprintClusteringEnabled:0]]
[2022.01.15-22.45.47:203][  0]LogConfig: Setting CVar [[gc.UseDisregardForGCOnDedicatedServers:0]]
[2022.01.15-22.45.47:203][  0]LogConfig: Setting CVar [[gc.MultithreadedDestructionEnabled:1]]
[2022.01.15-22.45.47:203][  0]LogConfig: Applying CVar settings from Section [/Script/Engine.NetworkSettings] File [C:/Users/marti/Documents/GitHub/302_Final/Final_302/Saved/Config/Windows/Engine.ini]
[2022.01.15-22.45.47:203][  0]LogConfig: Applying CVar settings from Section [/Script/UnrealEd.CookerSettings] File [C:/Users/marti/Documents/GitHub/302_Final/Final_302/Saved/Config/Windows/Engine.ini]
[2022.01.15-22.45.47:208][  0]LogConfig: Applying CVar settings from Section [ViewDistanceQuality@3] File [C:/Users/marti/Documents/GitHub/302_Final/Final_302/Saved/Config/Windows/Scalability.ini]
[2022.01.15-22.45.47:208][  0]LogConfig: Setting CVar [[r.SkeletalMeshLODBias:0]]
[2022.01.15-22.45.47:208][  0]LogConfig: Setting CVar [[r.ViewDistanceScale:1.0]]
[2022.01.15-22.45.47:208][  0]LogConfig: Applying CVar settings from Section [AntiAliasingQuality@3] File [C:/Users/marti/Documents/GitHub/302_Final/Final_302/Saved/Config/Windows/Scalability.ini]
[2022.01.15-22.45.47:208][  0]LogConfig: Setting CVar [[r.PostProcessAAQuality:4]]
[2022.01.15-22.45.47:208][  0]LogConfig: Applying CVar settings from Section [ShadowQuality@3] File [C:/Users/marti/Documents/GitHub/302_Final/Final_302/Saved/Config/Windows/Scalability.ini]
[2022.01.15-22.45.47:208][  0]LogConfig: Setting CVar [[r.LightFunctionQuality:1]]
[2022.01.15-22.45.47:208][  0]LogConfig: Setting CVar [[r.ShadowQuality:5]]
[2022.01.15-22.45.47:208][  0]LogConfig: Setting CVar [[r.Shadow.CSM.MaxCascades:10]]
[2022.01.15-22.45.47:208][  0]LogConfig: Setting CVar [[r.Shadow.MaxResolution:2048]]
[2022.01.15-22.45.47:208][  0]LogConfig: Setting CVar [[r.Shadow.MaxCSMResolution:2048]]
[2022.01.15-22.45.47:208][  0]LogConfig: Setting CVar [[r.Shadow.RadiusThreshold:0.01]]
[2022.01.15-22.45.47:208][  0]LogConfig: Setting CVar [[r.Shadow.DistanceScale:1.0]]
[2022.01.15-22.45.47:208][  0]LogConfig: Setting CVar [[r.Shadow.CSM.TransitionScale:1.0]]
[2022.01.15-22.45.47:208][  0]LogConfig: Setting CVar [[r.Shadow.PreShadowResolutionFactor:1.0]]
[2022.01.15-22.45.47:208][  0]LogConfig: Setting CVar [[r.DistanceFieldShadowing:1]]
[2022.01.15-22.45.47:208][  0]LogConfig: Setting CVar [[r.DistanceFieldAO:1]]
[2022.01.15-22.45.47:208][  0]LogConfig: Setting CVar [[r.AOQuality:2]]
[2022.01.15-22.45.47:208][  0]LogConfig: Setting CVar [[r.VolumetricFog:1]]
[2022.01.15-22.45.47:208][  0]LogConfig: Setting CVar [[r.VolumetricFog.GridPixelSize:8]]
[2022.01.15-22.45.47:208][  0]LogConfig: Setting CVar [[r.VolumetricFog.GridSizeZ:128]]
[2022.01.15-22.45.47:208][  0]LogConfig: Setting CVar [[r.VolumetricFog.HistoryMissSupersampleCount:4]]
[2022.01.15-22.45.47:208][  0]LogConfig: Setting CVar [[r.LightMaxDrawDistanceScale:1]]
[2022.01.15-22.45.47:208][  0]LogConfig: Setting CVar [[r.CapsuleShadows:1]]
[2022.01.15-22.45.47:208][  0]LogConfig: Applying CVar settings from Section [PostProcessQuality@3] File [C:/Users/marti/Documents/GitHub/302_Final/Final_302/Saved/Config/Windows/Scalability.ini]
[2022.01.15-22.45.47:208][  0]LogConfig: Setting CVar [[r.MotionBlurQuality:4]]
[2022.01.15-22.45.47:208][  0]LogConfig: Setting CVar [[r.AmbientOcclusionMipLevelFactor:0.4]]
[2022.01.15-22.45.47:208][  0]LogConfig: Setting CVar [[r.AmbientOcclusionMaxQuality:100]]
[2022.01.15-22.45.47:208][  0]LogConfig: Setting CVar [[r.AmbientOcclusionLevels:-1]]
[2022.01.15-22.45.47:208][  0]LogConfig: Setting CVar [[r.AmbientOcclusionRadiusScale:1.0]]
[2022.01.15-22.45.47:208][  0]LogConfig: Setting CVar [[r.DepthOfFieldQuality:2]]
[2022.01.15-22.45.47:208][  0]LogConfig: Setting CVar [[r.RenderTargetPoolMin:400]]
[2022.01.15-22.45.47:208][  0]LogConfig: Setting CVar [[r.LensFlareQuality:2]]
[2022.01.15-22.45.47:208][  0]LogConfig: Setting CVar [[r.SceneColorFringeQuality:1]]
[2022.01.15-22.45.47:208][  0]LogConfig: Setting CVar [[r.EyeAdaptationQuality:2]]
[2022.01.15-22.45.47:208][  0]LogConfig: Setting CVar [[r.BloomQuality:5]]
[2022.01.15-22.45.47:208][  0]LogConfig: Setting CVar [[r.FastBlurThreshold:100]]
[2022.01.15-22.45.47:208][  0]LogConfig: Setting CVar [[r.Upscale.Quality:3]]
[2022.01.15-22.45.47:208][  0]LogConfig: Setting CVar [[r.Tonemapper.GrainQuantization:1]]
[2022.01.15-22.45.47:208][  0]LogConfig: Setting CVar [[r.LightShaftQuality:1]]
[2022.01.15-22.45.47:208][  0]LogConfig: Setting CVar [[r.Filter.SizeScale:1]]
[2022.01.15-22.45.47:208][  0]LogConfig: Setting CVar [[r.Tonemapper.Quality:5]]
[2022.01.15-22.45.47:208][  0]LogConfig: Setting CVar [[r.DOF.Gather.AccumulatorQuality:1        ; higher gathering accumulator quality]]
[2022.01.15-22.45.47:208][  0]LogConfig: Setting CVar [[r.DOF.Gather.PostfilterMethod:1          ; Median3x3 postfilering method]]
[2022.01.15-22.45.47:208][  0]LogConfig: Setting CVar [[r.DOF.Gather.EnableBokehSettings:0       ; no bokeh simulation when gathering]]
[2022.01.15-22.45.47:208][  0]LogConfig: Setting CVar [[r.DOF.Gather.RingCount:4                 ; medium number of samples when gathering]]
[2022.01.15-22.45.47:208][  0]LogConfig: Setting CVar [[r.DOF.Scatter.ForegroundCompositing:1    ; additive foreground scattering]]
[2022.01.15-22.45.47:208][  0]LogConfig: Setting CVar [[r.DOF.Scatter.BackgroundCompositing:2    ; additive background scattering]]
[2022.01.15-22.45.47:208][  0]LogConfig: Setting CVar [[r.DOF.Scatter.EnableBokehSettings:1      ; bokeh simulation when scattering]]
[2022.01.15-22.45.47:208][  0]LogConfig: Setting CVar [[r.DOF.Scatter.MaxSpriteRatio:0.1         ; only a maximum of 10% of scattered bokeh]]
[2022.01.15-22.45.47:208][  0]LogConfig: Setting CVar [[r.DOF.Recombine.Quality:1                ; cheap slight out of focus]]
[2022.01.15-22.45.47:208][  0]LogConfig: Setting CVar [[r.DOF.Recombine.EnableBokehSettings:0    ; no bokeh simulation on slight out of focus]]
[2022.01.15-22.45.47:208][  0]LogConfig: Setting CVar [[r.DOF.TemporalAAQuality:1                ; more stable temporal accumulation]]
[2022.01.15-22.45.47:208][  0]LogConfig: Setting CVar [[r.DOF.Kernel.MaxForegroundRadius:0.025]]
[2022.01.15-22.45.47:208][  0]LogConfig: Setting CVar [[r.DOF.Kernel.MaxBackgroundRadius:0.025]]
[2022.01.15-22.45.47:208][  0]LogConfig: Applying CVar settings from Section [TextureQuality@3] File [C:/Users/marti/Documents/GitHub/302_Final/Final_302/Saved/Config/Windows/Scalability.ini]
[2022.01.15-22.45.47:208][  0]LogConfig: Setting CVar [[r.Streaming.MipBias:0]]
[2022.01.15-22.45.47:208][  0]LogConfig: Setting CVar [[r.Streaming.AmortizeCPUToGPUCopy:0]]
[2022.01.15-22.45.47:208][  0]LogConfig: Setting CVar [[r.Streaming.MaxNumTexturesToStreamPerFrame:0]]
[2022.01.15-22.45.47:208][  0]LogConfig: Setting CVar [[r.Streaming.Boost:1]]
[2022.01.15-22.45.47:208][  0]LogConfig: Setting CVar [[r.MaxAnisotropy:8]]
[2022.01.15-22.45.47:208][  0]LogConfig: Setting CVar [[r.VT.MaxAnisotropy:8]]
[2022.01.15-22.45.47:208][  0]LogConfig: Setting CVar [[r.Streaming.LimitPoolSizeToVRAM:0]]
[2022.01.15-22.45.47:208][  0]LogConfig: Setting CVar [[r.Streaming.PoolSize:1000]]
[2022.01.15-22.45.47:208][  0]LogConfig: Setting CVar [[r.Streaming.MaxEffectiveScreenSize:0]]
[2022.01.15-22.45.47:208][  0]LogConfig: Applying CVar settings from Section [EffectsQuality@3] File [C:/Users/marti/Documents/GitHub/302_Final/Final_302/Saved/Config/Windows/Scalability.ini]
[2022.01.15-22.45.47:208][  0]LogConfig: Setting CVar [[r.TranslucencyLightingVolumeDim:64]]
[2022.01.15-22.45.47:208][  0]LogConfig: Setting CVar [[r.RefractionQuality:2]]
[2022.01.15-22.45.47:208][  0]LogConfig: Setting CVar [[r.SSR.Quality:3]]
[2022.01.15-22.45.47:208][  0]LogConfig: Setting CVar [[r.SSR.HalfResSceneColor:0]]
[2022.01.15-22.45.47:208][  0]LogConfig: Setting CVar [[r.SceneColorFormat:4]]
[2022.01.15-22.45.47:208][  0]LogConfig: Setting CVar [[r.DetailMode:2]]
[2022.01.15-22.45.47:208][  0]LogConfig: Setting CVar [[r.TranslucencyVolumeBlur:1]]
[2022.01.15-22.45.47:208][  0]LogConfig: Setting CVar [[r.MaterialQualityLevel:1 ; High quality]]
[2022.01.15-22.45.47:208][  0]LogConfig: Setting CVar [[r.AnisotropicMaterials:1]]
[2022.01.15-22.45.47:208][  0]LogConfig: Setting CVar [[r.SSS.Scale:1]]
[2022.01.15-22.45.47:208][  0]LogConfig: Setting CVar [[r.SSS.SampleSet:2]]
[2022.01.15-22.45.47:208][  0]LogConfig: Setting CVar [[r.SSS.Quality:1]]
[2022.01.15-22.45.47:209][  0]LogConfig: Setting CVar [[r.SSS.HalfRes:0]]
[2022.01.15-22.45.47:209][  0]LogConfig: Setting CVar [[r.SSGI.Quality:3]]
[2022.01.15-22.45.47:209][  0]LogConfig: Setting CVar [[r.EmitterSpawnRateScale:1.0]]
[2022.01.15-22.45.47:209][  0]LogConfig: Setting CVar [[r.ParticleLightQuality:2]]
[2022.01.15-22.45.47:209][  0]LogConfig: Setting CVar [[r.SkyAtmosphere.AerialPerspectiveLUT.FastApplyOnOpaque:1 ; Always have FastSkyLUT 1 in this case to avoid wrong sky]]
[2022.01.15-22.45.47:209][  0]LogConfig: Setting CVar [[r.SkyAtmosphere.AerialPerspectiveLUT.SampleCountMaxPerSlice:4]]
[2022.01.15-22.45.47:209][  0]LogConfig: Setting CVar [[r.SkyAtmosphere.AerialPerspectiveLUT.DepthResolution:16.0]]
[2022.01.15-22.45.47:209][  0]LogConfig: Setting CVar [[r.SkyAtmosphere.FastSkyLUT:1]]
[2022.01.15-22.45.47:209][  0]LogConfig: Setting CVar [[r.SkyAtmosphere.FastSkyLUT.SampleCountMin:4.0]]
[2022.01.15-22.45.47:209][  0]LogConfig: Setting CVar [[r.SkyAtmosphere.FastSkyLUT.SampleCountMax:128.0]]
[2022.01.15-22.45.47:209][  0]LogConfig: Setting CVar [[r.SkyAtmosphere.SampleCountMin:4.0]]
[2022.01.15-22.45.47:209][  0]LogConfig: Setting CVar [[r.SkyAtmosphere.SampleCountMax:128.0]]
[2022.01.15-22.45.47:209][  0]LogConfig: Setting CVar [[r.SkyAtmosphere.TransmittanceLUT.UseSmallFormat:0]]
[2022.01.15-22.45.47:209][  0]LogConfig: Setting CVar [[r.SkyAtmosphere.TransmittanceLUT.SampleCount:10.0]]
[2022.01.15-22.45.47:209][  0]LogConfig: Setting CVar [[r.SkyAtmosphere.MultiScatteringLUT.SampleCount:15.0]]
[2022.01.15-22.45.47:209][  0]LogConfig: Setting CVar [[r.SkyLight.RealTimeReflectionCapture:1]]
[2022.01.15-22.45.47:209][  0]LogConfig: Applying CVar settings from Section [FoliageQuality@3] File [C:/Users/marti/Documents/GitHub/302_Final/Final_302/Saved/Config/Windows/Scalability.ini]
[2022.01.15-22.45.47:209][  0]LogConfig: Setting CVar [[foliage.DensityScale:1.0]]
[2022.01.15-22.45.47:209][  0]LogConfig: Setting CVar [[grass.DensityScale:1.0]]
[2022.01.15-22.45.47:209][  0]LogConfig: Applying CVar settings from Section [ShadingQuality@3] File [C:/Users/marti/Documents/GitHub/302_Final/Final_302/Saved/Config/Windows/Scalability.ini]
[2022.01.15-22.45.47:209][  0]LogConfig: Setting CVar [[r.HairStrands.SkyLighting.IntegrationType:2]]
[2022.01.15-22.45.47:209][  0]LogConfig: Setting CVar [[r.HairStrands.SkyAO.SampleCount:4]]
[2022.01.15-22.45.47:209][  0]LogConfig: Setting CVar [[r.HairStrands.Visibility.MSAA.SamplePerPixel:4]]
[2022.01.15-22.45.47:209][  0]LogInit: Selected Device Profile: [Windows]
[2022.01.15-22.45.47:209][  0]LogInit: Applying CVar settings loaded from the selected device profile: [Windows]
[2022.01.15-22.45.47:209][  0]LogHAL: Display: Platform has ~ 8 GB [8211980288 / 8589934592 / 8], which maps to Default [LargestMinGB=32, LargerMinGB=12, DefaultMinGB=8, SmallerMinGB=6, SmallestMinGB=0)
[2022.01.15-22.45.47:209][  0]LogInit: Going up to parent DeviceProfile []
[2022.01.15-22.45.47:209][  0]LogConfig: Applying CVar settings from Section [ViewDistanceQuality@3] File [C:/Users/marti/Documents/GitHub/302_Final/Final_302/Saved/Config/Windows/Scalability.ini]
[2022.01.15-22.45.47:209][  0]LogConfig: Setting CVar [[r.SkeletalMeshLODBias:0]]
[2022.01.15-22.45.47:209][  0]LogConfig: Setting CVar [[r.ViewDistanceScale:1.0]]
[2022.01.15-22.45.47:209][  0]LogConfig: Applying CVar settings from Section [AntiAliasingQuality@3] File [C:/Users/marti/Documents/GitHub/302_Final/Final_302/Saved/Config/Windows/Scalability.ini]
[2022.01.15-22.45.47:209][  0]LogConfig: Setting CVar [[r.PostProcessAAQuality:4]]
[2022.01.15-22.45.47:209][  0]LogConfig: Applying CVar settings from Section [ShadowQuality@3] File [C:/Users/marti/Documents/GitHub/302_Final/Final_302/Saved/Config/Windows/Scalability.ini]
[2022.01.15-22.45.47:209][  0]LogConfig: Setting CVar [[r.LightFunctionQuality:1]]
[2022.01.15-22.45.47:209][  0]LogConfig: Setting CVar [[r.ShadowQuality:5]]
[2022.01.15-22.45.47:209][  0]LogConfig: Setting CVar [[r.Shadow.CSM.MaxCascades:10]]
[2022.01.15-22.45.47:209][  0]LogConfig: Setting CVar [[r.Shadow.MaxResolution:2048]]
[2022.01.15-22.45.47:209][  0]LogConfig: Setting CVar [[r.Shadow.MaxCSMResolution:2048]]
[2022.01.15-22.45.47:209][  0]LogConfig: Setting CVar [[r.Shadow.RadiusThreshold:0.01]]
[2022.01.15-22.45.47:209][  0]LogConfig: Setting CVar [[r.Shadow.DistanceScale:1.0]]
[2022.01.15-22.45.47:209][  0]LogConfig: Setting CVar [[r.Shadow.CSM.TransitionScale:1.0]]
[2022.01.15-22.45.47:209][  0]LogConfig: Setting CVar [[r.Shadow.PreShadowResolutionFactor:1.0]]
[2022.01.15-22.45.47:209][  0]LogConfig: Setting CVar [[r.DistanceFieldShadowing:1]]
[2022.01.15-22.45.47:209][  0]LogConfig: Setting CVar [[r.DistanceFieldAO:1]]
[2022.01.15-22.45.47:209][  0]LogConfig: Setting CVar [[r.AOQuality:2]]
[2022.01.15-22.45.47:209][  0]LogConfig: Setting CVar [[r.VolumetricFog:1]]
[2022.01.15-22.45.47:209][  0]LogConfig: Setting CVar [[r.VolumetricFog.GridPixelSize:8]]
[2022.01.15-22.45.47:209][  0]LogConfig: Setting CVar [[r.VolumetricFog.GridSizeZ:128]]
[2022.01.15-22.45.47:209][  0]LogConfig: Setting CVar [[r.VolumetricFog.HistoryMissSupersampleCount:4]]
[2022.01.15-22.45.47:209][  0]LogConfig: Setting CVar [[r.LightMaxDrawDistanceScale:1]]
[2022.01.15-22.45.47:209][  0]LogConfig: Setting CVar [[r.CapsuleShadows:1]]
[2022.01.15-22.45.47:209][  0]LogConfig: Applying CVar settings from Section [PostProcessQuality@3] File [C:/Users/marti/Documents/GitHub/302_Final/Final_302/Saved/Config/Windows/Scalability.ini]
[2022.01.15-22.45.47:209][  0]LogConfig: Setting CVar [[r.MotionBlurQuality:4]]
[2022.01.15-22.45.47:209][  0]LogConfig: Setting CVar [[r.AmbientOcclusionMipLevelFactor:0.4]]
[2022.01.15-22.45.47:209][  0]LogConfig: Setting CVar [[r.AmbientOcclusionMaxQuality:100]]
[2022.01.15-22.45.47:209][  0]LogConfig: Setting CVar [[r.AmbientOcclusionLevels:-1]]
[2022.01.15-22.45.47:209][  0]LogConfig: Setting CVar [[r.AmbientOcclusionRadiusScale:1.0]]
[2022.01.15-22.45.47:209][  0]LogConfig: Setting CVar [[r.DepthOfFieldQuality:2]]
[2022.01.15-22.45.47:209][  0]LogConfig: Setting CVar [[r.RenderTargetPoolMin:400]]
[2022.01.15-22.45.47:209][  0]LogConfig: Setting CVar [[r.LensFlareQuality:2]]
[2022.01.15-22.45.47:209][  0]LogConfig: Setting CVar [[r.SceneColorFringeQuality:1]]
[2022.01.15-22.45.47:209][  0]LogConfig: Setting CVar [[r.EyeAdaptationQuality:2]]
[2022.01.15-22.45.47:209][  0]LogConfig: Setting CVar [[r.BloomQuality:5]]
[2022.01.15-22.45.47:209][  0]LogConfig: Setting CVar [[r.FastBlurThreshold:100]]
[2022.01.15-22.45.47:209][  0]LogConfig: Setting CVar [[r.Upscale.Quality:3]]
[2022.01.15-22.45.47:209][  0]LogConfig: Setting CVar [[r.Tonemapper.GrainQuantization:1]]
[2022.01.15-22.45.47:209][  0]LogConfig: Setting CVar [[r.LightShaftQuality:1]]
[2022.01.15-22.45.47:209][  0]LogConfig: Setting CVar [[r.Filter.SizeScale:1]]
[2022.01.15-22.45.47:209][  0]LogConfig: Setting CVar [[r.Tonemapper.Quality:5]]
[2022.01.15-22.45.47:209][  0]LogConfig: Setting CVar [[r.DOF.Gather.AccumulatorQuality:1        ; higher gathering accumulator quality]]
[2022.01.15-22.45.47:209][  0]LogConfig: Setting CVar [[r.DOF.Gather.PostfilterMethod:1          ; Median3x3 postfilering method]]
[2022.01.15-22.45.47:209][  0]LogConfig: Setting CVar [[r.DOF.Gather.EnableBokehSettings:0       ; no bokeh simulation when gathering]]
[2022.01.15-22.45.47:209][  0]LogConfig: Setting CVar [[r.DOF.Gather.RingCount:4                 ; medium number of samples when gathering]]
[2022.01.15-22.45.47:209][  0]LogConfig: Setting CVar [[r.DOF.Scatter.ForegroundCompositing:1    ; additive foreground scattering]]
[2022.01.15-22.45.47:209][  0]LogConfig: Setting CVar [[r.DOF.Scatter.BackgroundCompositing:2    ; additive background scattering]]
[2022.01.15-22.45.47:209][  0]LogConfig: Setting CVar [[r.DOF.Scatter.EnableBokehSettings:1      ; bokeh simulation when scattering]]
[2022.01.15-22.45.47:209][  0]LogConfig: Setting CVar [[r.DOF.Scatter.MaxSpriteRatio:0.1         ; only a maximum of 10% of scattered bokeh]]
[2022.01.15-22.45.47:209][  0]LogConfig: Setting CVar [[r.DOF.Recombine.Quality:1                ; cheap slight out of focus]]
[2022.01.15-22.45.47:209][  0]LogConfig: Setting CVar [[r.DOF.Recombine.EnableBokehSettings:0    ; no bokeh simulation on slight out of focus]]
[2022.01.15-22.45.47:209][  0]LogConfig: Setting CVar [[r.DOF.TemporalAAQuality:1                ; more stable temporal accumulation]]
[2022.01.15-22.45.47:209][  0]LogConfig: Setting CVar [[r.DOF.Kernel.MaxForegroundRadius:0.025]]
[2022.01.15-22.45.47:209][  0]LogConfig: Setting CVar [[r.DOF.Kernel.MaxBackgroundRadius:0.025]]
[2022.01.15-22.45.47:209][  0]LogConfig: Applying CVar settings from Section [TextureQuality@3] File [C:/Users/marti/Documents/GitHub/302_Final/Final_302/Saved/Config/Windows/Scalability.ini]
[2022.01.15-22.45.47:209][  0]LogConfig: Setting CVar [[r.Streaming.MipBias:0]]
[2022.01.15-22.45.47:209][  0]LogConfig: Setting CVar [[r.Streaming.AmortizeCPUToGPUCopy:0]]
[2022.01.15-22.45.47:209][  0]LogConfig: Setting CVar [[r.Streaming.MaxNumTexturesToStreamPerFrame:0]]
[2022.01.15-22.45.47:209][  0]LogConfig: Setting CVar [[r.Streaming.Boost:1]]
[2022.01.15-22.45.47:209][  0]LogConfig: Setting CVar [[r.MaxAnisotropy:8]]
[2022.01.15-22.45.47:209][  0]LogConfig: Setting CVar [[r.VT.MaxAnisotropy:8]]
[2022.01.15-22.45.47:209][  0]LogConfig: Setting CVar [[r.Streaming.LimitPoolSizeToVRAM:0]]
[2022.01.15-22.45.47:209][  0]LogConfig: Setting CVar [[r.Streaming.PoolSize:1000]]
[2022.01.15-22.45.47:209][  0]LogConfig: Setting CVar [[r.Streaming.MaxEffectiveScreenSize:0]]
[2022.01.15-22.45.47:209][  0]LogConfig: Applying CVar settings from Section [EffectsQuality@3] File [C:/Users/marti/Documents/GitHub/302_Final/Final_302/Saved/Config/Windows/Scalability.ini]
[2022.01.15-22.45.47:209][  0]LogConfig: Setting CVar [[r.TranslucencyLightingVolumeDim:64]]
[2022.01.15-22.45.47:209][  0]LogConfig: Setting CVar [[r.RefractionQuality:2]]
[2022.01.15-22.45.47:209][  0]LogConfig: Setting CVar [[r.SSR.Quality:3]]
[2022.01.15-22.45.47:209][  0]LogConfig: Setting CVar [[r.SSR.HalfResSceneColor:0]]
[2022.01.15-22.45.47:209][  0]LogConfig: Setting CVar [[r.SceneColorFormat:4]]
[2022.01.15-22.45.47:209][  0]LogConfig: Setting CVar [[r.DetailMode:2]]
[2022.01.15-22.45.47:209][  0]LogConfig: Setting CVar [[r.TranslucencyVolumeBlur:1]]
[2022.01.15-22.45.47:209][  0]LogConfig: Setting CVar [[r.MaterialQualityLevel:1 ; High quality]]
[2022.01.15-22.45.47:209][  0]LogConfig: Setting CVar [[r.AnisotropicMaterials:1]]
[2022.01.15-22.45.47:209][  0]LogConfig: Setting CVar [[r.SSS.Scale:1]]
[2022.01.15-22.45.47:209][  0]LogConfig: Setting CVar [[r.SSS.SampleSet:2]]
[2022.01.15-22.45.47:209][  0]LogConfig: Setting CVar [[r.SSS.Quality:1]]
[2022.01.15-22.45.47:209][  0]LogConfig: Setting CVar [[r.SSS.HalfRes:0]]
[2022.01.15-22.45.47:209][  0]LogConfig: Setting CVar [[r.SSGI.Quality:3]]
[2022.01.15-22.45.47:209][  0]LogConfig: Setting CVar [[r.EmitterSpawnRateScale:1.0]]
[2022.01.15-22.45.47:209][  0]LogConfig: Setting CVar [[r.ParticleLightQuality:2]]
[2022.01.15-22.45.47:209][  0]LogConfig: Setting CVar [[r.SkyAtmosphere.AerialPerspectiveLUT.FastApplyOnOpaque:1 ; Always have FastSkyLUT 1 in this case to avoid wrong sky]]
[2022.01.15-22.45.47:209][  0]LogConfig: Setting CVar [[r.SkyAtmosphere.AerialPerspectiveLUT.SampleCountMaxPerSlice:4]]
[2022.01.15-22.45.47:209][  0]LogConfig: Setting CVar [[r.SkyAtmosphere.AerialPerspectiveLUT.DepthResolution:16.0]]
[2022.01.15-22.45.47:209][  0]LogConfig: Setting CVar [[r.SkyAtmosphere.FastSkyLUT:1]]
[2022.01.15-22.45.47:210][  0]LogConfig: Setting CVar [[r.SkyAtmosphere.FastSkyLUT.SampleCountMin:4.0]]
[2022.01.15-22.45.47:210][  0]LogConfig: Setting CVar [[r.SkyAtmosphere.FastSkyLUT.SampleCountMax:128.0]]
[2022.01.15-22.45.47:210][  0]LogConfig: Setting CVar [[r.SkyAtmosphere.SampleCountMin:4.0]]
[2022.01.15-22.45.47:210][  0]LogConfig: Setting CVar [[r.SkyAtmosphere.SampleCountMax:128.0]]
[2022.01.15-22.45.47:210][  0]LogConfig: Setting CVar [[r.SkyAtmosphere.TransmittanceLUT.UseSmallFormat:0]]
[2022.01.15-22.45.47:210][  0]LogConfig: Setting CVar [[r.SkyAtmosphere.TransmittanceLUT.SampleCount:10.0]]
[2022.01.15-22.45.47:210][  0]LogConfig: Setting CVar [[r.SkyAtmosphere.MultiScatteringLUT.SampleCount:15.0]]
[2022.01.15-22.45.47:210][  0]LogConfig: Setting CVar [[r.SkyLight.RealTimeReflectionCapture:1]]
[2022.01.15-22.45.47:210][  0]LogConfig: Applying CVar settings from Section [FoliageQuality@3] File [C:/Users/marti/Documents/GitHub/302_Final/Final_302/Saved/Config/Windows/Scalability.ini]
[2022.01.15-22.45.47:210][  0]LogConfig: Setting CVar [[foliage.DensityScale:1.0]]
[2022.01.15-22.45.47:210][  0]LogConfig: Setting CVar [[grass.DensityScale:1.0]]
[2022.01.15-22.45.47:210][  0]LogConfig: Applying CVar settings from Section [ShadingQuality@3] File [C:/Users/marti/Documents/GitHub/302_Final/Final_302/Saved/Config/Windows/Scalability.ini]
[2022.01.15-22.45.47:210][  0]LogConfig: Setting CVar [[r.HairStrands.SkyLighting.IntegrationType:2]]
[2022.01.15-22.45.47:210][  0]LogConfig: Setting CVar [[r.HairStrands.SkyAO.SampleCount:4]]
[2022.01.15-22.45.47:210][  0]LogConfig: Setting CVar [[r.HairStrands.Visibility.MSAA.SamplePerPixel:4]]
[2022.01.15-22.45.47:210][  0]LogConfig: Applying CVar settings from Section [Startup] File [../../../Engine/Config/ConsoleVariables.ini]
[2022.01.15-22.45.47:210][  0]LogConfig: Setting CVar [[net.UseAdaptiveNetUpdateFrequency:0]]
[2022.01.15-22.45.47:210][  0]LogConfig: Setting CVar [[p.chaos.AllowCreatePhysxBodies:1]]
[2022.01.15-22.45.47:210][  0]LogConfig: Setting CVar [[fx.SkipVectorVMBackendOptimizations:1]]
[2022.01.15-22.45.47:210][  0]LogConfig: Applying CVar settings from Section [ConsoleVariables] File [C:/Users/marti/Documents/GitHub/302_Final/Final_302/Saved/Config/Windows/Engine.ini]
[2022.01.15-22.45.47:210][  0]LogConfig: Applying CVar settings from Section [ConsoleVariables] File [C:/Users/marti/Documents/GitHub/302_Final/Final_302/Saved/Config/Windows/Editor.ini]
[2022.01.15-22.45.47:210][  0]LogInit: Computer: DESKTOP-1OUMVJ5
[2022.01.15-22.45.47:210][  0]LogInit: User: marti
[2022.01.15-22.45.47:210][  0]LogInit: CPU Page size=4096, Cores=4
[2022.01.15-22.45.47:210][  0]LogInit: High frequency timer resolution =10.000000 MHz
[2022.01.15-22.45.47:210][  0]LogMemory: Memory total: Physical=7.6GB (8GB approx)
[2022.01.15-22.45.47:210][  0]LogMemory: Platform Memory Stats for Windows
[2022.01.15-22.45.47:210][  0]LogMemory: Process Physical Memory: 140.26 MB used, 140.27 MB peak
[2022.01.15-22.45.47:210][  0]LogMemory: Process Virtual Memory: 124.43 MB used, 124.43 MB peak
[2022.01.15-22.45.47:210][  0]LogMemory: Physical Memory: 5097.05 MB used,  2734.51 MB free, 7831.55 MB total
[2022.01.15-22.45.47:210][  0]LogMemory: Virtual Memory: 134215392.00 MB used,  2334.40 MB free, 134217728.00 MB total
[2022.01.15-22.45.47:216][  0]LogWindows: WindowsPlatformFeatures enabled
[2022.01.15-22.45.47:249][  0]LogInit: Physics initialised using underlying interface: PhysX
[2022.01.15-22.45.47:250][  0]LogInit: Using OS detected language (en-GB).
[2022.01.15-22.45.47:250][  0]LogInit: Using OS detected locale (en-GB).
[2022.01.15-22.45.47:259][  0]LogTextLocalizationManager: No specific localization for 'en-GB' exists, so the 'en' localization will be used.
[2022.01.15-22.45.47:540][  0]LogInit: Setting process to per monitor DPI aware
[2022.01.15-22.45.47:554][  0]LogWindowsTextInputMethodSystem: Display: IME system deactivated.
[2022.01.15-22.45.47:569][  0]LogSlate: New Slate User Created.  User Index 0, Is Virtual User: 0
[2022.01.15-22.45.47:570][  0]LogSlate: Slate User Registered.  User Index 0, Is Virtual User: 0
[2022.01.15-22.45.47:705][  0]LogD3D11RHI: Loaded GFSDK_Aftermath_Lib.x64.dll
[2022.01.15-22.45.47:708][  0]LogHMD: Failed to initialize OpenVR with code 110
[2022.01.15-22.45.47:708][  0]LogD3D11RHI: D3D11 min allowed feature level: 11_0
[2022.01.15-22.45.47:708][  0]LogD3D11RHI: D3D11 max allowed feature level: 11_0
[2022.01.15-22.45.47:708][  0]LogD3D11RHI: D3D11 adapters:
[2022.01.15-22.45.47:783][  0]LogD3D11RHI:    0. 'Intel(R) Iris(R) Xe Graphics' (Feature Level 11_0)
[2022.01.15-22.45.47:783][  0]LogD3D11RHI:       128/0/3915 MB DedicatedVideo/DedicatedSystem/SharedSystem, Outputs:1, VendorId:0x8086
[2022.01.15-22.45.47:786][  0]LogD3D11RHI:    1. 'Microsoft Basic Render Driver' (Feature Level 11_0)
[2022.01.15-22.45.47:786][  0]LogD3D11RHI:       0/0/3915 MB DedicatedVideo/DedicatedSystem/SharedSystem, Outputs:0, VendorId:0x1414
[2022.01.15-22.45.47:786][  0]LogD3D11RHI: Chosen D3D11 Adapter:
[2022.01.15-22.45.47:786][  0]LogD3D11RHI:     Description : Intel(R) Iris(R) Xe Graphics
[2022.01.15-22.45.47:786][  0]LogD3D11RHI:     VendorId    : 8086
[2022.01.15-22.45.47:786][  0]LogD3D11RHI:     DeviceId    : 9a49
[2022.01.15-22.45.47:786][  0]LogD3D11RHI:     SubSysId    : 87f6103c
[2022.01.15-22.45.47:786][  0]LogD3D11RHI:     Revision    : 0001
[2022.01.15-22.45.47:786][  0]LogD3D11RHI:     DedicatedVideoMemory : 134217728 bytes
[2022.01.15-22.45.47:786][  0]LogD3D11RHI:     DedicatedSystemMemory : 0 bytes
[2022.01.15-22.45.47:786][  0]LogD3D11RHI:     SharedSystemMemory : 4105990144 bytes
[2022.01.15-22.45.47:786][  0]LogD3D11RHI:     AdapterLuid : 0 10786539
[2022.01.15-22.45.47:791][  0]LogD3D11RHI: Creating new Direct3DDevice
[2022.01.15-22.45.47:791][  0]LogD3D11RHI:     GPU DeviceId: 0x9a49 (for the marketing name, search the web for "GPU Device Id")
[2022.01.15-22.45.47:791][  0]LogWindows: EnumDisplayDevices:
[2022.01.15-22.45.47:791][  0]LogWindows:    0. 'Intel(R) Iris(R) Xe Graphics' (P:1 D:1)
[2022.01.15-22.45.47:791][  0]LogWindows:    1. 'Intel(R) Iris(R) Xe Graphics' (P:0 D:0)
[2022.01.15-22.45.47:791][  0]LogWindows:    2. 'Intel(R) Iris(R) Xe Graphics' (P:0 D:0)
[2022.01.15-22.45.47:791][  0]LogWindows:    3. 'Intel(R) Iris(R) Xe Graphics' (P:0 D:0)
[2022.01.15-22.45.47:792][  0]LogWindows: DebugString: FoundDriverCount:4 
[2022.01.15-22.45.47:792][  0]LogD3D11RHI:     Adapter Name: Intel(R) Iris(R) Xe Graphics
[2022.01.15-22.45.47:792][  0]LogD3D11RHI:   Driver Version: 30.0.100.9864 (internal:30.0.100.9864, unified:30.0.100.9864)
[2022.01.15-22.45.47:792][  0]LogD3D11RHI:      Driver Date: 8-20-2021
[2022.01.15-22.45.47:792][  0]LogRHI: Texture pool is 1460 MB (70% of 2085 MB)
[2022.01.15-22.45.47:838][  0]LogD3D11RHI: Creating D3DDevice using adapter:
[2022.01.15-22.45.47:838][  0]LogD3D11RHI:     Description : Intel(R) Iris(R) Xe Graphics
[2022.01.15-22.45.47:838][  0]LogD3D11RHI:     VendorId    : 8086
[2022.01.15-22.45.47:838][  0]LogD3D11RHI:     DeviceId    : 9a49
[2022.01.15-22.45.47:838][  0]LogD3D11RHI:     SubSysId    : 87f6103c
[2022.01.15-22.45.47:838][  0]LogD3D11RHI:     Revision    : 0001
[2022.01.15-22.45.47:838][  0]LogD3D11RHI:     DedicatedVideoMemory : 134217728 bytes
[2022.01.15-22.45.47:838][  0]LogD3D11RHI:     DedicatedSystemMemory : 0 bytes
[2022.01.15-22.45.47:838][  0]LogD3D11RHI:     SharedSystemMemory : 4105990144 bytes
[2022.01.15-22.45.47:838][  0]LogD3D11RHI:     AdapterLuid : 0 10786539
[2022.01.15-22.45.47:894][  0]LogD3D11RHI: RHI does not have support for 64 bit atomics
[2022.01.15-22.45.47:902][  0]LogD3D11RHI: Intel Extensions support version Full=16777216, Major=1, Minor=0, Revision=0
[2022.01.15-22.45.47:902][  0]LogD3D11RHI: Intel Extensions support version Full=16777217, Major=1, Minor=0, Revision=1
[2022.01.15-22.45.47:902][  0]LogD3D11RHI: Intel Extensions Framework enabled
[2022.01.15-22.45.47:903][  0]LogD3D11RHI: [IntelMetricsDiscovery] Started
[2022.01.15-22.45.47:903][  0]LogD3D11RHI: Async texture creation enabled
[2022.01.15-22.45.47:903][  0]LogD3D11RHI: Array index from any shader is supported
[2022.01.15-22.45.47:939][  0]LogD3D11RHI: GPU Timing Frequency: 19.200000 (Debug: 2 0)
[2022.01.15-22.45.48:293][  0]LogTargetPlatformManager: Display: Loaded TargetPlatform 'AllDesktop'
[2022.01.15-22.45.48:316][  0]LogTargetPlatformManager: Display: Loaded TargetPlatform 'Android'
[2022.01.15-22.45.48:316][  0]LogTargetPlatformManager: Display: Loaded TargetPlatform 'Android_ASTC'
[2022.01.15-22.45.48:316][  0]LogTargetPlatformManager: Display: Loaded TargetPlatform 'Android_DXT'
[2022.01.15-22.45.48:316][  0]LogTargetPlatformManager: Display: Loaded TargetPlatform 'Android_ETC2'
[2022.01.15-22.45.48:316][  0]LogTargetPlatformManager: Display: Loaded TargetPlatform 'AndroidClient'
[2022.01.15-22.45.48:316][  0]LogTargetPlatformManager: Display: Loaded TargetPlatform 'Android_ASTCClient'
[2022.01.15-22.45.48:316][  0]LogTargetPlatformManager: Display: Loaded TargetPlatform 'Android_DXTClient'
[2022.01.15-22.45.48:316][  0]LogTargetPlatformManager: Display: Loaded TargetPlatform 'Android_ETC2Client'
[2022.01.15-22.45.48:316][  0]LogTargetPlatformManager: Display: Loaded TargetPlatform 'Android_Multi'
[2022.01.15-22.45.48:316][  0]LogTargetPlatformManager: Display: Loaded TargetPlatform 'Android_MultiClient'
[2022.01.15-22.45.48:336][  0]LogTargetPlatformManager: Display: Loaded TargetPlatform 'IOSClient'
[2022.01.15-22.45.48:336][  0]LogTargetPlatformManager: Display: Loaded TargetPlatform 'IOS'
[2022.01.15-22.45.48:345][  0]LogTargetPlatformManager: Display: Loaded TargetPlatform 'Linux'
[2022.01.15-22.45.48:350][  0]LogTargetPlatformManager: Display: Loaded TargetPlatform 'LinuxNoEditor'
[2022.01.15-22.45.48:354][  0]LogTargetPlatformManager: Display: Loaded TargetPlatform 'LinuxClient'
[2022.01.15-22.45.48:359][  0]LogTargetPlatformManager: Display: Loaded TargetPlatform 'LinuxServer'
[2022.01.15-22.45.48:368][  0]LogTargetPlatformManager: Display: Loaded TargetPlatform 'LinuxAArch64NoEditor'
[2022.01.15-22.45.48:372][  0]LogTargetPlatformManager: Display: Loaded TargetPlatform 'LinuxAArch64Client'
[2022.01.15-22.45.48:376][  0]LogTargetPlatformManager: Display: Loaded TargetPlatform 'LinuxAArch64Server'
[2022.01.15-22.45.48:399][  0]LogTargetPlatformManager: Display: Loaded TargetPlatform 'Lumin'
[2022.01.15-22.45.48:399][  0]LogTargetPlatformManager: Display: Loaded TargetPlatform 'LuminClient'
[2022.01.15-22.45.48:406][  0]LogTargetPlatformManager: Display: Loaded TargetPlatform 'MacNoEditor'
[2022.01.15-22.45.48:410][  0]LogTargetPlatformManager: Display: Loaded TargetPlatform 'Mac'
[2022.01.15-22.45.48:414][  0]LogTargetPlatformManager: Display: Loaded TargetPlatform 'MacClient'
[2022.01.15-22.45.48:418][  0]LogTargetPlatformManager: Display: Loaded TargetPlatform 'MacServer'
[2022.01.15-22.45.48:428][  0]LogTargetPlatformManager: Display: Loaded TargetPlatform 'TVOSClient'
[2022.01.15-22.45.48:428][  0]LogTargetPlatformManager: Display: Loaded TargetPlatform 'TVOS'
[2022.01.15-22.45.48:437][  0]LogTargetPlatformManager: Display: Loaded TargetPlatform 'WindowsNoEditor'
[2022.01.15-22.45.48:441][  0]LogTargetPlatformManager: Display: Loaded TargetPlatform 'Windows'
[2022.01.15-22.45.48:445][  0]LogTargetPlatformManager: Display: Loaded TargetPlatform 'WindowsClient'
[2022.01.15-22.45.48:449][  0]LogTargetPlatformManager: Display: Loaded TargetPlatform 'WindowsServer'
[2022.01.15-22.45.48:449][  0]LogTargetPlatformManager: Display: Building Assets For Windows
[2022.01.15-22.45.48:456][  0]LogAudioDebug: Display: Lib vorbis DLL was dynamically loaded.
[2022.01.15-22.45.48:498][  0]LogTextureFormatOodle: Display: Oodle Texture 2.9.0 init RDO Off
[2022.01.15-22.45.48:542][  0]LogRendererCore: Ray tracing is disabled. Reason: r.RayTracing=0.
[2022.01.15-22.45.48:542][  0]LogShaderCompilers: Guid format shader working directory is -21 characters bigger than the processId version (../../../../../../Users/marti/Documents/GitHub/302_Final/Final_302/Intermediate/Shaders/WorkingDirectory/12276/).
[2022.01.15-22.45.48:542][  0]LogShaderCompilers: Cleaned the shader compiler working directory 'C:/Users/marti/AppData/Local/Temp/UnrealShaderWorkingDir/2A91CD514ED0468FD7B268A1A24E272C/'.
[2022.01.15-22.45.48:542][  0]LogXGEController: Cannot use XGE Controller as Incredibuild is not installed on this machine.
[2022.01.15-22.45.48:542][  0]LogShaderCompilers: Cannot use XGE Shader Compiler as Incredibuild is not installed on this machine.
[2022.01.15-22.45.48:542][  0]LogShaderCompilers: Display: Using Local Shader Compiler.
[2022.01.15-22.45.49:335][  0]LogDerivedDataCache: Display: Max Cache Size: 512 MB
[2022.01.15-22.45.49:395][  0]LogDerivedDataCache: Loaded boot cache 0.06s 111MB C:/Users/marti/AppData/Local/UnrealEngine/4.27/DerivedDataCache/Boot.ddc.
[2022.01.15-22.45.49:395][  0]LogDerivedDataCache: Display: Loaded Boot cache: C:/Users/marti/AppData/Local/UnrealEngine/4.27/DerivedDataCache/Boot.ddc
[2022.01.15-22.45.49:395][  0]LogDerivedDataCache: FDerivedDataBackendGraph:  Pak pak cache file ../../../../../../Users/marti/Documents/GitHub/302_Final/Final_302/DerivedDataCache/DDC.ddp not found, will not use a pak cache.
[2022.01.15-22.45.49:395][  0]LogDerivedDataCache: Unable to find inner node Pak for hierarchical cache Hierarchy.
[2022.01.15-22.45.49:395][  0]LogDerivedDataCache: FDerivedDataBackendGraph:  CompressedPak pak cache file ../../../../../../Users/marti/Documents/GitHub/302_Final/Final_302/DerivedDataCache/Compressed.ddp not found, will not use a pak cache.
[2022.01.15-22.45.49:395][  0]LogDerivedDataCache: Unable to find inner node CompressedPak for hierarchical cache Hierarchy.
[2022.01.15-22.45.49:414][  0]LogDerivedDataCache: Display: Pak cache opened for reading ../../../Engine/DerivedDataCache/Compressed.ddp.
[2022.01.15-22.45.49:415][  0]LogDerivedDataCache: FDerivedDataBackendGraph:  EnterprisePak pak cache file ../../../Enterprise/DerivedDataCache/Compressed.ddp not found, will not use a pak cache.
[2022.01.15-22.45.49:415][  0]LogDerivedDataCache: Unable to find inner node EnterprisePak for hierarchical cache Hierarchy.
[2022.01.15-22.45.49:427][  0]LogDerivedDataCache: Speed tests for C:/Users/marti/AppData/Local/UnrealEngine/Common/DerivedDataCache took 0.01 seconds
[2022.01.15-22.45.49:427][  0]LogDerivedDataCache: Display: Performance to C:/Users/marti/AppData/Local/UnrealEngine/Common/DerivedDataCache: Latency=0.03ms. RandomReadSpeed=921.67MBs, RandomWriteSpeed=80.14MBs. Assigned SpeedClass 'Local'
[2022.01.15-22.45.49:428][  0]LogDerivedDataCache: Using Local data cache path C:/Users/marti/AppData/Local/UnrealEngine/Common/DerivedDataCache: Writable
[2022.01.15-22.45.49:428][  0]LogDerivedDataCache: Shared data cache path not found in *engine.ini, will not use an Shared cache.
[2022.01.15-22.45.49:428][  0]LogDerivedDataCache: Unable to find inner node Shared for hierarchical cache Hierarchy.
[2022.01.15-22.45.49:476][  0]LogSlate: Using FreeType 2.10.0
[2022.01.15-22.45.49:477][  0]LogSlate: SlateFontServices - WITH_FREETYPE: 1, WITH_HARFBUZZ: 1
[2022.01.15-22.45.49:509][  0]LogAssetRegistry: FAssetRegistry took 0.0034 seconds to start up
[2022.01.15-22.45.49:781][  0]LogInit: Selected Device Profile: [Windows]
[2022.01.15-22.45.49:781][  0]LogInit: Active device profile: [000001F6CEE34900][000001F6C7FBCAC0 49] Windows
[2022.01.15-22.45.49:781][  0]LogInit: Profiles: [000001F6CEE34900][000001F6C7FBCAC0 49] Windows, [000001F6CEDEF800][000001F6C3D9EC00 49] WindowsNoEditor, [000001F6CEE37500][000001F6C3DA2D40 49] WindowsServer, [000001F6CEDECE00][000001F6CD776EC0 49] WindowsClient, [000001F6CEE37800][000001F6CD77B040 49] IOS, [000001F6CEDEE800][000001F6C7F851C0 49] iPadAir, [000001F6CEE36000][000001F6C7F89340 49] iPadAir2, [000001F6CED94A00][000001F6C7F91600 49] IPadPro, [000001F6CED94B00][000001F6C7F8D640 49] iPadAir3, [000001F6CEDED900][000001F6C7F957C0 49] iPadAir4, [000001F6CED97400][000001F6CEB6F940 49] iPadMini2, [000001F6CEDEEA00][000001F6CEB73AC0 49] iPadMini3, [000001F6CED95700][000001F6CEB760C0 49] iPadMini4, [000001F6CEE35100][000001F6CEB7A240 49] iPadMini5, [000001F6CEDBC300][000001F6CEB82500 49] iPhone6, [000001F6CEDBC400][000001F6CEB7E540 49] iPodTouch6, [000001F6CED97600][000001F6CEB8A800 49] iPhone7, [000001F6CED95800][000001F6CEB86840 49] iPodTouch7, [000001F6CEDBFF00][000001F6CD6309C0 49] iPhone5S, [000001F6CEDEE200][000001F6CD634B40 49] iPhone6Plus, [000001F6CED94200][000001F6CD772C80 49] iPhone6S, [000001F6CEDEE400][000001F6CD638DC0 49] iPhone6SPlus, [000001F6CED97C00][000001F6CD63CF00 49] iPhone7Plus, [000001F6CEDEC300][000001F6CD645080 49] iPhoneSE, [000001F6CED97500][000001F6CD649200 49] iPhone8, [000001F6CEDEDE00][000001F6CD64D380 49] iPhone8Plus, [000001F6CED95100][000001F6CD651500 49] iPhoneX, [000001F6CEDEC400][000001F6CD655680 49] iPhoneXS, [000001F6CED95300][000001F6CD659800 49] iPhoneXSMax, [000001F6CEDED400][000001F6CD65D980 49] iPhoneXR, [000001F6CED97800][000001F6CD661B00 49] iPhone11, [000001F6CEDEEE00][000001F6CD664100 49] iPhone11Pro, [000001F6CED97700][000001F6CD668280 49] iPhone11ProMax, [000001F6CEDECF00][000001F6CD66C400 49] iPhoneSE2, [000001F6CED96E00][000001F6CD670580 49] iPhone12Mini, [000001F6CEDEFC00][000001F6CFBA0700 49] iPhone12, [000001F6CED96400][000001F6CFBA4880 49] iPhone12Pro, [000001F6CEDEC700][000001F6CFBA8A00 49] iPhone12ProMax, [000001F6CED96300][000001F6CFBACB80 49] iPadPro105, [000001F6CEDEF100][000001F6CFBB0D00 49] iPadPro129, [000001F6CED96200][000001F6CD640E40 49] iPadPro97, [000001F6CEDECB00][000001F6CFBB4F80 49] iPadPro2_129, [000001F6CED97200][000001F6CFBB90C0 49] iPad5, [000001F6CEDEF400][000001F6CFBC1240 49] iPad6, [000001F6CED97300][000001F6CFBC53C0 49] iPad7, [000001F6CEDEC200][000001F6CFBC9540 49] iPad8, [000001F6CED95A00][000001F6CFBCD6C0 49] iPadPro11, [000001F6CEDED600][000001F6CFBD1840 49] iPadPro2_11, [000001F6CED95D00][000001F6CFBD59C0 49] iPadPro3_129, [000001F6CEDEF900][000001F6CFBD9B40 49] iPadPro4_129, [000001F6CED97000][000001F6CFBDC140 49] AppleTV, [000001F6CEDEFF00][000001F6CFBE02C0 49] AppleTV4K, [000001F6CED94100][000001F6CFBE4440 49] TVOS, [000001F6CEDEE500][000001F6CFBE85C0 49] Mac, [000001F6CED97B00][000001F6CFBEC740 49] MacClient, [000001F6CEDEDB00][000001F6CFBF08C0 49] MacNoEditor, [000001F6CED96C00][000001F6CFBF4A40 49] MacServer, [000001F6CEDECA00][000001F6CFBF8BC0 49] Linux, [000001F6CED96000][000001F6CFBFCD40 49] LinuxAArch64, [000001F6CEDEE700][000001F6CFC00EC0 49] LinuxNoEditor, [000001F6CED96500][000001F6CFBBD000 49] LinuxAArch64NoEditor, [000001F6CEDED500][000001F6CFC05140 49] LinuxClient, [000001F6CED97900][000001F6CFC09280 49] LinuxAArch64Client, [000001F6CEDED700][000001F6CFC0D3C0 49] LinuxServer, [000001F6CED95900][000001F6CFC15540 49] LinuxAArch64Server, [000001F6CEDEF700][000001F6CFC196C0 49] Android, [000001F6CED94600][000001F6CFC1D840 49] Android_Low, [000001F6CEDEED00][000001F6CFC219C0 49] Android_Mid, [000001F6CEE37A00][000001F6CFC25B40 49] Android_High, [000001F6CEDBDC00][000001F6CFC28140 49] Android_Default, [000001F6CEE36100][000001F6CFC2C2C0 49] Android_Adreno4xx, [000001F6CEDBE700][000001F6CFC30440 49] Android_Adreno5xx_Low, [000001F6CEE34A00][000001F6CFC345C0 49] Android_Adreno5xx, [000001F6CEDBED00][000001F6CFC38740 49] Android_Adreno6xx, [000001F6CEE35200][000001F6CFC3C8C0 49] Android_Adreno6xx_Vulkan, [000001F6CEDBE800][000001F6CFC40A40 49] Android_Mali_T6xx, [000001F6CEE36600][000001F6CFC44BC0 49] Android_Mali_T7xx, [000001F6CEDBEE00][000001F6CFC48D40 49] Android_Mali_T8xx, [000001F6CEE37200][000001F6CFC4CEC0 49] Android_Mali_G71, [000001F6CEDBFC00][000001F6CFC51040 49] Android_Mali_G72, [000001F6CEE36A00][000001F6CFC11180 49] Android_Mali_G72_Vulkan, [000001F6CEDBDB00][000001F6CFC552C0 49] Android_Mali_G76, [000001F6CEE35A00][000001F6CFC59400 49] Android_Mali_G76_Vulkan, [000001F6CEDBE000][000001F6CFC5D540 49] Android_Mali_G77, [000001F6CEE36D00][000001F6CFC656C0 49] Android_Mali_G77_Vulkan, [000001F6CEDBF800][000001F6CFC69840 49] Android_Mali_G78, [000001F6CEE36800][000001F6CFC6D9C0 49] Android_Mali_G78_Vulkan, [000001F6CEDBD200][000001F6CFC71B40 49] Android_Mali_G710, [000001F6CEE34E00][000001F6CFC74140 49] Android_Mali_G710_Vulkan, [000001F6CEDBF500][000001F6CFC782C0 49] Android_Vulkan_SM5, [000001F6CEE37400][000001F6CFC7C440 49] Android_PowerVR_G6xxx, [000001F6CEDBEC00][000001F6CFC805C0 49] Android_PowerVR_GT7xxx, [000001F6CEE37C00][000001F6CFC84740 49] Android_PowerVR_GE8xxx, [000001F6CEDBCE00][000001F6CFC888C0 49] Android_PowerVR_GM9xxx, [000001F6CEE35800][000001F6CFC8CA40 49] Android_PowerVR_GM9xxx_Vulkan, [000001F6CEDBE400][000001F6CFC90BC0 49] Android_TegraK1, [000001F6CEE35000][000001F6CFC94D40 49] Android_Unknown_Vulkan, [000001F6CEDEFA00][000001F6CFC98EC0 49] Lumin, [000001F6CEE35E00][000001F6CFC9D040 49] Lumin_Desktop, [000001F6CEDEDC00][000001F6CFCA11C0 49] HoloLens, 
[2022.01.15-22.45.49:929][  0]LogMeshReduction: Using QuadricMeshReduction for automatic static mesh reduction
[2022.01.15-22.45.49:929][  0]LogMeshReduction: Using SimplygonMeshReduction for automatic skeletal mesh reduction
[2022.01.15-22.45.49:929][  0]LogMeshReduction: Using ProxyLODMeshReduction for automatic mesh merging
[2022.01.15-22.45.49:929][  0]LogMeshReduction: No distributed automatic mesh merging module available
[2022.01.15-22.45.49:929][  0]LogMeshMerging: No distributed automatic mesh merging module available
[2022.01.15-22.45.49:947][  0]LogNetVersion: Final_302 1.0.0, NetCL: 17155196, EngineNetVer: 17, GameNetVer: 0 (Checksum: 3724265971)
[2022.01.15-22.45.50:393][  0]LogTexture: Default maximum texture size for cubemaps generated from long-lat sources has been changed from 512 to unlimited. In order to preserve old behaiour for '/Engine/MapTemplates/Sky/DaylightAmbientCubemap.DaylightAmbientCubemap', its maximum texture size has been explicitly set to 512.
[2022.01.15-22.45.50:468][  0]LogHMD: PokeAHoleMaterial loaded successfully
[2022.01.15-22.45.50:473][  0]LogUObjectArray: 17178 objects as part of root set at end of initial load.
[2022.01.15-22.45.50:473][  0]LogUObjectAllocator: 4302048 out of 0 bytes used by permanent object pool.
[2022.01.15-22.45.50:473][  0]LogUObjectArray: CloseDisregardForGC: 0/0 objects in disregard for GC pool
[2022.01.15-22.45.50:768][  0]LogNiagaraDebuggerClient: Niagara Debugger Client Initialized | Session: C86188FF41526FC82C9CB3963412E129 | Instance: F77D985E4C48B8B43761BD843DB0A3AC (DESKTOP-1OUMVJ5-12276).
[2022.01.15-22.45.50:943][  0]LogPython: Using Python 3.7.7
[2022.01.15-22.45.51:501][  0]LogUdpMessaging: Initializing bridge on interface 0.0.0.0:0 to multicast group 230.0.0.1:6666.
[2022.01.15-22.45.51:508][  0]LogTcpMessaging: Initializing TcpMessaging bridge
[2022.01.15-22.45.51:660][  0]SourceControl: Source control is disabled
[2022.01.15-22.45.51:660][  0]SourceControl: Source control is disabled
[2022.01.15-22.45.51:668][  0]SourceControl: Source control is disabled
[2022.01.15-22.45.51:670][  0]SourceControl: Source control is disabled
[2022.01.15-22.45.51:679][  0]SourceControl: Source control is disabled
[2022.01.15-22.45.51:685][  0]LogUProjectInfo: Found projects:
[2022.01.15-22.45.51:919][  0]LogTexture: Default maximum texture size for cubemaps generated from long-lat sources has been changed from 512 to unlimited. In order to preserve old behaiour for '/Engine/EditorMaterials/AssetViewer/EpicQuadPanorama_CC+EV1.EpicQuadPanorama_CC+EV1', its maximum texture size has been explicitly set to 512.
[2022.01.15-22.45.53:891][  0]LogOpenImageDenoise: OIDN starting up
[2022.01.15-22.45.53:920][  0]LogAndroidPermission: UAndroidPermissionCallbackProxy::GetInstance
[2022.01.15-22.45.53:942][  0]LogAudioCaptureCore: Display: No Audio Capture implementations found. Audio input will be silent.
[2022.01.15-22.45.53:942][  0]LogAudioCaptureCore: Display: No Audio Capture implementations found. Audio input will be silent.
[2022.01.15-22.45.54:063][  0]LogCollectionManager: Loaded 0 collections in 0.001386 seconds
[2022.01.15-22.45.54:090][  0]LogFileCache: Scanning file cache for directory 'C:/Users/marti/Documents/GitHub/302_Final/Final_302/Saved/Collections/' took 0.00s
[2022.01.15-22.45.54:090][  0]LogFileCache: Scanning file cache for directory 'C:/Users/marti/Documents/GitHub/302_Final/Final_302/Content/Developers/marti/Collections/' took 0.00s
[2022.01.15-22.45.54:090][  0]LogFileCache: Scanning file cache for directory 'C:/Users/marti/Documents/GitHub/302_Final/Final_302/Content/Collections/' took 0.00s
[2022.01.15-22.45.54:090][  0]LogOcInput: OculusInput pre-init called
[2022.01.15-22.45.54:351][  0]LogEngine: Initializing Engine...
[2022.01.15-22.45.54:365][  0]LogHMD: Failed to enumerate extensions. Please check that you have a valid OpenXR runtime installed.
[2022.01.15-22.45.54:365][  0]LogHMD: Failed to initialize OpenVR with code 110
[2022.01.15-22.45.54:366][  0]LogMagicLeap: Warning: VR disabled because ZI is not enabled.  To enable, in the editor, Edit -> Project Settings -> Plugins -> Magic Leap Plugin -> Enable Zero Iteration
[2022.01.15-22.45.54:366][  0]LogStats: UGameplayTagsManager::InitializeManager -  0.000 s
[2022.01.15-22.45.54:509][  0]LogInit: Initializing FReadOnlyCVARCache
[2022.01.15-22.45.54:526][  0]LogAIModule: Creating AISystem for world Untitled
[2022.01.15-22.45.54:527][  0]LogAudio: Display: Initializing Audio Device Manager...
[2022.01.15-22.45.54:530][  0]LogAudio: Display: Loading Default Audio Settings Objects...
[2022.01.15-22.45.54:530][  0]LogAudio: Display: No default SoundConcurrencyObject specified (or failed to load).
[2022.01.15-22.45.54:531][  0]LogAudio: Display: Audio Device Manager Initialized
[2022.01.15-22.45.54:531][  0]LogAudio: Display: Creating Audio Device:                 Id: 1, Scope: Shared, Realtime: True
[2022.01.15-22.45.54:531][  0]LogAudioMixer: Display: Audio Mixer Platform Settings:
[2022.01.15-22.45.54:531][  0]LogAudioMixer: Display: 	Sample Rate:						  48000
[2022.01.15-22.45.54:531][  0]LogAudioMixer: Display: 	Callback Buffer Frame Size Requested: 1024
[2022.01.15-22.45.54:531][  0]LogAudioMixer: Display: 	Callback Buffer Frame Size To Use:	  1024
[2022.01.15-22.45.54:531][  0]LogAudioMixer: Display: 	Number of buffers to queue:			  2
[2022.01.15-22.45.54:531][  0]LogAudioMixer: Display: 	Max Channels (voices):				  32
[2022.01.15-22.45.54:531][  0]LogAudioMixer: Display: 	Number of Async Source Workers:		  0
[2022.01.15-22.45.54:531][  0]LogAudio: Display: AudioDevice MaxSources: 32
[2022.01.15-22.45.54:531][  0]LogAudio: Display: Audio Spatialization Plugin: None (built-in).
[2022.01.15-22.45.54:531][  0]LogAudio: Display: Audio Reverb Plugin: None (built-in).
[2022.01.15-22.45.54:531][  0]LogAudio: Display: Audio Occlusion Plugin: None (built-in).
[2022.01.15-22.45.54:531][  0]LogAudioMixer: Display: Initializing audio mixer.
[2022.01.15-22.45.54:541][  0]LogAudioMixer: Display: 0: FrontLeft
[2022.01.15-22.45.54:541][  0]LogAudioMixer: Display: 1: FrontRight
[2022.01.15-22.45.55:041][  0]LogAudioMixer: Display: Using Audio Device Speaker (Realtek(R) Audio)
[2022.01.15-22.45.55:042][  0]LogAudioMixer: Display: Initializing Sound Submixes...
[2022.01.15-22.45.55:044][  0]LogAudioMixer: Display: Creating Master Submix 'MasterSubmixDefault'
[2022.01.15-22.45.55:044][  0]LogAudioMixer: Display: Creating Master Submix 'MasterReverbSubmixDefault'
[2022.01.15-22.45.55:045][  0]LogAudioMixer: Display: Creating Master Submix 'MasterEQSubmixDefault'
[2022.01.15-22.45.55:045][  0]LogAudioMixer: FMixerPlatformXAudio2::StartAudioStream() called
[2022.01.15-22.45.55:045][  0]LogAudioMixer: Display: Output buffers initialized: Frames=1024, Channels=2, Samples=2048
[2022.01.15-22.45.55:046][  0]LogAudioMixer: Display: Starting AudioMixerPlatformInterface::RunInternal()
[2022.01.15-22.45.55:046][  0]LogAudioMixer: Display: FMixerPlatformXAudio2::SubmitBuffer() called for the first time
[2022.01.15-22.45.55:046][  0]LogInit: FAudioDevice initialized.
[2022.01.15-22.45.55:046][  0]LogAudio: Display: Audio Device (ID: 1) registered with world 'Untitled'.
[2022.01.15-22.45.55:046][  0]LogNetVersion: Set ProjectVersion to 1.0.0.0. Version Checksum will be recalculated on next use.
[2022.01.15-22.45.55:129][  0]LogDerivedDataCache: Saved boot cache 0.08s 111MB C:/Users/marti/AppData/Local/UnrealEngine/4.27/DerivedDataCache/Boot.ddc.
[2022.01.15-22.45.55:130][  0]LogInit: Texture streaming: Enabled
[2022.01.15-22.45.55:144][  0]LogAnalytics: Display: [UEEditor.Rocket.Release] APIServer = https://datarouter.ol.epicgames.com/. AppVersion = 4.27.2-18319896+++UE4+Release-4.27
[2022.01.15-22.45.55:148][  0]LogEngineSessionManager: EngineSessionManager initialized
[2022.01.15-22.45.55:148][  0]LogEditorSessionSummary: Verbose: Initializing EditorSessionSummaryWriter for editor session tracking
[2022.01.15-22.45.55:152][  0]LogEditorSessionSummary: EditorSessionSummaryWriter initialized
[2022.01.15-22.45.55:177][  0]LogInit: Transaction tracking system initialized
[2022.01.15-22.45.55:199][  0]BlueprintLog: New page: Editor Load
[2022.01.15-22.45.55:263][  0]LocalizationService: Localization service is disabled
[2022.01.15-22.45.55:292][  0]TimingProfiler: Initialize
[2022.01.15-22.45.55:293][  0]TimingProfiler: OnSessionChanged
[2022.01.15-22.45.55:293][  0]LoadingProfiler: Initialize
[2022.01.15-22.45.55:293][  0]LoadingProfiler: OnSessionChanged
[2022.01.15-22.45.55:293][  0]NetworkingProfiler: Initialize
[2022.01.15-22.45.55:293][  0]NetworkingProfiler: OnSessionChanged
[2022.01.15-22.45.55:293][  0]MemoryProfiler: Initialize
[2022.01.15-22.45.55:293][  0]MemoryProfiler: OnSessionChanged
[2022.01.15-22.45.55:297][  0]LogClass: Warning: In asset 'None', there is an enum property of type 'EIOSVersion' with an invalid value of 'IOS_11'
[2022.01.15-22.45.55:297][  0]LogObj: Error: LoadConfig (/Script/IOSRuntimeSettings.Default__IOSRuntimeSettings): import failed for MinimumiOSVersion in: IOS_11
[2022.01.15-22.45.55:455][  0]LogCook: Display: CookSettings for Memory: MemoryMaxUsedVirtual 0MiB, MemoryMaxUsedPhysical 16384MiB, MemoryMinFreeVirtual 0MiB, MemoryMinFreePhysical 1024MiB
[2022.01.15-22.45.55:455][  0]LogCook: Display: Mobile HDR setting 1
[2022.01.15-22.45.55:504][  0]LogFileCache: Scanning file cache for directory 'C:/Users/marti/Documents/GitHub/302_Final/Final_302/Content/' took 0.01s
[2022.01.15-22.45.55:834][  0]LogInit: Display: Engine is initialized. Leaving FEngineLoop::Init()
[2022.01.15-22.45.55:838][  0]SourceControl: Source control is disabled
[2022.01.15-22.45.55:838][  0]LogUnrealEdMisc: Loading editor; pre map load, took 10.272
[2022.01.15-22.45.55:838][  0]Cmd: MAP LOAD FILE="../../../../../../Users/marti/Documents/GitHub/302_Final/Final_302/Content/FirstPersonBP/Maps/FirstPersonExampleMap.umap" TEMPLATE=0 SHOWPROGRESS=1 FEATURELEVEL=3
[2022.01.15-22.45.55:838][  0]LightingResults: New page: Lighting Build
[2022.01.15-22.45.55:839][  0]LogWorld: UWorld::CleanupWorld for Untitled, bSessionEnded=true, bCleanupResources=true
[2022.01.15-22.45.55:839][  0]LogSlate: InvalidateAllWidgets triggered.  All widgets were invalidated
[2022.01.15-22.45.55:840][  0]MapCheck: New page: Map Check
[2022.01.15-22.45.55:840][  0]LightingResults: New page: Lighting Build
[2022.01.15-22.45.55:845][  0]LogAudio: Display: Audio Device unregistered from world 'None'.
[2022.01.15-22.45.55:847][  0]LogUObjectHash: Compacting FUObjectHashTables data took   0.73ms
[2022.01.15-22.45.56:371][  0]LogAudio: Display: Audio Device (ID: 1) registered with world 'FirstPersonExampleMap'.
[2022.01.15-22.45.56:372][  0]LogAIModule: Creating AISystem for world FirstPersonExampleMap
[2022.01.15-22.45.56:388][  0]LogEditorServer: Finished looking for orphan Actors (0.000 secs)
[2022.01.15-22.45.56:443][  0]LogUObjectHash: Compacting FUObjectHashTables data took   0.77ms
[2022.01.15-22.45.56:443][  0]Cmd: MAP CHECKDEP NOCLEARLOG
[2022.01.15-22.45.56:444][  0]MapCheck: Map check complete: 0 Error(s), 0 Warning(s), took 0.174ms to complete.
[2022.01.15-22.45.56:444][  0]LogFileHelpers: Loading map 'FirstPersonExampleMap' took 0.606
[2022.01.15-22.45.56:448][  0]LogUnrealEdMisc: Total Editor Startup Time, took 10.882
[2022.01.15-22.45.56:657][  0]LogSlate: Updating window title bar state: overlay mode, drag disabled, window buttons hidden, title bar hidden
[2022.01.15-22.45.56:663][  0]LogSlate: Updating window title bar state: overlay mode, drag disabled, window buttons hidden, title bar hidden
[2022.01.15-22.45.56:669][  0]LogSlate: Updating window title bar state: overlay mode, drag disabled, window buttons hidden, title bar hidden
[2022.01.15-22.45.56:676][  0]LogSlate: Updating window title bar state: overlay mode, drag disabled, window buttons hidden, title bar hidden
[2022.01.15-22.45.56:727][  0]LogNativeClassHierarchy: Verbose: Native class hierarchy populated in 0.0120 seconds. Added 4035 classes and 987 folders.
[2022.01.15-22.45.56:737][  0]LogNativeClassHierarchy: Verbose: Native class hierarchy updated for 'WidgetCarousel' in 0.0003 seconds. Added 0 classes and 0 folders.
[2022.01.15-22.45.56:745][  0]LogPakFile: PakFile PrimaryIndexSize=187
[2022.01.15-22.45.56:745][  0]LogPakFile: PakFile PathHashIndexSize=101
[2022.01.15-22.45.56:745][  0]LogPakFile: PakFile FullDirectoryIndexSize=148
[2022.01.15-22.45.56:746][  0]LogShaderLibrary: Display: ShaderCodeLibraryPakFileMountedCallback: PakFile 'C:/Program Files/Epic Games/UE_4.27/FeaturePacks/FP_FirstPerson.upack' (chunk index -1, root 'root:/') mounted
[2022.01.15-22.45.56:746][  0]LogShaderLibrary: Display: ShaderCodeLibraryPakFileMountedCallback: pending pak file info (ChunkID:-1 Root:root:/ File:C:/Program Files/Epic Games/UE_4.27/FeaturePacks/FP_FirstPerson.upack)
[2022.01.15-22.45.56:746][  0]LogPakFile: OnPakFileMounted2Time == 0.001362
[2022.01.15-22.45.56:751][  0]LogPakFile: PakFile PrimaryIndexSize=189
[2022.01.15-22.45.56:751][  0]LogPakFile: PakFile PathHashIndexSize=101
[2022.01.15-22.45.56:751][  0]LogPakFile: PakFile FullDirectoryIndexSize=152
[2022.01.15-22.45.56:751][  0]LogShaderLibrary: Display: ShaderCodeLibraryPakFileMountedCallback: PakFile 'C:/Program Files/Epic Games/UE_4.27/FeaturePacks/FP_FirstPersonBP.upack' (chunk index -1, root 'root:/') mounted
[2022.01.15-22.45.56:751][  0]LogShaderLibrary: Display: ShaderCodeLibraryPakFileMountedCallback: pending pak file info (ChunkID:-1 Root:root:/ File:C:/Program Files/Epic Games/UE_4.27/FeaturePacks/FP_FirstPersonBP.upack)
[2022.01.15-22.45.56:751][  0]LogPakFile: OnPakFileMounted2Time == 0.000039
[2022.01.15-22.45.56:753][  0]LogPakFile: PakFile PrimaryIndexSize=191
[2022.01.15-22.45.56:753][  0]LogPakFile: PakFile PathHashIndexSize=101
[2022.01.15-22.45.56:753][  0]LogPakFile: PakFile FullDirectoryIndexSize=160
[2022.01.15-22.45.56:753][  0]LogShaderLibrary: Display: ShaderCodeLibraryPakFileMountedCallback: PakFile 'C:/Program Files/Epic Games/UE_4.27/FeaturePacks/MobileStarterContent.upack' (chunk index -1, root 'root:/') mounted
[2022.01.15-22.45.56:753][  0]LogShaderLibrary: Display: ShaderCodeLibraryPakFileMountedCallback: pending pak file info (ChunkID:-1 Root:root:/ File:C:/Program Files/Epic Games/UE_4.27/FeaturePacks/MobileStarterContent.upack)
[2022.01.15-22.45.56:753][  0]LogPakFile: OnPakFileMounted2Time == 0.000041
[2022.01.15-22.45.56:756][  0]LogPakFile: PakFile PrimaryIndexSize=185
[2022.01.15-22.45.56:756][  0]LogPakFile: PakFile PathHashIndexSize=101
[2022.01.15-22.45.56:756][  0]LogPakFile: PakFile FullDirectoryIndexSize=148
[2022.01.15-22.45.56:756][  0]LogShaderLibrary: Display: ShaderCodeLibraryPakFileMountedCallback: PakFile 'C:/Program Files/Epic Games/UE_4.27/FeaturePacks/StarterContent.upack' (chunk index -1, root 'root:/') mounted
[2022.01.15-22.45.56:756][  0]LogShaderLibrary: Display: ShaderCodeLibraryPakFileMountedCallback: pending pak file info (ChunkID:-1 Root:root:/ File:C:/Program Files/Epic Games/UE_4.27/FeaturePacks/StarterContent.upack)
[2022.01.15-22.45.56:756][  0]LogPakFile: OnPakFileMounted2Time == 0.000035
[2022.01.15-22.45.56:758][  0]LogPakFile: PakFile PrimaryIndexSize=190
[2022.01.15-22.45.56:758][  0]LogPakFile: PakFile PathHashIndexSize=101
[2022.01.15-22.45.56:758][  0]LogPakFile: PakFile FullDirectoryIndexSize=154
[2022.01.15-22.45.56:759][  0]LogShaderLibrary: Display: ShaderCodeLibraryPakFileMountedCallback: PakFile 'C:/Program Files/Epic Games/UE_4.27/FeaturePacks/TP_2DSideScroller.upack' (chunk index -1, root 'root:/') mounted
[2022.01.15-22.45.56:759][  0]LogShaderLibrary: Display: ShaderCodeLibraryPakFileMountedCallback: pending pak file info (ChunkID:-1 Root:root:/ File:C:/Program Files/Epic Games/UE_4.27/FeaturePacks/TP_2DSideScroller.upack)
[2022.01.15-22.45.56:759][  0]LogPakFile: OnPakFileMounted2Time == 0.000064
[2022.01.15-22.45.56:761][  0]LogPakFile: PakFile PrimaryIndexSize=192
[2022.01.15-22.45.56:761][  0]LogPakFile: PakFile PathHashIndexSize=101
[2022.01.15-22.45.56:761][  0]LogPakFile: PakFile FullDirectoryIndexSize=158
[2022.01.15-22.45.56:761][  0]LogShaderLibrary: Display: ShaderCodeLibraryPakFileMountedCallback: PakFile 'C:/Program Files/Epic Games/UE_4.27/FeaturePacks/TP_2DSideScrollerBP.upack' (chunk index -1, root 'root:/') mounted
[2022.01.15-22.45.56:761][  0]LogShaderLibrary: Display: ShaderCodeLibraryPakFileMountedCallback: pending pak file info (ChunkID:-1 Root:root:/ File:C:/Program Files/Epic Games/UE_4.27/FeaturePacks/TP_2DSideScrollerBP.upack)
[2022.01.15-22.45.56:761][  0]LogPakFile: OnPakFileMounted2Time == 0.000032
[2022.01.15-22.45.56:763][  0]LogPakFile: PakFile PrimaryIndexSize=182
[2022.01.15-22.45.56:763][  0]LogPakFile: PakFile PathHashIndexSize=101
[2022.01.15-22.45.56:763][  0]LogPakFile: PakFile FullDirectoryIndexSize=138
[2022.01.15-22.45.56:763][  0]LogShaderLibrary: Display: ShaderCodeLibraryPakFileMountedCallback: PakFile 'C:/Program Files/Epic Games/UE_4.27/FeaturePacks/TP_Flying.upack' (chunk index -1, root 'root:/') mounted
[2022.01.15-22.45.56:763][  0]LogShaderLibrary: Display: ShaderCodeLibraryPakFileMountedCallback: pending pak file info (ChunkID:-1 Root:root:/ File:C:/Program Files/Epic Games/UE_4.27/FeaturePacks/TP_Flying.upack)
[2022.01.15-22.45.56:763][  0]LogPakFile: OnPakFileMounted2Time == 0.000027
[2022.01.15-22.45.56:766][  0]LogPakFile: PakFile PrimaryIndexSize=184
[2022.01.15-22.45.56:766][  0]LogPakFile: PakFile PathHashIndexSize=101
[2022.01.15-22.45.56:766][  0]LogPakFile: PakFile FullDirectoryIndexSize=142
[2022.01.15-22.45.56:766][  0]LogShaderLibrary: Display: ShaderCodeLibraryPakFileMountedCallback: PakFile 'C:/Program Files/Epic Games/UE_4.27/FeaturePacks/TP_FlyingBP.upack' (chunk index -1, root 'root:/') mounted
[2022.01.15-22.45.56:766][  0]LogShaderLibrary: Display: ShaderCodeLibraryPakFileMountedCallback: pending pak file info (ChunkID:-1 Root:root:/ File:C:/Program Files/Epic Games/UE_4.27/FeaturePacks/TP_FlyingBP.upack)
[2022.01.15-22.45.56:766][  0]LogPakFile: OnPakFileMounted2Time == 0.000059
[2022.01.15-22.45.56:768][  0]LogPakFile: PakFile PrimaryIndexSize=188
[2022.01.15-22.45.56:768][  0]LogPakFile: PakFile PathHashIndexSize=101
[2022.01.15-22.45.56:768][  0]LogPakFile: PakFile FullDirectoryIndexSize=150
[2022.01.15-22.45.56:768][  0]LogShaderLibrary: Display: ShaderCodeLibraryPakFileMountedCallback: PakFile 'C:/Program Files/Epic Games/UE_4.27/FeaturePacks/TP_HandheldARBP.upack' (chunk index -1, root 'root:/') mounted
[2022.01.15-22.45.56:768][  0]LogShaderLibrary: Display: ShaderCodeLibraryPakFileMountedCallback: pending pak file info (ChunkID:-1 Root:root:/ File:C:/Program Files/Epic Games/UE_4.27/FeaturePacks/TP_HandheldARBP.upack)
[2022.01.15-22.45.56:768][  0]LogPakFile: OnPakFileMounted2Time == 0.000048
[2022.01.15-22.45.56:772][  0]LogPakFile: PakFile PrimaryIndexSize=182
[2022.01.15-22.45.56:772][  0]LogPakFile: PakFile PathHashIndexSize=101
[2022.01.15-22.45.56:772][  0]LogPakFile: PakFile FullDirectoryIndexSize=138
[2022.01.15-22.45.56:772][  0]LogShaderLibrary: Display: ShaderCodeLibraryPakFileMountedCallback: PakFile 'C:/Program Files/Epic Games/UE_4.27/FeaturePacks/TP_Puzzle.upack' (chunk index -1, root 'root:/') mounted
[2022.01.15-22.45.56:772][  0]LogShaderLibrary: Display: ShaderCodeLibraryPakFileMountedCallback: pending pak file info (ChunkID:-1 Root:root:/ File:C:/Program Files/Epic Games/UE_4.27/FeaturePacks/TP_Puzzle.upack)
[2022.01.15-22.45.56:772][  0]LogPakFile: OnPakFileMounted2Time == 0.000067
[2022.01.15-22.45.56:775][  0]LogPakFile: PakFile PrimaryIndexSize=184
[2022.01.15-22.45.56:775][  0]LogPakFile: PakFile PathHashIndexSize=101
[2022.01.15-22.45.56:775][  0]LogPakFile: PakFile FullDirectoryIndexSize=142
[2022.01.15-22.45.56:775][  0]LogShaderLibrary: Display: ShaderCodeLibraryPakFileMountedCallback: PakFile 'C:/Program Files/Epic Games/UE_4.27/FeaturePacks/TP_PuzzleBP.upack' (chunk index -1, root 'root:/') mounted
[2022.01.15-22.45.56:775][  0]LogShaderLibrary: Display: ShaderCodeLibraryPakFileMountedCallback: pending pak file info (ChunkID:-1 Root:root:/ File:C:/Program Files/Epic Games/UE_4.27/FeaturePacks/TP_PuzzleBP.upack)
[2022.01.15-22.45.56:775][  0]LogPakFile: OnPakFileMounted2Time == 0.000037
[2022.01.15-22.45.56:778][  0]LogPakFile: PakFile PrimaryIndexSize=183
[2022.01.15-22.45.56:778][  0]LogPakFile: PakFile PathHashIndexSize=101
[2022.01.15-22.45.56:778][  0]LogPakFile: PakFile FullDirectoryIndexSize=140
[2022.01.15-22.45.56:778][  0]LogShaderLibrary: Display: ShaderCodeLibraryPakFileMountedCallback: PakFile 'C:/Program Files/Epic Games/UE_4.27/FeaturePacks/TP_Rolling.upack' (chunk index -1, root 'root:/') mounted
[2022.01.15-22.45.56:778][  0]LogShaderLibrary: Display: ShaderCodeLibraryPakFileMountedCallback: pending pak file info (ChunkID:-1 Root:root:/ File:C:/Program Files/Epic Games/UE_4.27/FeaturePacks/TP_Rolling.upack)
[2022.01.15-22.45.56:778][  0]LogPakFile: OnPakFileMounted2Time == 0.000045
[2022.01.15-22.45.56:780][  0]LogPakFile: PakFile PrimaryIndexSize=185
[2022.01.15-22.45.56:780][  0]LogPakFile: PakFile PathHashIndexSize=101
[2022.01.15-22.45.56:780][  0]LogPakFile: PakFile FullDirectoryIndexSize=144
[2022.01.15-22.45.56:780][  0]LogShaderLibrary: Display: ShaderCodeLibraryPakFileMountedCallback: PakFile 'C:/Program Files/Epic Games/UE_4.27/FeaturePacks/TP_RollingBP.upack' (chunk index -1, root 'root:/') mounted
[2022.01.15-22.45.56:780][  0]LogShaderLibrary: Display: ShaderCodeLibraryPakFileMountedCallback: pending pak file info (ChunkID:-1 Root:root:/ File:C:/Program Files/Epic Games/UE_4.27/FeaturePacks/TP_RollingBP.upack)
[2022.01.15-22.45.56:780][  0]LogPakFile: OnPakFileMounted2Time == 0.000032
[2022.01.15-22.45.56:782][  0]LogPakFile: PakFile PrimaryIndexSize=188
[2022.01.15-22.45.56:782][  0]LogPakFile: PakFile PathHashIndexSize=101
[2022.01.15-22.45.56:782][  0]LogPakFile: PakFile FullDirectoryIndexSize=150
[2022.01.15-22.45.56:782][  0]LogShaderLibrary: Display: ShaderCodeLibraryPakFileMountedCallback: PakFile 'C:/Program Files/Epic Games/UE_4.27/FeaturePacks/TP_SideScroller.upack' (chunk index -1, root 'root:/') mounted
[2022.01.15-22.45.56:782][  0]LogShaderLibrary: Display: ShaderCodeLibraryPakFileMountedCallback: pending pak file info (ChunkID:-1 Root:root:/ File:C:/Program Files/Epic Games/UE_4.27/FeaturePacks/TP_SideScroller.upack)
[2022.01.15-22.45.56:782][  0]LogPakFile: OnPakFileMounted2Time == 0.000062
[2022.01.15-22.45.56:785][  0]LogPakFile: PakFile PrimaryIndexSize=190
[2022.01.15-22.45.56:785][  0]LogPakFile: PakFile PathHashIndexSize=101
[2022.01.15-22.45.56:785][  0]LogPakFile: PakFile FullDirectoryIndexSize=154
[2022.01.15-22.45.56:785][  0]LogShaderLibrary: Display: ShaderCodeLibraryPakFileMountedCallback: PakFile 'C:/Program Files/Epic Games/UE_4.27/FeaturePacks/TP_SideScrollerBP.upack' (chunk index -1, root 'root:/') mounted
[2022.01.15-22.45.56:785][  0]LogShaderLibrary: Display: ShaderCodeLibraryPakFileMountedCallback: pending pak file info (ChunkID:-1 Root:root:/ File:C:/Program Files/Epic Games/UE_4.27/FeaturePacks/TP_SideScrollerBP.upack)
[2022.01.15-22.45.56:785][  0]LogPakFile: OnPakFileMounted2Time == 0.000034
[2022.01.15-22.45.56:787][  0]LogPakFile: PakFile PrimaryIndexSize=187
[2022.01.15-22.45.56:787][  0]LogPakFile: PakFile PathHashIndexSize=101
[2022.01.15-22.45.56:787][  0]LogPakFile: PakFile FullDirectoryIndexSize=148
[2022.01.15-22.45.56:787][  0]LogShaderLibrary: Display: ShaderCodeLibraryPakFileMountedCallback: PakFile 'C:/Program Files/Epic Games/UE_4.27/FeaturePacks/TP_ThirdPerson.upack' (chunk index -1, root 'root:/') mounted
[2022.01.15-22.45.56:787][  0]LogShaderLibrary: Display: ShaderCodeLibraryPakFileMountedCallback: pending pak file info (ChunkID:-1 Root:root:/ File:C:/Program Files/Epic Games/UE_4.27/FeaturePacks/TP_ThirdPerson.upack)
[2022.01.15-22.45.56:787][  0]LogPakFile: OnPakFileMounted2Time == 0.000036
[2022.01.15-22.45.56:790][  0]LogPakFile: PakFile PrimaryIndexSize=189
[2022.01.15-22.45.56:790][  0]LogPakFile: PakFile PathHashIndexSize=101
[2022.01.15-22.45.56:790][  0]LogPakFile: PakFile FullDirectoryIndexSize=152
[2022.01.15-22.45.56:790][  0]LogShaderLibrary: Display: ShaderCodeLibraryPakFileMountedCallback: PakFile 'C:/Program Files/Epic Games/UE_4.27/FeaturePacks/TP_ThirdPersonBP.upack' (chunk index -1, root 'root:/') mounted
[2022.01.15-22.45.56:790][  0]LogShaderLibrary: Display: ShaderCodeLibraryPakFileMountedCallback: pending pak file info (ChunkID:-1 Root:root:/ File:C:/Program Files/Epic Games/UE_4.27/FeaturePacks/TP_ThirdPersonBP.upack)
[2022.01.15-22.45.56:790][  0]LogPakFile: OnPakFileMounted2Time == 0.000031
[2022.01.15-22.45.56:792][  0]LogPakFile: PakFile PrimaryIndexSize=183
[2022.01.15-22.45.56:792][  0]LogPakFile: PakFile PathHashIndexSize=101
[2022.01.15-22.45.56:793][  0]LogPakFile: PakFile FullDirectoryIndexSize=140
[2022.01.15-22.45.56:793][  0]LogShaderLibrary: Display: ShaderCodeLibraryPakFileMountedCallback: PakFile 'C:/Program Files/Epic Games/UE_4.27/FeaturePacks/TP_TopDown.upack' (chunk index -1, root 'root:/') mounted
[2022.01.15-22.45.56:793][  0]LogShaderLibrary: Display: ShaderCodeLibraryPakFileMountedCallback: pending pak file info (ChunkID:-1 Root:root:/ File:C:/Program Files/Epic Games/UE_4.27/FeaturePacks/TP_TopDown.upack)
[2022.01.15-22.45.56:793][  0]LogPakFile: OnPakFileMounted2Time == 0.000040
[2022.01.15-22.45.56:794][  0]LogPakFile: PakFile PrimaryIndexSize=185
[2022.01.15-22.45.56:794][  0]LogPakFile: PakFile PathHashIndexSize=101
[2022.01.15-22.45.56:794][  0]LogPakFile: PakFile FullDirectoryIndexSize=144
[2022.01.15-22.45.56:794][  0]LogShaderLibrary: Display: ShaderCodeLibraryPakFileMountedCallback: PakFile 'C:/Program Files/Epic Games/UE_4.27/FeaturePacks/TP_TopDownBP.upack' (chunk index -1, root 'root:/') mounted
[2022.01.15-22.45.56:794][  0]LogShaderLibrary: Display: ShaderCodeLibraryPakFileMountedCallback: pending pak file info (ChunkID:-1 Root:root:/ File:C:/Program Files/Epic Games/UE_4.27/FeaturePacks/TP_TopDownBP.upack)
[2022.01.15-22.45.56:794][  0]LogPakFile: OnPakFileMounted2Time == 0.000031
[2022.01.15-22.45.56:797][  0]LogPakFile: PakFile PrimaryIndexSize=185
[2022.01.15-22.45.56:797][  0]LogPakFile: PakFile PathHashIndexSize=101
[2022.01.15-22.45.56:797][  0]LogPakFile: PakFile FullDirectoryIndexSize=144
[2022.01.15-22.45.56:797][  0]LogShaderLibrary: Display: ShaderCodeLibraryPakFileMountedCallback: PakFile 'C:/Program Files/Epic Games/UE_4.27/FeaturePacks/TP_TwinStick.upack' (chunk index -1, root 'root:/') mounted
[2022.01.15-22.45.56:797][  0]LogShaderLibrary: Display: ShaderCodeLibraryPakFileMountedCallback: pending pak file info (ChunkID:-1 Root:root:/ File:C:/Program Files/Epic Games/UE_4.27/FeaturePacks/TP_TwinStick.upack)
[2022.01.15-22.45.56:797][  0]LogPakFile: OnPakFileMounted2Time == 0.000036
[2022.01.15-22.45.56:800][  0]LogPakFile: PakFile PrimaryIndexSize=187
[2022.01.15-22.45.56:800][  0]LogPakFile: PakFile PathHashIndexSize=101
[2022.01.15-22.45.56:800][  0]LogPakFile: PakFile FullDirectoryIndexSize=148
[2022.01.15-22.45.56:800][  0]LogShaderLibrary: Display: ShaderCodeLibraryPakFileMountedCallback: PakFile 'C:/Program Files/Epic Games/UE_4.27/FeaturePacks/TP_TwinStickBP.upack' (chunk index -1, root 'root:/') mounted
[2022.01.15-22.45.56:800][  0]LogShaderLibrary: Display: ShaderCodeLibraryPakFileMountedCallback: pending pak file info (ChunkID:-1 Root:root:/ File:C:/Program Files/Epic Games/UE_4.27/FeaturePacks/TP_TwinStickBP.upack)
[2022.01.15-22.45.56:801][  0]LogPakFile: OnPakFileMounted2Time == 0.000041
[2022.01.15-22.45.56:803][  0]LogPakFile: PakFile PrimaryIndexSize=183
[2022.01.15-22.45.56:803][  0]LogPakFile: PakFile PathHashIndexSize=101
[2022.01.15-22.45.56:803][  0]LogPakFile: PakFile FullDirectoryIndexSize=140
[2022.01.15-22.45.56:803][  0]LogShaderLibrary: Display: ShaderCodeLibraryPakFileMountedCallback: PakFile 'C:/Program Files/Epic Games/UE_4.27/FeaturePacks/TP_Vehicle.upack' (chunk index -1, root 'root:/') mounted
[2022.01.15-22.45.56:803][  0]LogShaderLibrary: Display: ShaderCodeLibraryPakFileMountedCallback: pending pak file info (ChunkID:-1 Root:root:/ File:C:/Program Files/Epic Games/UE_4.27/FeaturePacks/TP_Vehicle.upack)
[2022.01.15-22.45.56:803][  0]LogPakFile: OnPakFileMounted2Time == 0.000037
[2022.01.15-22.45.56:806][  0]LogPakFile: PakFile PrimaryIndexSize=186
[2022.01.15-22.45.56:806][  0]LogPakFile: PakFile PathHashIndexSize=101
[2022.01.15-22.45.56:806][  0]LogPakFile: PakFile FullDirectoryIndexSize=146
[2022.01.15-22.45.56:806][  0]LogShaderLibrary: Display: ShaderCodeLibraryPakFileMountedCallback: PakFile 'C:/Program Files/Epic Games/UE_4.27/FeaturePacks/TP_VehicleAdv.upack' (chunk index -1, root 'root:/') mounted
[2022.01.15-22.45.56:806][  0]LogShaderLibrary: Display: ShaderCodeLibraryPakFileMountedCallback: pending pak file info (ChunkID:-1 Root:root:/ File:C:/Program Files/Epic Games/UE_4.27/FeaturePacks/TP_VehicleAdv.upack)
[2022.01.15-22.45.56:806][  0]LogPakFile: OnPakFileMounted2Time == 0.000047
[2022.01.15-22.45.56:808][  0]LogPakFile: PakFile PrimaryIndexSize=188
[2022.01.15-22.45.56:808][  0]LogPakFile: PakFile PathHashIndexSize=101
[2022.01.15-22.45.56:808][  0]LogPakFile: PakFile FullDirectoryIndexSize=150
[2022.01.15-22.45.56:808][  0]LogShaderLibrary: Display: ShaderCodeLibraryPakFileMountedCallback: PakFile 'C:/Program Files/Epic Games/UE_4.27/FeaturePacks/TP_VehicleAdvBP.upack' (chunk index -1, root 'root:/') mounted
[2022.01.15-22.45.56:808][  0]LogShaderLibrary: Display: ShaderCodeLibraryPakFileMountedCallback: pending pak file info (ChunkID:-1 Root:root:/ File:C:/Program Files/Epic Games/UE_4.27/FeaturePacks/TP_VehicleAdvBP.upack)
[2022.01.15-22.45.56:808][  0]LogPakFile: OnPakFileMounted2Time == 0.000052
[2022.01.15-22.45.56:811][  0]LogPakFile: PakFile PrimaryIndexSize=185
[2022.01.15-22.45.56:811][  0]LogPakFile: PakFile PathHashIndexSize=101
[2022.01.15-22.45.56:811][  0]LogPakFile: PakFile FullDirectoryIndexSize=144
[2022.01.15-22.45.56:811][  0]LogShaderLibrary: Display: ShaderCodeLibraryPakFileMountedCallback: PakFile 'C:/Program Files/Epic Games/UE_4.27/FeaturePacks/TP_VehicleBP.upack' (chunk index -1, root 'root:/') mounted
[2022.01.15-22.45.56:811][  0]LogShaderLibrary: Display: ShaderCodeLibraryPakFileMountedCallback: pending pak file info (ChunkID:-1 Root:root:/ File:C:/Program Files/Epic Games/UE_4.27/FeaturePacks/TP_VehicleBP.upack)
[2022.01.15-22.45.56:811][  0]LogPakFile: OnPakFileMounted2Time == 0.000058
[2022.01.15-22.45.56:814][  0]LogPakFile: PakFile PrimaryIndexSize=192
[2022.01.15-22.45.56:814][  0]LogPakFile: PakFile PathHashIndexSize=101
[2022.01.15-22.45.56:814][  0]LogPakFile: PakFile FullDirectoryIndexSize=158
[2022.01.15-22.45.56:814][  0]LogShaderLibrary: Display: ShaderCodeLibraryPakFileMountedCallback: PakFile 'C:/Program Files/Epic Games/UE_4.27/FeaturePacks/TP_VirtualRealityBP.upack' (chunk index -1, root 'root:/') mounted
[2022.01.15-22.45.56:814][  0]LogShaderLibrary: Display: ShaderCodeLibraryPakFileMountedCallback: pending pak file info (ChunkID:-1 Root:root:/ File:C:/Program Files/Epic Games/UE_4.27/FeaturePacks/TP_VirtualRealityBP.upack)
[2022.01.15-22.45.56:814][  0]LogPakFile: OnPakFileMounted2Time == 0.000037
[2022.01.15-22.45.56:993][  0]LogNativeClassHierarchy: Verbose: Native class hierarchy updated for 'AddContentDialog' in 0.0002 seconds. Added 0 classes and 0 folders.
[2022.01.15-22.45.57:000][  0]LogNativeClassHierarchy: Verbose: Native class hierarchy updated for 'SceneOutliner' in 0.0005 seconds. Added 2 classes and 0 folders.
[2022.01.15-22.45.57:099][  0]LogSlate: Took 0.000346 seconds to synchronously load lazily loaded font '../../../Engine/Content/Slate/Fonts/Roboto-Regular.ttf' (155K)
[2022.01.15-22.45.57:103][  0]LogSlate: Took 0.001304 seconds to synchronously load lazily loaded font '../../../Engine/Content/Editor/Slate/Fonts/FontAwesome.ttf' (139K)
[2022.01.15-22.45.57:105][  0]LogSlate: Took 0.000217 seconds to synchronously load lazily loaded font '../../../Engine/Content/Slate/Fonts/Roboto-Bold.ttf' (160K)
[2022.01.15-22.45.57:219][  0]LogRenderer: Reallocating scene render targets to support 920x536 Format 10 NumSamples 1 (Frame:1).
[2022.01.15-22.45.57:447][  0]LogNativeClassHierarchy: Verbose: Native class hierarchy updated for 'HierarchicalLODOutliner' in 0.0002 seconds. Added 0 classes and 0 folders.
[2022.01.15-22.45.57:447][  0]LogInput: Warning: Action Jump uses invalid key OculusGo_Left_Trigger_Click.
[2022.01.15-22.45.57:447][  0]LogInput: Warning: Action Grab uses invalid key OculusGo_Left_Trackpad_Click.
[2022.01.15-22.45.57:447][  0]LogInput: Warning: Action ResetVR uses invalid key OculusGo_Left_Back_Click.
[2022.01.15-22.45.57:447][  0]LogInput: Warning: Use -RemoveInvalidKeys to remove instances of these keys from the action mapping.
[2022.01.15-22.45.57:447][  0]LogLoad: (Engine Initialization) Total time: 11.88 seconds
[2022.01.15-22.45.57:447][  0]LogLoad: (Engine Initialization) Total Blueprint compile time: 0.00 seconds
[2022.01.15-22.45.57:502][  0]LogAssetRegistry: Asset discovery search completed in 7.9943 seconds
[2022.01.15-22.45.57:507][  0]LogCollectionManager: Fixed up redirectors for 0 collections in 0.000004 seconds (updated 0 objects)
[2022.01.15-22.45.57:511][  0]LogContentStreaming: Texture pool size now 1000 MB
[2022.01.15-22.45.58:478][ 41]LogSlate: Took 0.003407 seconds to synchronously load lazily loaded font '../../../Engine/Content/Slate/Fonts/Roboto-Light.ttf' (167K)
[2022.01.15-22.45.58:623][ 45]LogSlate: Took 0.001515 seconds to synchronously load lazily loaded font '../../../Engine/Content/Slate/Fonts/Roboto-Italic.ttf' (157K)
[2022.01.15-23.01.51:790][938]LogD3D11RHI: Error: Result failed 
 at D:/Build/++UE4/Sync/Engine/Source/Runtime/Windows/D3D11RHI/Private/D3D11Query.cpp:360 
 with error DXGI_ERROR_DEVICE_REMOVED DXGI_ERROR_DEVICE_RESET
[2022.01.15-23.01.51:790][938]LogD3D11RHI: [Aftermath] GDynamicRHI=000001F6A7095BC0, GDX11NVAfterMathEnabled=0, Result=0xFFFFFFFF, bDeviceActive=0
[2022.01.15-23.01.51:794][938]LogWindows: Windows GetLastError: The operation completed successfully. (0)
[2022.01.15-23.01.53:901][938]LogWindows: FPlatformMisc::RequestExit(0)
[2022.01.15-23.01.53:901][938]LogWindows: FPlatformMisc::RequestExitWithStatus(0, 0)
[2022.01.15-23.01.53:901][938]LogCore: Engine exit requested (reason: Win RequestExit)
[2022.01.15-23.01.53:901][938]LogWindows: FPlatformMisc::RequestExit(1)
[2022.01.15-23.01.53:901][938]LogWindows: FPlatformMisc::RequestExitWithStatus(1, 3)
[2022.01.15-23.01.53:901][938]LogCore: Engine exit requested (reason: Win RequestExit; note: exit was already requested)
[2022.01.15-23.01.53:904][938]Log file closed, 01/16/22 00:01:53
