Log file open, 01/16/22 00:44:40
LogWindows: Failed to load 'aqProf.dll' (GetLastError=126)
LogWindows: File 'aqProf.dll' does not exist
LogWindows: Failed to load 'VtuneApi.dll' (GetLastError=126)
LogWindows: File 'VtuneApi.dll' does not exist
LogWindows: Failed to load 'VtuneApi32e.dll' (GetLastError=126)
LogWindows: File 'VtuneApi32e.dll' does not exist
LogConsoleResponse: Display: Failed to find resolution value strings in scalability ini. Falling back to default.
LogConsoleResponse: Display: Failed to find resolution value strings in scalability ini. Falling back to default.
LogInit: Display: Running engine for game: Final_302
LogPlatformFile: Not using cached read wrapper
LogTaskGraph: Started task graph with 5 named threads and 23 total threads with 3 sets of task threads.
LogStats: Stats thread started at 0.251715
LogICUInternationalization: ICU TimeZone Detection - Raw Offset: +1:00, Platform Override: ''
LogInit: Display: Loading text-based GConfig....
LogPluginManager: Mounting plugin MeshPainting
LogPluginManager: Mounting plugin XGEController
LogPluginManager: Mounting plugin Paper2D
LogPluginManager: Mounting plugin LiveLink
LogPluginManager: Mounting plugin AISupport
LogPluginManager: Mounting plugin EnvironmentQueryEditor
LogPluginManager: Mounting plugin CameraShakePreviewer
LogPluginManager: Mounting plugin GameplayCameras
LogPluginManager: Mounting plugin LightPropagationVolume
LogPluginManager: Mounting plugin OodleData
LogPluginManager: Mounting plugin OodleNetwork
LogPluginManager: Mounting plugin AnimationSharing
LogPluginManager: Mounting plugin CLionSourceCodeAccess
LogPluginManager: Mounting plugin CodeLiteSourceCodeAccess
LogPluginManager: Mounting plugin KDevelopSourceCodeAccess
LogPluginManager: Mounting plugin NullSourceCodeAccess
LogPluginManager: Mounting plugin GitSourceControl
LogPluginManager: Mounting plugin PixWinPlugin
LogPluginManager: Mounting plugin PluginUtils
LogPluginManager: Mounting plugin RiderSourceCodeAccess
LogPluginManager: Mounting plugin SubversionSourceControl
LogPluginManager: Mounting plugin TextureFormatOodle
LogPluginManager: Mounting plugin PerforceSourceControl
LogPluginManager: Mounting plugin UObjectPlugin
LogPluginManager: Mounting plugin PropertyAccessNode
LogPluginManager: Mounting plugin VisualStudioCodeSourceCodeAccess
LogPluginManager: Mounting plugin VisualStudioSourceCodeAccess
LogPluginManager: Mounting plugin XCodeSourceCodeAccess
LogPluginManager: Mounting plugin DataprepEditor
LogPluginManager: Mounting plugin DatasmithCADImporter
LogPluginManager: Mounting plugin DatasmithContent
LogPluginManager: Mounting plugin DatasmithImporter
LogPluginManager: Mounting plugin PlasticSourceControl
LogPluginManager: Mounting plugin StaticMeshEditorExtension
LogPluginManager: Mounting plugin VariantManagerContent
LogPluginManager: Mounting plugin AssetManagerEditor
LogPluginManager: Mounting plugin CryptoKeys
LogPluginManager: Mounting plugin CurveEditorTools
LogPluginManager: Mounting plugin VariantManager
LogPluginManager: Mounting plugin DataValidation
LogPluginManager: Mounting plugin EditorScriptingUtilities
LogPluginManager: Mounting plugin FacialAnimation
LogPluginManager: Mounting plugin GeometryMode
LogPluginManager: Mounting plugin GameplayTagsEditor
LogPluginManager: Mounting plugin MaterialAnalyzer
LogPluginManager: Mounting plugin MacGraphicsSwitching
LogPluginManager: Mounting plugin MobileLauncherProfileWizard
LogPluginManager: Mounting plugin MeshEditor
LogPluginManager: Mounting plugin PluginBrowser
LogPluginManager: Mounting plugin Niagara
LogPluginManager: Mounting plugin SpeedTreeImporter
LogPluginManager: Mounting plugin AlembicImporter
LogPluginManager: Mounting plugin AutomationUtils
LogPluginManager: Mounting plugin BackChannel
LogPluginManager: Mounting plugin BlastPlugin
LogPluginManager: Mounting plugin ChaosCloth
LogPluginManager: Mounting plugin ChaosClothEditor
LogPluginManager: Mounting plugin ChaosEditor
LogPluginManager: Mounting plugin ChaosNiagara
LogPluginManager: Mounting plugin CharacterAI
LogPluginManager: Mounting plugin ChaosSolverPlugin
LogPluginManager: Mounting plugin GeometryCache
LogPluginManager: Mounting plugin GeometryProcessing
LogPluginManager: Mounting plugin GeometryCollectionPlugin
LogPluginManager: Mounting plugin MotoSynth
LogPluginManager: Mounting plugin OpenImageDenoise
LogPluginManager: Mounting plugin PlatformCrypto
LogPluginManager: Mounting plugin PlanarCut
LogPluginManager: Mounting plugin ProxyLODPlugin
LogPluginManager: Mounting plugin PythonScriptPlugin
LogPluginManager: Mounting plugin SkeletalReduction
LogPluginManager: Mounting plugin ActorSequence
LogPluginManager: Mounting plugin TcpMessaging
LogPluginManager: Mounting plugin LevelSequenceEditor
LogPluginManager: Mounting plugin UdpMessaging
LogPluginManager: Mounting plugin MatineeToLevelSequence
LogPluginManager: Mounting plugin TemplateSequence
LogPluginManager: Mounting plugin AndroidMedia
LogPluginManager: Mounting plugin AvfMedia
LogPluginManager: Mounting plugin ImgMedia
LogPluginManager: Mounting plugin MediaCompositing
LogPluginManager: Mounting plugin MediaPlayerEditor
LogPluginManager: Mounting plugin WebMMedia
LogPluginManager: Mounting plugin WmfMedia
LogPluginManager: Mounting plugin LuminPlatformFeatures
LogPluginManager: Mounting plugin MagicLeap
LogPluginManager: Mounting plugin OnlineSubsystem
LogPluginManager: Mounting plugin MagicLeapLightEstimation
LogPluginManager: Mounting plugin MagicLeapMedia
LogPluginManager: Mounting plugin OnlineSubsystemNull
LogPluginManager: Mounting plugin MagicLeapPassableWorld
LogPluginManager: Mounting plugin MLSDK
LogPluginManager: Mounting plugin OnlineSubsystemUtils
LogPluginManager: Mounting plugin LauncherChunkInstaller
LogPluginManager: Mounting plugin ActorLayerUtilities
LogPluginManager: Mounting plugin AndroidDeviceProfileSelector
LogPluginManager: Mounting plugin AndroidMoviePlayer
LogPluginManager: Mounting plugin AndroidPermission
LogPluginManager: Mounting plugin AppleImageUtils
LogPluginManager: Mounting plugin AppleMoviePlayer
LogPluginManager: Mounting plugin ArchVisCharacter
LogPluginManager: Mounting plugin AssetTags
LogPluginManager: Mounting plugin AudioCapture
LogPluginManager: Mounting plugin AudioSynesthesia
LogPluginManager: Mounting plugin CableComponent
LogPluginManager: Mounting plugin CustomMeshComponent
LogPluginManager: Mounting plugin ChunkDownloader
LogPluginManager: Mounting plugin EditableMesh
LogPluginManager: Mounting plugin ExampleDeviceProfileSelector
LogPluginManager: Mounting plugin GoogleCloudMessaging
LogPluginManager: Mounting plugin GooglePAD
LogPluginManager: Mounting plugin ScreenshotTools
LogPluginManager: Mounting plugin IOSDeviceProfileSelector
LogPluginManager: Mounting plugin LinuxDeviceProfileSelector
LogPluginManager: Mounting plugin LocationServicesBPLibrary
LogPluginManager: Mounting plugin MobilePatchingUtils
LogPluginManager: Mounting plugin OpenXR
LogPluginManager: Mounting plugin OpenXRHandTracking
LogPluginManager: Mounting plugin OpenXREyeTracker
LogPluginManager: Mounting plugin PhysXVehicles
LogPluginManager: Mounting plugin PostSplashScreen
LogPluginManager: Mounting plugin ProceduralMeshComponent
LogPluginManager: Mounting plugin PropertyAccessEditor
LogPluginManager: Mounting plugin RuntimePhysXCooking
LogPluginManager: Mounting plugin SignificanceManager
LogPluginManager: Mounting plugin SoundFields
LogPluginManager: Mounting plugin Synthesis
LogPluginManager: Mounting plugin Takes
LogPluginManager: Mounting plugin WebMMoviePlayer
LogPluginManager: Mounting plugin WindowsMoviePlayer
LogPluginManager: Mounting plugin ContentBrowserAssetDataSource
LogPluginManager: Mounting plugin ContentBrowserFileDataSource
LogPluginManager: Mounting plugin ContentBrowserClassDataSource
LogPluginManager: Mounting plugin OnlineSubsystemGooglePlay
LogPluginManager: Mounting plugin OnlineSubsystemIOS
LogPluginManager: Mounting plugin OculusVR
LogPluginManager: Mounting plugin SteamVR
PixWinPlugin: PIX capture plugin failed to initialize! Check that the process is launched from PIX.
LogInit: Using libcurl 7.55.1-DEV
LogInit:  - built for x86_64-pc-win32
LogInit:  - supports SSL with OpenSSL/1.1.1
LogInit:  - supports HTTP deflate (compression) using libz 1.2.8
LogInit:  - other features:
LogInit:      CURL_VERSION_SSL
LogInit:      CURL_VERSION_LIBZ
LogInit:      CURL_VERSION_IPV6
LogInit:      CURL_VERSION_ASYNCHDNS
LogInit:      CURL_VERSION_LARGEFILE
LogInit:      CURL_VERSION_IDN
LogInit:  CurlRequestOptions (configurable via config and command line):
LogInit:  - bVerifyPeer = true  - Libcurl will verify peer certificate
LogInit:  - bUseHttpProxy = false  - Libcurl will NOT use HTTP proxy
LogInit:  - bDontReuseConnections = false  - Libcurl will reuse connections
LogInit:  - MaxHostConnections = 16  - Libcurl will limit the number of connections to a host
LogInit:  - LocalHostAddr = Default
LogInit:  - BufferSize = 65536
LogOnline: OSS: Creating online subsystem instance for: NULL
LogInit: WinSock: version 1.1 (2.2), MaxSocks=32767, MaxUdp=65467
LogOnline: OSS: TryLoadSubsystemAndSetDefault: Loaded subsystem for module [NULL]
LogOculusPluginWrapper: OculusPlugin initialized successfully
LogHMD: Failed initializing OVRPlugin 1.59.0
LogInit: Build: ++UE4+Release-4.27-CL-18319896
LogInit: Engine Version: 4.27.2-18319896+++UE4+Release-4.27
LogInit: Compatible Engine Version: 4.27.0-17155196+++UE4+Release-4.27
LogInit: Net CL: 17155196
LogInit: OS: Windows 10 (Release 2009) (), CPU: 11th Gen Intel(R) Core(TM) i5-1135G7 @ 2.40GHz, GPU: Intel(R) Iris(R) Xe Graphics
LogInit: Compiled (64-bit): Nov 30 2021 07:12:08
LogInit: Compiled with Visual C++: 19.24.28315.00
LogInit: Build Configuration: Development
LogInit: Branch Name: ++UE4+Release-4.27
LogInit: Command Line: 
LogInit: Base Directory: C:/Program Files/Epic Games/UE_4.27/Engine/Binaries/Win64/
LogInit: Allocator: TBB
LogInit: Installed Engine Build: 1
LogDevObjectVersion: Number of dev versions registered: 29
LogDevObjectVersion:   Dev-Blueprints (B0D832E4-1F89-4F0D-ACCF-7EB736FD4AA2): 10
LogDevObjectVersion:   Dev-Build (E1C64328-A22C-4D53-A36C-8E866417BD8C): 0
LogDevObjectVersion:   Dev-Core (375EC13C-06E4-48FB-B500-84F0262A717E): 4
LogDevObjectVersion:   Dev-Editor (E4B068ED-F494-42E9-A231-DA0B2E46BB41): 40
LogDevObjectVersion:   Dev-Framework (CFFC743F-43B0-4480-9391-14DF171D2073): 37
LogDevObjectVersion:   Dev-Mobile (B02B49B5-BB20-44E9-A304-32B752E40360): 3
LogDevObjectVersion:   Dev-Networking (A4E4105C-59A1-49B5-A7C5-40C4547EDFEE): 0
LogDevObjectVersion:   Dev-Online (39C831C9-5AE6-47DC-9A44-9C173E1C8E7C): 0
LogDevObjectVersion:   Dev-Physics (78F01B33-EBEA-4F98-B9B4-84EACCB95AA2): 14
LogDevObjectVersion:   Dev-Platform (6631380F-2D4D-43E0-8009-CF276956A95A): 0
LogDevObjectVersion:   Dev-Rendering (12F88B9F-8875-4AFC-A67C-D90C383ABD29): 45
LogDevObjectVersion:   Dev-Sequencer (7B5AE74C-D270-4C10-A958-57980B212A5A): 13
LogDevObjectVersion:   Dev-VR (D7296918-1DD6-4BDD-9DE2-64A83CC13884): 3
LogDevObjectVersion:   Dev-LoadTimes (C2A15278-BFE7-4AFE-6C17-90FF531DF755): 1
LogDevObjectVersion:   Private-Geometry (6EACA3D4-40EC-4CC1-B786-8BED09428FC5): 3
LogDevObjectVersion:   Dev-AnimPhys (29E575DD-E0A3-4627-9D10-D276232CDCEA): 17
LogDevObjectVersion:   Dev-Anim (AF43A65D-7FD3-4947-9873-3E8ED9C1BB05): 15
LogDevObjectVersion:   Dev-ReflectionCapture (6B266CEC-1EC7-4B8F-A30B-E4D90942FC07): 1
LogDevObjectVersion:   Dev-Automation (0DF73D61-A23F-47EA-B727-89E90C41499A): 1
LogDevObjectVersion:   FortniteMain (601D1886-AC64-4F84-AA16-D3DE0DEAC7D6): 47
LogDevObjectVersion:   FortniteRelease (E7086368-6B23-4C58-8439-1B7016265E91): 1
LogDevObjectVersion:   Dev-Enterprise (9DFFBCD6-494F-0158-E221-12823C92A888): 10
LogDevObjectVersion:   Dev-Niagara (F2AED0AC-9AFE-416F-8664-AA7FFA26D6FC): 1
LogDevObjectVersion:   Dev-Destruction (174F1F0B-B4C6-45A5-B13F-2EE8D0FB917D): 10
LogDevObjectVersion:   Dev-Physics-Ext (35F94A83-E258-406C-A318-09F59610247C): 41
LogDevObjectVersion:   Dev-PhysicsMaterial-Chaos (B68FC16E-8B1B-42E2-B453-215C058844FE): 1
LogDevObjectVersion:   Dev-CineCamera (B2E18506-4273-CFC2-A54E-F4BB758BBA07): 1
LogDevObjectVersion:   Dev-VirtualProduction (64F58936-FD1B-42BA-BA96-7289D5D0FA4E): 1
LogDevObjectVersion:   Dev-MediaFramework (6F0ED827-A609-4895-9C91-998D90180EA4): 2
LogInit: Presizing for max 25165824 objects, including 0 objects not considered by GC, pre-allocating 0 bytes for permanent pool.
LogConfig: Applying CVar settings from Section [/Script/Engine.StreamingSettings] File [C:/Users/marti/Documents/GitHub/302_Final/Final_302/Saved/Config/Windows/Engine.ini]
LogConfig: Setting CVar [[s.MinBulkDataSizeForAsyncLoading:131072]]
LogConfig: Setting CVar [[s.AsyncLoadingThreadEnabled:0]]
LogConfig: Setting CVar [[s.EventDrivenLoaderEnabled:1]]
LogConfig: Setting CVar [[s.WarnIfTimeLimitExceeded:0]]
LogConfig: Setting CVar [[s.TimeLimitExceededMultiplier:1.5]]
LogConfig: Setting CVar [[s.TimeLimitExceededMinTime:0.005]]
LogConfig: Setting CVar [[s.UseBackgroundLevelStreaming:1]]
LogConfig: Setting CVar [[s.PriorityAsyncLoadingExtraTime:15.0]]
LogConfig: Setting CVar [[s.LevelStreamingActorsUpdateTimeLimit:5.0]]
LogConfig: Setting CVar [[s.PriorityLevelStreamingActorsUpdateExtraTime:5.0]]
LogConfig: Setting CVar [[s.LevelStreamingComponentsRegistrationGranularity:10]]
LogConfig: Setting CVar [[s.UnregisterComponentsTimeLimit:1.0]]
LogConfig: Setting CVar [[s.LevelStreamingComponentsUnregistrationGranularity:5]]
LogConfig: Setting CVar [[s.FlushStreamingOnExit:1]]
LogInit: Object subsystem initialized
LogConfig: Setting CVar [[con.DebugEarlyDefault:1]]
LogConfig: Setting CVar [[r.setres:1280x720]]
[2022.01.15-23.44.41:216][  0]LogConfig: Setting CVar [[r.VSync:0]]
[2022.01.15-23.44.41:216][  0]LogConfig: Setting CVar [[r.RHICmdBypass:0]]
[2022.01.15-23.44.41:216][  0]LogConfig: Applying CVar settings from Section [/Script/Engine.RendererSettings] File [C:/Users/marti/Documents/GitHub/302_Final/Final_302/Saved/Config/Windows/Engine.ini]
[2022.01.15-23.44.41:216][  0]LogConfig: Setting CVar [[r.GPUCrashDebugging:0]]
[2022.01.15-23.44.41:216][  0]LogConfig: Applying CVar settings from Section [/Script/Engine.RendererOverrideSettings] File [C:/Users/marti/Documents/GitHub/302_Final/Final_302/Saved/Config/Windows/Engine.ini]
[2022.01.15-23.44.41:216][  0]LogConfig: Applying CVar settings from Section [/Script/Engine.StreamingSettings] File [C:/Users/marti/Documents/GitHub/302_Final/Final_302/Saved/Config/Windows/Engine.ini]
[2022.01.15-23.44.41:216][  0]LogConfig: Setting CVar [[s.MinBulkDataSizeForAsyncLoading:131072]]
[2022.01.15-23.44.41:216][  0]LogConfig: Setting CVar [[s.AsyncLoadingThreadEnabled:0]]
[2022.01.15-23.44.41:216][  0]LogConfig: Setting CVar [[s.EventDrivenLoaderEnabled:1]]
[2022.01.15-23.44.41:216][  0]LogConfig: Setting CVar [[s.WarnIfTimeLimitExceeded:0]]
[2022.01.15-23.44.41:216][  0]LogConfig: Setting CVar [[s.TimeLimitExceededMultiplier:1.5]]
[2022.01.15-23.44.41:216][  0]LogConfig: Setting CVar [[s.TimeLimitExceededMinTime:0.005]]
[2022.01.15-23.44.41:216][  0]LogConfig: Setting CVar [[s.UseBackgroundLevelStreaming:1]]
[2022.01.15-23.44.41:216][  0]LogConfig: Setting CVar [[s.PriorityAsyncLoadingExtraTime:15.0]]
[2022.01.15-23.44.41:216][  0]LogConfig: Setting CVar [[s.LevelStreamingActorsUpdateTimeLimit:5.0]]
[2022.01.15-23.44.41:216][  0]LogConfig: Setting CVar [[s.PriorityLevelStreamingActorsUpdateExtraTime:5.0]]
[2022.01.15-23.44.41:216][  0]LogConfig: Setting CVar [[s.LevelStreamingComponentsRegistrationGranularity:10]]
[2022.01.15-23.44.41:216][  0]LogConfig: Setting CVar [[s.UnregisterComponentsTimeLimit:1.0]]
[2022.01.15-23.44.41:216][  0]LogConfig: Setting CVar [[s.LevelStreamingComponentsUnregistrationGranularity:5]]
[2022.01.15-23.44.41:216][  0]LogConfig: Setting CVar [[s.FlushStreamingOnExit:1]]
[2022.01.15-23.44.41:216][  0]LogConfig: Applying CVar settings from Section [/Script/Engine.GarbageCollectionSettings] File [C:/Users/marti/Documents/GitHub/302_Final/Final_302/Saved/Config/Windows/Engine.ini]
[2022.01.15-23.44.41:216][  0]LogConfig: Setting CVar [[gc.MaxObjectsNotConsideredByGC:1]]
[2022.01.15-23.44.41:216][  0]LogConfig: Setting CVar [[gc.SizeOfPermanentObjectPool:0]]
[2022.01.15-23.44.41:216][  0]LogConfig: Setting CVar [[gc.FlushStreamingOnGC:0]]
[2022.01.15-23.44.41:216][  0]LogConfig: Setting CVar [[gc.NumRetriesBeforeForcingGC:10]]
[2022.01.15-23.44.41:216][  0]LogConfig: Setting CVar [[gc.AllowParallelGC:1]]
[2022.01.15-23.44.41:216][  0]LogConfig: Setting CVar [[gc.TimeBetweenPurgingPendingKillObjects:61.1]]
[2022.01.15-23.44.41:216][  0]LogConfig: Setting CVar [[gc.MaxObjectsInEditor:25165824]]
[2022.01.15-23.44.41:216][  0]LogConfig: Setting CVar [[gc.IncrementalBeginDestroyEnabled:1]]
[2022.01.15-23.44.41:216][  0]LogConfig: Setting CVar [[gc.CreateGCClusters:1]]
[2022.01.15-23.44.41:216][  0]LogConfig: Setting CVar [[gc.MinGCClusterSize:5]]
[2022.01.15-23.44.41:216][  0]LogConfig: Setting CVar [[gc.ActorClusteringEnabled:0]]
[2022.01.15-23.44.41:216][  0]LogConfig: Setting CVar [[gc.BlueprintClusteringEnabled:0]]
[2022.01.15-23.44.41:216][  0]LogConfig: Setting CVar [[gc.UseDisregardForGCOnDedicatedServers:0]]
[2022.01.15-23.44.41:216][  0]LogConfig: Setting CVar [[gc.MultithreadedDestructionEnabled:1]]
[2022.01.15-23.44.41:216][  0]LogConfig: Applying CVar settings from Section [/Script/Engine.NetworkSettings] File [C:/Users/marti/Documents/GitHub/302_Final/Final_302/Saved/Config/Windows/Engine.ini]
[2022.01.15-23.44.41:216][  0]LogConfig: Applying CVar settings from Section [/Script/UnrealEd.CookerSettings] File [C:/Users/marti/Documents/GitHub/302_Final/Final_302/Saved/Config/Windows/Engine.ini]
[2022.01.15-23.44.41:226][  0]LogConfig: Applying CVar settings from Section [ViewDistanceQuality@3] File [C:/Users/marti/Documents/GitHub/302_Final/Final_302/Saved/Config/Windows/Scalability.ini]
[2022.01.15-23.44.41:226][  0]LogConfig: Setting CVar [[r.SkeletalMeshLODBias:0]]
[2022.01.15-23.44.41:226][  0]LogConfig: Setting CVar [[r.ViewDistanceScale:1.0]]
[2022.01.15-23.44.41:226][  0]LogConfig: Applying CVar settings from Section [AntiAliasingQuality@3] File [C:/Users/marti/Documents/GitHub/302_Final/Final_302/Saved/Config/Windows/Scalability.ini]
[2022.01.15-23.44.41:226][  0]LogConfig: Setting CVar [[r.PostProcessAAQuality:4]]
[2022.01.15-23.44.41:226][  0]LogConfig: Applying CVar settings from Section [ShadowQuality@3] File [C:/Users/marti/Documents/GitHub/302_Final/Final_302/Saved/Config/Windows/Scalability.ini]
[2022.01.15-23.44.41:226][  0]LogConfig: Setting CVar [[r.LightFunctionQuality:1]]
[2022.01.15-23.44.41:226][  0]LogConfig: Setting CVar [[r.ShadowQuality:5]]
[2022.01.15-23.44.41:226][  0]LogConfig: Setting CVar [[r.Shadow.CSM.MaxCascades:10]]
[2022.01.15-23.44.41:226][  0]LogConfig: Setting CVar [[r.Shadow.MaxResolution:2048]]
[2022.01.15-23.44.41:226][  0]LogConfig: Setting CVar [[r.Shadow.MaxCSMResolution:2048]]
[2022.01.15-23.44.41:226][  0]LogConfig: Setting CVar [[r.Shadow.RadiusThreshold:0.01]]
[2022.01.15-23.44.41:226][  0]LogConfig: Setting CVar [[r.Shadow.DistanceScale:1.0]]
[2022.01.15-23.44.41:226][  0]LogConfig: Setting CVar [[r.Shadow.CSM.TransitionScale:1.0]]
[2022.01.15-23.44.41:226][  0]LogConfig: Setting CVar [[r.Shadow.PreShadowResolutionFactor:1.0]]
[2022.01.15-23.44.41:226][  0]LogConfig: Setting CVar [[r.DistanceFieldShadowing:1]]
[2022.01.15-23.44.41:226][  0]LogConfig: Setting CVar [[r.DistanceFieldAO:1]]
[2022.01.15-23.44.41:226][  0]LogConfig: Setting CVar [[r.AOQuality:2]]
[2022.01.15-23.44.41:226][  0]LogConfig: Setting CVar [[r.VolumetricFog:1]]
[2022.01.15-23.44.41:226][  0]LogConfig: Setting CVar [[r.VolumetricFog.GridPixelSize:8]]
[2022.01.15-23.44.41:226][  0]LogConfig: Setting CVar [[r.VolumetricFog.GridSizeZ:128]]
[2022.01.15-23.44.41:226][  0]LogConfig: Setting CVar [[r.VolumetricFog.HistoryMissSupersampleCount:4]]
[2022.01.15-23.44.41:226][  0]LogConfig: Setting CVar [[r.LightMaxDrawDistanceScale:1]]
[2022.01.15-23.44.41:226][  0]LogConfig: Setting CVar [[r.CapsuleShadows:1]]
[2022.01.15-23.44.41:226][  0]LogConfig: Applying CVar settings from Section [PostProcessQuality@3] File [C:/Users/marti/Documents/GitHub/302_Final/Final_302/Saved/Config/Windows/Scalability.ini]
[2022.01.15-23.44.41:226][  0]LogConfig: Setting CVar [[r.MotionBlurQuality:4]]
[2022.01.15-23.44.41:226][  0]LogConfig: Setting CVar [[r.AmbientOcclusionMipLevelFactor:0.4]]
[2022.01.15-23.44.41:226][  0]LogConfig: Setting CVar [[r.AmbientOcclusionMaxQuality:100]]
[2022.01.15-23.44.41:226][  0]LogConfig: Setting CVar [[r.AmbientOcclusionLevels:-1]]
[2022.01.15-23.44.41:226][  0]LogConfig: Setting CVar [[r.AmbientOcclusionRadiusScale:1.0]]
[2022.01.15-23.44.41:226][  0]LogConfig: Setting CVar [[r.DepthOfFieldQuality:2]]
[2022.01.15-23.44.41:226][  0]LogConfig: Setting CVar [[r.RenderTargetPoolMin:400]]
[2022.01.15-23.44.41:226][  0]LogConfig: Setting CVar [[r.LensFlareQuality:2]]
[2022.01.15-23.44.41:226][  0]LogConfig: Setting CVar [[r.SceneColorFringeQuality:1]]
[2022.01.15-23.44.41:226][  0]LogConfig: Setting CVar [[r.EyeAdaptationQuality:2]]
[2022.01.15-23.44.41:226][  0]LogConfig: Setting CVar [[r.BloomQuality:5]]
[2022.01.15-23.44.41:226][  0]LogConfig: Setting CVar [[r.FastBlurThreshold:100]]
[2022.01.15-23.44.41:226][  0]LogConfig: Setting CVar [[r.Upscale.Quality:3]]
[2022.01.15-23.44.41:226][  0]LogConfig: Setting CVar [[r.Tonemapper.GrainQuantization:1]]
[2022.01.15-23.44.41:226][  0]LogConfig: Setting CVar [[r.LightShaftQuality:1]]
[2022.01.15-23.44.41:226][  0]LogConfig: Setting CVar [[r.Filter.SizeScale:1]]
[2022.01.15-23.44.41:226][  0]LogConfig: Setting CVar [[r.Tonemapper.Quality:5]]
[2022.01.15-23.44.41:226][  0]LogConfig: Setting CVar [[r.DOF.Gather.AccumulatorQuality:1        ; higher gathering accumulator quality]]
[2022.01.15-23.44.41:226][  0]LogConfig: Setting CVar [[r.DOF.Gather.PostfilterMethod:1          ; Median3x3 postfilering method]]
[2022.01.15-23.44.41:226][  0]LogConfig: Setting CVar [[r.DOF.Gather.EnableBokehSettings:0       ; no bokeh simulation when gathering]]
[2022.01.15-23.44.41:226][  0]LogConfig: Setting CVar [[r.DOF.Gather.RingCount:4                 ; medium number of samples when gathering]]
[2022.01.15-23.44.41:226][  0]LogConfig: Setting CVar [[r.DOF.Scatter.ForegroundCompositing:1    ; additive foreground scattering]]
[2022.01.15-23.44.41:226][  0]LogConfig: Setting CVar [[r.DOF.Scatter.BackgroundCompositing:2    ; additive background scattering]]
[2022.01.15-23.44.41:226][  0]LogConfig: Setting CVar [[r.DOF.Scatter.EnableBokehSettings:1      ; bokeh simulation when scattering]]
[2022.01.15-23.44.41:226][  0]LogConfig: Setting CVar [[r.DOF.Scatter.MaxSpriteRatio:0.1         ; only a maximum of 10% of scattered bokeh]]
[2022.01.15-23.44.41:227][  0]LogConfig: Setting CVar [[r.DOF.Recombine.Quality:1                ; cheap slight out of focus]]
[2022.01.15-23.44.41:227][  0]LogConfig: Setting CVar [[r.DOF.Recombine.EnableBokehSettings:0    ; no bokeh simulation on slight out of focus]]
[2022.01.15-23.44.41:227][  0]LogConfig: Setting CVar [[r.DOF.TemporalAAQuality:1                ; more stable temporal accumulation]]
[2022.01.15-23.44.41:227][  0]LogConfig: Setting CVar [[r.DOF.Kernel.MaxForegroundRadius:0.025]]
[2022.01.15-23.44.41:227][  0]LogConfig: Setting CVar [[r.DOF.Kernel.MaxBackgroundRadius:0.025]]
[2022.01.15-23.44.41:227][  0]LogConfig: Applying CVar settings from Section [TextureQuality@3] File [C:/Users/marti/Documents/GitHub/302_Final/Final_302/Saved/Config/Windows/Scalability.ini]
[2022.01.15-23.44.41:227][  0]LogConfig: Setting CVar [[r.Streaming.MipBias:0]]
[2022.01.15-23.44.41:227][  0]LogConfig: Setting CVar [[r.Streaming.AmortizeCPUToGPUCopy:0]]
[2022.01.15-23.44.41:227][  0]LogConfig: Setting CVar [[r.Streaming.MaxNumTexturesToStreamPerFrame:0]]
[2022.01.15-23.44.41:227][  0]LogConfig: Setting CVar [[r.Streaming.Boost:1]]
[2022.01.15-23.44.41:227][  0]LogConfig: Setting CVar [[r.MaxAnisotropy:8]]
[2022.01.15-23.44.41:227][  0]LogConfig: Setting CVar [[r.VT.MaxAnisotropy:8]]
[2022.01.15-23.44.41:227][  0]LogConfig: Setting CVar [[r.Streaming.LimitPoolSizeToVRAM:0]]
[2022.01.15-23.44.41:227][  0]LogConfig: Setting CVar [[r.Streaming.PoolSize:1000]]
[2022.01.15-23.44.41:227][  0]LogConfig: Setting CVar [[r.Streaming.MaxEffectiveScreenSize:0]]
[2022.01.15-23.44.41:227][  0]LogConfig: Applying CVar settings from Section [EffectsQuality@3] File [C:/Users/marti/Documents/GitHub/302_Final/Final_302/Saved/Config/Windows/Scalability.ini]
[2022.01.15-23.44.41:227][  0]LogConfig: Setting CVar [[r.TranslucencyLightingVolumeDim:64]]
[2022.01.15-23.44.41:227][  0]LogConfig: Setting CVar [[r.RefractionQuality:2]]
[2022.01.15-23.44.41:227][  0]LogConfig: Setting CVar [[r.SSR.Quality:3]]
[2022.01.15-23.44.41:227][  0]LogConfig: Setting CVar [[r.SSR.HalfResSceneColor:0]]
[2022.01.15-23.44.41:227][  0]LogConfig: Setting CVar [[r.SceneColorFormat:4]]
[2022.01.15-23.44.41:227][  0]LogConfig: Setting CVar [[r.DetailMode:2]]
[2022.01.15-23.44.41:227][  0]LogConfig: Setting CVar [[r.TranslucencyVolumeBlur:1]]
[2022.01.15-23.44.41:227][  0]LogConfig: Setting CVar [[r.MaterialQualityLevel:1 ; High quality]]
[2022.01.15-23.44.41:227][  0]LogConfig: Setting CVar [[r.AnisotropicMaterials:1]]
[2022.01.15-23.44.41:227][  0]LogConfig: Setting CVar [[r.SSS.Scale:1]]
[2022.01.15-23.44.41:227][  0]LogConfig: Setting CVar [[r.SSS.SampleSet:2]]
[2022.01.15-23.44.41:227][  0]LogConfig: Setting CVar [[r.SSS.Quality:1]]
[2022.01.15-23.44.41:227][  0]LogConfig: Setting CVar [[r.SSS.HalfRes:0]]
[2022.01.15-23.44.41:227][  0]LogConfig: Setting CVar [[r.SSGI.Quality:3]]
[2022.01.15-23.44.41:227][  0]LogConfig: Setting CVar [[r.EmitterSpawnRateScale:1.0]]
[2022.01.15-23.44.41:227][  0]LogConfig: Setting CVar [[r.ParticleLightQuality:2]]
[2022.01.15-23.44.41:227][  0]LogConfig: Setting CVar [[r.SkyAtmosphere.AerialPerspectiveLUT.FastApplyOnOpaque:1 ; Always have FastSkyLUT 1 in this case to avoid wrong sky]]
[2022.01.15-23.44.41:227][  0]LogConfig: Setting CVar [[r.SkyAtmosphere.AerialPerspectiveLUT.SampleCountMaxPerSlice:4]]
[2022.01.15-23.44.41:227][  0]LogConfig: Setting CVar [[r.SkyAtmosphere.AerialPerspectiveLUT.DepthResolution:16.0]]
[2022.01.15-23.44.41:227][  0]LogConfig: Setting CVar [[r.SkyAtmosphere.FastSkyLUT:1]]
[2022.01.15-23.44.41:227][  0]LogConfig: Setting CVar [[r.SkyAtmosphere.FastSkyLUT.SampleCountMin:4.0]]
[2022.01.15-23.44.41:227][  0]LogConfig: Setting CVar [[r.SkyAtmosphere.FastSkyLUT.SampleCountMax:128.0]]
[2022.01.15-23.44.41:227][  0]LogConfig: Setting CVar [[r.SkyAtmosphere.SampleCountMin:4.0]]
[2022.01.15-23.44.41:227][  0]LogConfig: Setting CVar [[r.SkyAtmosphere.SampleCountMax:128.0]]
[2022.01.15-23.44.41:227][  0]LogConfig: Setting CVar [[r.SkyAtmosphere.TransmittanceLUT.UseSmallFormat:0]]
[2022.01.15-23.44.41:227][  0]LogConfig: Setting CVar [[r.SkyAtmosphere.TransmittanceLUT.SampleCount:10.0]]
[2022.01.15-23.44.41:227][  0]LogConfig: Setting CVar [[r.SkyAtmosphere.MultiScatteringLUT.SampleCount:15.0]]
[2022.01.15-23.44.41:227][  0]LogConfig: Setting CVar [[r.SkyLight.RealTimeReflectionCapture:1]]
[2022.01.15-23.44.41:227][  0]LogConfig: Applying CVar settings from Section [FoliageQuality@3] File [C:/Users/marti/Documents/GitHub/302_Final/Final_302/Saved/Config/Windows/Scalability.ini]
[2022.01.15-23.44.41:227][  0]LogConfig: Setting CVar [[foliage.DensityScale:1.0]]
[2022.01.15-23.44.41:227][  0]LogConfig: Setting CVar [[grass.DensityScale:1.0]]
[2022.01.15-23.44.41:227][  0]LogConfig: Applying CVar settings from Section [ShadingQuality@3] File [C:/Users/marti/Documents/GitHub/302_Final/Final_302/Saved/Config/Windows/Scalability.ini]
[2022.01.15-23.44.41:227][  0]LogConfig: Setting CVar [[r.HairStrands.SkyLighting.IntegrationType:2]]
[2022.01.15-23.44.41:227][  0]LogConfig: Setting CVar [[r.HairStrands.SkyAO.SampleCount:4]]
[2022.01.15-23.44.41:227][  0]LogConfig: Setting CVar [[r.HairStrands.Visibility.MSAA.SamplePerPixel:4]]
[2022.01.15-23.44.41:227][  0]LogInit: Selected Device Profile: [Windows]
[2022.01.15-23.44.41:227][  0]LogInit: Applying CVar settings loaded from the selected device profile: [Windows]
[2022.01.15-23.44.41:227][  0]LogHAL: Display: Platform has ~ 8 GB [8211980288 / 8589934592 / 8], which maps to Default [LargestMinGB=32, LargerMinGB=12, DefaultMinGB=8, SmallerMinGB=6, SmallestMinGB=0)
[2022.01.15-23.44.41:227][  0]LogInit: Going up to parent DeviceProfile []
[2022.01.15-23.44.41:227][  0]LogConfig: Applying CVar settings from Section [ViewDistanceQuality@3] File [C:/Users/marti/Documents/GitHub/302_Final/Final_302/Saved/Config/Windows/Scalability.ini]
[2022.01.15-23.44.41:227][  0]LogConfig: Setting CVar [[r.SkeletalMeshLODBias:0]]
[2022.01.15-23.44.41:227][  0]LogConfig: Setting CVar [[r.ViewDistanceScale:1.0]]
[2022.01.15-23.44.41:227][  0]LogConfig: Applying CVar settings from Section [AntiAliasingQuality@3] File [C:/Users/marti/Documents/GitHub/302_Final/Final_302/Saved/Config/Windows/Scalability.ini]
[2022.01.15-23.44.41:227][  0]LogConfig: Setting CVar [[r.PostProcessAAQuality:4]]
[2022.01.15-23.44.41:227][  0]LogConfig: Applying CVar settings from Section [ShadowQuality@3] File [C:/Users/marti/Documents/GitHub/302_Final/Final_302/Saved/Config/Windows/Scalability.ini]
[2022.01.15-23.44.41:227][  0]LogConfig: Setting CVar [[r.LightFunctionQuality:1]]
[2022.01.15-23.44.41:227][  0]LogConfig: Setting CVar [[r.ShadowQuality:5]]
[2022.01.15-23.44.41:227][  0]LogConfig: Setting CVar [[r.Shadow.CSM.MaxCascades:10]]
[2022.01.15-23.44.41:227][  0]LogConfig: Setting CVar [[r.Shadow.MaxResolution:2048]]
[2022.01.15-23.44.41:227][  0]LogConfig: Setting CVar [[r.Shadow.MaxCSMResolution:2048]]
[2022.01.15-23.44.41:227][  0]LogConfig: Setting CVar [[r.Shadow.RadiusThreshold:0.01]]
[2022.01.15-23.44.41:227][  0]LogConfig: Setting CVar [[r.Shadow.DistanceScale:1.0]]
[2022.01.15-23.44.41:227][  0]LogConfig: Setting CVar [[r.Shadow.CSM.TransitionScale:1.0]]
[2022.01.15-23.44.41:227][  0]LogConfig: Setting CVar [[r.Shadow.PreShadowResolutionFactor:1.0]]
[2022.01.15-23.44.41:227][  0]LogConfig: Setting CVar [[r.DistanceFieldShadowing:1]]
[2022.01.15-23.44.41:227][  0]LogConfig: Setting CVar [[r.DistanceFieldAO:1]]
[2022.01.15-23.44.41:227][  0]LogConfig: Setting CVar [[r.AOQuality:2]]
[2022.01.15-23.44.41:227][  0]LogConfig: Setting CVar [[r.VolumetricFog:1]]
[2022.01.15-23.44.41:227][  0]LogConfig: Setting CVar [[r.VolumetricFog.GridPixelSize:8]]
[2022.01.15-23.44.41:227][  0]LogConfig: Setting CVar [[r.VolumetricFog.GridSizeZ:128]]
[2022.01.15-23.44.41:227][  0]LogConfig: Setting CVar [[r.VolumetricFog.HistoryMissSupersampleCount:4]]
[2022.01.15-23.44.41:227][  0]LogConfig: Setting CVar [[r.LightMaxDrawDistanceScale:1]]
[2022.01.15-23.44.41:227][  0]LogConfig: Setting CVar [[r.CapsuleShadows:1]]
[2022.01.15-23.44.41:227][  0]LogConfig: Applying CVar settings from Section [PostProcessQuality@3] File [C:/Users/marti/Documents/GitHub/302_Final/Final_302/Saved/Config/Windows/Scalability.ini]
[2022.01.15-23.44.41:227][  0]LogConfig: Setting CVar [[r.MotionBlurQuality:4]]
[2022.01.15-23.44.41:227][  0]LogConfig: Setting CVar [[r.AmbientOcclusionMipLevelFactor:0.4]]
[2022.01.15-23.44.41:227][  0]LogConfig: Setting CVar [[r.AmbientOcclusionMaxQuality:100]]
[2022.01.15-23.44.41:227][  0]LogConfig: Setting CVar [[r.AmbientOcclusionLevels:-1]]
[2022.01.15-23.44.41:227][  0]LogConfig: Setting CVar [[r.AmbientOcclusionRadiusScale:1.0]]
[2022.01.15-23.44.41:227][  0]LogConfig: Setting CVar [[r.DepthOfFieldQuality:2]]
[2022.01.15-23.44.41:227][  0]LogConfig: Setting CVar [[r.RenderTargetPoolMin:400]]
[2022.01.15-23.44.41:227][  0]LogConfig: Setting CVar [[r.LensFlareQuality:2]]
[2022.01.15-23.44.41:227][  0]LogConfig: Setting CVar [[r.SceneColorFringeQuality:1]]
[2022.01.15-23.44.41:227][  0]LogConfig: Setting CVar [[r.EyeAdaptationQuality:2]]
[2022.01.15-23.44.41:227][  0]LogConfig: Setting CVar [[r.BloomQuality:5]]
[2022.01.15-23.44.41:227][  0]LogConfig: Setting CVar [[r.FastBlurThreshold:100]]
[2022.01.15-23.44.41:227][  0]LogConfig: Setting CVar [[r.Upscale.Quality:3]]
[2022.01.15-23.44.41:227][  0]LogConfig: Setting CVar [[r.Tonemapper.GrainQuantization:1]]
[2022.01.15-23.44.41:227][  0]LogConfig: Setting CVar [[r.LightShaftQuality:1]]
[2022.01.15-23.44.41:227][  0]LogConfig: Setting CVar [[r.Filter.SizeScale:1]]
[2022.01.15-23.44.41:227][  0]LogConfig: Setting CVar [[r.Tonemapper.Quality:5]]
[2022.01.15-23.44.41:227][  0]LogConfig: Setting CVar [[r.DOF.Gather.AccumulatorQuality:1        ; higher gathering accumulator quality]]
[2022.01.15-23.44.41:227][  0]LogConfig: Setting CVar [[r.DOF.Gather.PostfilterMethod:1          ; Median3x3 postfilering method]]
[2022.01.15-23.44.41:227][  0]LogConfig: Setting CVar [[r.DOF.Gather.EnableBokehSettings:0       ; no bokeh simulation when gathering]]
[2022.01.15-23.44.41:227][  0]LogConfig: Setting CVar [[r.DOF.Gather.RingCount:4                 ; medium number of samples when gathering]]
[2022.01.15-23.44.41:227][  0]LogConfig: Setting CVar [[r.DOF.Scatter.ForegroundCompositing:1    ; additive foreground scattering]]
[2022.01.15-23.44.41:227][  0]LogConfig: Setting CVar [[r.DOF.Scatter.BackgroundCompositing:2    ; additive background scattering]]
[2022.01.15-23.44.41:227][  0]LogConfig: Setting CVar [[r.DOF.Scatter.EnableBokehSettings:1      ; bokeh simulation when scattering]]
[2022.01.15-23.44.41:227][  0]LogConfig: Setting CVar [[r.DOF.Scatter.MaxSpriteRatio:0.1         ; only a maximum of 10% of scattered bokeh]]
[2022.01.15-23.44.41:227][  0]LogConfig: Setting CVar [[r.DOF.Recombine.Quality:1                ; cheap slight out of focus]]
[2022.01.15-23.44.41:227][  0]LogConfig: Setting CVar [[r.DOF.Recombine.EnableBokehSettings:0    ; no bokeh simulation on slight out of focus]]
[2022.01.15-23.44.41:227][  0]LogConfig: Setting CVar [[r.DOF.TemporalAAQuality:1                ; more stable temporal accumulation]]
[2022.01.15-23.44.41:227][  0]LogConfig: Setting CVar [[r.DOF.Kernel.MaxForegroundRadius:0.025]]
[2022.01.15-23.44.41:227][  0]LogConfig: Setting CVar [[r.DOF.Kernel.MaxBackgroundRadius:0.025]]
[2022.01.15-23.44.41:227][  0]LogConfig: Applying CVar settings from Section [TextureQuality@3] File [C:/Users/marti/Documents/GitHub/302_Final/Final_302/Saved/Config/Windows/Scalability.ini]
[2022.01.15-23.44.41:227][  0]LogConfig: Setting CVar [[r.Streaming.MipBias:0]]
[2022.01.15-23.44.41:227][  0]LogConfig: Setting CVar [[r.Streaming.AmortizeCPUToGPUCopy:0]]
[2022.01.15-23.44.41:227][  0]LogConfig: Setting CVar [[r.Streaming.MaxNumTexturesToStreamPerFrame:0]]
[2022.01.15-23.44.41:227][  0]LogConfig: Setting CVar [[r.Streaming.Boost:1]]
[2022.01.15-23.44.41:227][  0]LogConfig: Setting CVar [[r.MaxAnisotropy:8]]
[2022.01.15-23.44.41:227][  0]LogConfig: Setting CVar [[r.VT.MaxAnisotropy:8]]
[2022.01.15-23.44.41:227][  0]LogConfig: Setting CVar [[r.Streaming.LimitPoolSizeToVRAM:0]]
[2022.01.15-23.44.41:228][  0]LogConfig: Setting CVar [[r.Streaming.PoolSize:1000]]
[2022.01.15-23.44.41:228][  0]LogConfig: Setting CVar [[r.Streaming.MaxEffectiveScreenSize:0]]
[2022.01.15-23.44.41:228][  0]LogConfig: Applying CVar settings from Section [EffectsQuality@3] File [C:/Users/marti/Documents/GitHub/302_Final/Final_302/Saved/Config/Windows/Scalability.ini]
[2022.01.15-23.44.41:228][  0]LogConfig: Setting CVar [[r.TranslucencyLightingVolumeDim:64]]
[2022.01.15-23.44.41:228][  0]LogConfig: Setting CVar [[r.RefractionQuality:2]]
[2022.01.15-23.44.41:228][  0]LogConfig: Setting CVar [[r.SSR.Quality:3]]
[2022.01.15-23.44.41:228][  0]LogConfig: Setting CVar [[r.SSR.HalfResSceneColor:0]]
[2022.01.15-23.44.41:228][  0]LogConfig: Setting CVar [[r.SceneColorFormat:4]]
[2022.01.15-23.44.41:228][  0]LogConfig: Setting CVar [[r.DetailMode:2]]
[2022.01.15-23.44.41:228][  0]LogConfig: Setting CVar [[r.TranslucencyVolumeBlur:1]]
[2022.01.15-23.44.41:228][  0]LogConfig: Setting CVar [[r.MaterialQualityLevel:1 ; High quality]]
[2022.01.15-23.44.41:228][  0]LogConfig: Setting CVar [[r.AnisotropicMaterials:1]]
[2022.01.15-23.44.41:228][  0]LogConfig: Setting CVar [[r.SSS.Scale:1]]
[2022.01.15-23.44.41:228][  0]LogConfig: Setting CVar [[r.SSS.SampleSet:2]]
[2022.01.15-23.44.41:228][  0]LogConfig: Setting CVar [[r.SSS.Quality:1]]
[2022.01.15-23.44.41:228][  0]LogConfig: Setting CVar [[r.SSS.HalfRes:0]]
[2022.01.15-23.44.41:228][  0]LogConfig: Setting CVar [[r.SSGI.Quality:3]]
[2022.01.15-23.44.41:228][  0]LogConfig: Setting CVar [[r.EmitterSpawnRateScale:1.0]]
[2022.01.15-23.44.41:228][  0]LogConfig: Setting CVar [[r.ParticleLightQuality:2]]
[2022.01.15-23.44.41:228][  0]LogConfig: Setting CVar [[r.SkyAtmosphere.AerialPerspectiveLUT.FastApplyOnOpaque:1 ; Always have FastSkyLUT 1 in this case to avoid wrong sky]]
[2022.01.15-23.44.41:228][  0]LogConfig: Setting CVar [[r.SkyAtmosphere.AerialPerspectiveLUT.SampleCountMaxPerSlice:4]]
[2022.01.15-23.44.41:228][  0]LogConfig: Setting CVar [[r.SkyAtmosphere.AerialPerspectiveLUT.DepthResolution:16.0]]
[2022.01.15-23.44.41:228][  0]LogConfig: Setting CVar [[r.SkyAtmosphere.FastSkyLUT:1]]
[2022.01.15-23.44.41:228][  0]LogConfig: Setting CVar [[r.SkyAtmosphere.FastSkyLUT.SampleCountMin:4.0]]
[2022.01.15-23.44.41:228][  0]LogConfig: Setting CVar [[r.SkyAtmosphere.FastSkyLUT.SampleCountMax:128.0]]
[2022.01.15-23.44.41:228][  0]LogConfig: Setting CVar [[r.SkyAtmosphere.SampleCountMin:4.0]]
[2022.01.15-23.44.41:228][  0]LogConfig: Setting CVar [[r.SkyAtmosphere.SampleCountMax:128.0]]
[2022.01.15-23.44.41:228][  0]LogConfig: Setting CVar [[r.SkyAtmosphere.TransmittanceLUT.UseSmallFormat:0]]
[2022.01.15-23.44.41:228][  0]LogConfig: Setting CVar [[r.SkyAtmosphere.TransmittanceLUT.SampleCount:10.0]]
[2022.01.15-23.44.41:228][  0]LogConfig: Setting CVar [[r.SkyAtmosphere.MultiScatteringLUT.SampleCount:15.0]]
[2022.01.15-23.44.41:228][  0]LogConfig: Setting CVar [[r.SkyLight.RealTimeReflectionCapture:1]]
[2022.01.15-23.44.41:228][  0]LogConfig: Applying CVar settings from Section [FoliageQuality@3] File [C:/Users/marti/Documents/GitHub/302_Final/Final_302/Saved/Config/Windows/Scalability.ini]
[2022.01.15-23.44.41:228][  0]LogConfig: Setting CVar [[foliage.DensityScale:1.0]]
[2022.01.15-23.44.41:228][  0]LogConfig: Setting CVar [[grass.DensityScale:1.0]]
[2022.01.15-23.44.41:228][  0]LogConfig: Applying CVar settings from Section [ShadingQuality@3] File [C:/Users/marti/Documents/GitHub/302_Final/Final_302/Saved/Config/Windows/Scalability.ini]
[2022.01.15-23.44.41:228][  0]LogConfig: Setting CVar [[r.HairStrands.SkyLighting.IntegrationType:2]]
[2022.01.15-23.44.41:228][  0]LogConfig: Setting CVar [[r.HairStrands.SkyAO.SampleCount:4]]
[2022.01.15-23.44.41:228][  0]LogConfig: Setting CVar [[r.HairStrands.Visibility.MSAA.SamplePerPixel:4]]
[2022.01.15-23.44.41:228][  0]LogConfig: Applying CVar settings from Section [Startup] File [../../../Engine/Config/ConsoleVariables.ini]
[2022.01.15-23.44.41:228][  0]LogConfig: Setting CVar [[net.UseAdaptiveNetUpdateFrequency:0]]
[2022.01.15-23.44.41:228][  0]LogConfig: Setting CVar [[p.chaos.AllowCreatePhysxBodies:1]]
[2022.01.15-23.44.41:228][  0]LogConfig: Setting CVar [[fx.SkipVectorVMBackendOptimizations:1]]
[2022.01.15-23.44.41:228][  0]LogConfig: Applying CVar settings from Section [ConsoleVariables] File [C:/Users/marti/Documents/GitHub/302_Final/Final_302/Saved/Config/Windows/Engine.ini]
[2022.01.15-23.44.41:228][  0]LogConfig: Applying CVar settings from Section [ConsoleVariables] File [C:/Users/marti/Documents/GitHub/302_Final/Final_302/Saved/Config/Windows/Editor.ini]
[2022.01.15-23.44.41:229][  0]LogInit: Computer: DESKTOP-1OUMVJ5
[2022.01.15-23.44.41:229][  0]LogInit: User: marti
[2022.01.15-23.44.41:229][  0]LogInit: CPU Page size=4096, Cores=4
[2022.01.15-23.44.41:229][  0]LogInit: High frequency timer resolution =10.000000 MHz
[2022.01.15-23.44.41:229][  0]LogMemory: Memory total: Physical=7.6GB (8GB approx)
[2022.01.15-23.44.41:229][  0]LogMemory: Platform Memory Stats for Windows
[2022.01.15-23.44.41:229][  0]LogMemory: Process Physical Memory: 142.24 MB used, 142.25 MB peak
[2022.01.15-23.44.41:229][  0]LogMemory: Process Virtual Memory: 126.52 MB used, 126.52 MB peak
[2022.01.15-23.44.41:229][  0]LogMemory: Physical Memory: 4011.19 MB used,  3820.36 MB free, 7831.55 MB total
[2022.01.15-23.44.41:229][  0]LogMemory: Virtual Memory: 134215208.00 MB used,  2523.52 MB free, 134217728.00 MB total
[2022.01.15-23.44.41:235][  0]LogWindows: WindowsPlatformFeatures enabled
[2022.01.15-23.44.41:266][  0]LogInit: Physics initialised using underlying interface: PhysX
[2022.01.15-23.44.41:268][  0]LogInit: Using OS detected language (en-GB).
[2022.01.15-23.44.41:268][  0]LogInit: Using OS detected locale (en-GB).
[2022.01.15-23.44.41:274][  0]LogTextLocalizationManager: No specific localization for 'en-GB' exists, so the 'en' localization will be used.
[2022.01.15-23.44.41:619][  0]LogInit: Setting process to per monitor DPI aware
[2022.01.15-23.44.41:629][  0]LogWindowsTextInputMethodSystem: Display: IME system deactivated.
[2022.01.15-23.44.41:643][  0]LogSlate: New Slate User Created.  User Index 0, Is Virtual User: 0
[2022.01.15-23.44.41:643][  0]LogSlate: Slate User Registered.  User Index 0, Is Virtual User: 0
[2022.01.15-23.44.41:870][  0]LogD3D11RHI: Loaded GFSDK_Aftermath_Lib.x64.dll
[2022.01.15-23.44.41:874][  0]LogHMD: Failed to initialize OpenVR with code 110
[2022.01.15-23.44.41:874][  0]LogD3D11RHI: D3D11 min allowed feature level: 11_0
[2022.01.15-23.44.41:874][  0]LogD3D11RHI: D3D11 max allowed feature level: 11_0
[2022.01.15-23.44.41:874][  0]LogD3D11RHI: D3D11 adapters:
[2022.01.15-23.44.41:947][  0]LogD3D11RHI:    0. 'Intel(R) Iris(R) Xe Graphics' (Feature Level 11_0)
[2022.01.15-23.44.41:947][  0]LogD3D11RHI:       128/0/3915 MB DedicatedVideo/DedicatedSystem/SharedSystem, Outputs:1, VendorId:0x8086
[2022.01.15-23.44.41:949][  0]LogD3D11RHI:    1. 'Microsoft Basic Render Driver' (Feature Level 11_0)
[2022.01.15-23.44.41:949][  0]LogD3D11RHI:       0/0/3915 MB DedicatedVideo/DedicatedSystem/SharedSystem, Outputs:0, VendorId:0x1414
[2022.01.15-23.44.41:949][  0]LogD3D11RHI: Chosen D3D11 Adapter:
[2022.01.15-23.44.41:949][  0]LogD3D11RHI:     Description : Intel(R) Iris(R) Xe Graphics
[2022.01.15-23.44.41:949][  0]LogD3D11RHI:     VendorId    : 8086
[2022.01.15-23.44.41:949][  0]LogD3D11RHI:     DeviceId    : 9a49
[2022.01.15-23.44.41:949][  0]LogD3D11RHI:     SubSysId    : 87f6103c
[2022.01.15-23.44.41:949][  0]LogD3D11RHI:     Revision    : 0001
[2022.01.15-23.44.41:949][  0]LogD3D11RHI:     DedicatedVideoMemory : 134217728 bytes
[2022.01.15-23.44.41:949][  0]LogD3D11RHI:     DedicatedSystemMemory : 0 bytes
[2022.01.15-23.44.41:949][  0]LogD3D11RHI:     SharedSystemMemory : 4105990144 bytes
[2022.01.15-23.44.41:949][  0]LogD3D11RHI:     AdapterLuid : 0 10786539
[2022.01.15-23.44.41:954][  0]LogD3D11RHI: Creating new Direct3DDevice
[2022.01.15-23.44.41:954][  0]LogD3D11RHI:     GPU DeviceId: 0x9a49 (for the marketing name, search the web for "GPU Device Id")
[2022.01.15-23.44.41:954][  0]LogWindows: EnumDisplayDevices:
[2022.01.15-23.44.41:954][  0]LogWindows:    0. 'Intel(R) Iris(R) Xe Graphics' (P:1 D:1)
[2022.01.15-23.44.41:954][  0]LogWindows:    1. 'Intel(R) Iris(R) Xe Graphics' (P:0 D:0)
[2022.01.15-23.44.41:954][  0]LogWindows:    2. 'Intel(R) Iris(R) Xe Graphics' (P:0 D:0)
[2022.01.15-23.44.41:955][  0]LogWindows:    3. 'Intel(R) Iris(R) Xe Graphics' (P:0 D:0)
[2022.01.15-23.44.41:955][  0]LogWindows: DebugString: FoundDriverCount:4 
[2022.01.15-23.44.41:955][  0]LogD3D11RHI:     Adapter Name: Intel(R) Iris(R) Xe Graphics
[2022.01.15-23.44.41:955][  0]LogD3D11RHI:   Driver Version: 30.0.100.9864 (internal:30.0.100.9864, unified:30.0.100.9864)
[2022.01.15-23.44.41:955][  0]LogD3D11RHI:      Driver Date: 8-20-2021
[2022.01.15-23.44.41:955][  0]LogRHI: Texture pool is 1460 MB (70% of 2085 MB)
[2022.01.15-23.44.41:965][  0]LogD3D11RHI: Creating D3DDevice using adapter:
[2022.01.15-23.44.41:965][  0]LogD3D11RHI:     Description : Intel(R) Iris(R) Xe Graphics
[2022.01.15-23.44.41:965][  0]LogD3D11RHI:     VendorId    : 8086
[2022.01.15-23.44.41:965][  0]LogD3D11RHI:     DeviceId    : 9a49
[2022.01.15-23.44.41:965][  0]LogD3D11RHI:     SubSysId    : 87f6103c
[2022.01.15-23.44.41:965][  0]LogD3D11RHI:     Revision    : 0001
[2022.01.15-23.44.41:965][  0]LogD3D11RHI:     DedicatedVideoMemory : 134217728 bytes
[2022.01.15-23.44.41:965][  0]LogD3D11RHI:     DedicatedSystemMemory : 0 bytes
[2022.01.15-23.44.41:965][  0]LogD3D11RHI:     SharedSystemMemory : 4105990144 bytes
[2022.01.15-23.44.41:965][  0]LogD3D11RHI:     AdapterLuid : 0 10786539
[2022.01.15-23.44.42:021][  0]LogD3D11RHI: RHI does not have support for 64 bit atomics
[2022.01.15-23.44.42:029][  0]LogD3D11RHI: Intel Extensions support version Full=16777216, Major=1, Minor=0, Revision=0
[2022.01.15-23.44.42:029][  0]LogD3D11RHI: Intel Extensions support version Full=16777217, Major=1, Minor=0, Revision=1
[2022.01.15-23.44.42:029][  0]LogD3D11RHI: Intel Extensions Framework enabled
[2022.01.15-23.44.42:030][  0]LogD3D11RHI: [IntelMetricsDiscovery] Started
[2022.01.15-23.44.42:030][  0]LogD3D11RHI: Async texture creation enabled
[2022.01.15-23.44.42:030][  0]LogD3D11RHI: Array index from any shader is supported
[2022.01.15-23.44.42:053][  0]LogD3D11RHI: GPU Timing Frequency: 19.200000 (Debug: 2 0)
[2022.01.15-23.44.42:421][  0]LogTargetPlatformManager: Display: Loaded TargetPlatform 'AllDesktop'
[2022.01.15-23.44.42:445][  0]LogTargetPlatformManager: Display: Loaded TargetPlatform 'Android'
[2022.01.15-23.44.42:445][  0]LogTargetPlatformManager: Display: Loaded TargetPlatform 'Android_ASTC'
[2022.01.15-23.44.42:445][  0]LogTargetPlatformManager: Display: Loaded TargetPlatform 'Android_DXT'
[2022.01.15-23.44.42:445][  0]LogTargetPlatformManager: Display: Loaded TargetPlatform 'Android_ETC2'
[2022.01.15-23.44.42:445][  0]LogTargetPlatformManager: Display: Loaded TargetPlatform 'AndroidClient'
[2022.01.15-23.44.42:445][  0]LogTargetPlatformManager: Display: Loaded TargetPlatform 'Android_ASTCClient'
[2022.01.15-23.44.42:445][  0]LogTargetPlatformManager: Display: Loaded TargetPlatform 'Android_DXTClient'
[2022.01.15-23.44.42:445][  0]LogTargetPlatformManager: Display: Loaded TargetPlatform 'Android_ETC2Client'
[2022.01.15-23.44.42:445][  0]LogTargetPlatformManager: Display: Loaded TargetPlatform 'Android_Multi'
[2022.01.15-23.44.42:445][  0]LogTargetPlatformManager: Display: Loaded TargetPlatform 'Android_MultiClient'
[2022.01.15-23.44.42:465][  0]LogTargetPlatformManager: Display: Loaded TargetPlatform 'IOSClient'
[2022.01.15-23.44.42:465][  0]LogTargetPlatformManager: Display: Loaded TargetPlatform 'IOS'
[2022.01.15-23.44.42:475][  0]LogTargetPlatformManager: Display: Loaded TargetPlatform 'Linux'
[2022.01.15-23.44.42:480][  0]LogTargetPlatformManager: Display: Loaded TargetPlatform 'LinuxNoEditor'
[2022.01.15-23.44.42:485][  0]LogTargetPlatformManager: Display: Loaded TargetPlatform 'LinuxClient'
[2022.01.15-23.44.42:490][  0]LogTargetPlatformManager: Display: Loaded TargetPlatform 'LinuxServer'
[2022.01.15-23.44.42:500][  0]LogTargetPlatformManager: Display: Loaded TargetPlatform 'LinuxAArch64NoEditor'
[2022.01.15-23.44.42:506][  0]LogTargetPlatformManager: Display: Loaded TargetPlatform 'LinuxAArch64Client'
[2022.01.15-23.44.42:512][  0]LogTargetPlatformManager: Display: Loaded TargetPlatform 'LinuxAArch64Server'
[2022.01.15-23.44.42:540][  0]LogTargetPlatformManager: Display: Loaded TargetPlatform 'Lumin'
[2022.01.15-23.44.42:540][  0]LogTargetPlatformManager: Display: Loaded TargetPlatform 'LuminClient'
[2022.01.15-23.44.42:551][  0]LogTargetPlatformManager: Display: Loaded TargetPlatform 'MacNoEditor'
[2022.01.15-23.44.42:557][  0]LogTargetPlatformManager: Display: Loaded TargetPlatform 'Mac'
[2022.01.15-23.44.42:562][  0]LogTargetPlatformManager: Display: Loaded TargetPlatform 'MacClient'
[2022.01.15-23.44.42:568][  0]LogTargetPlatformManager: Display: Loaded TargetPlatform 'MacServer'
[2022.01.15-23.44.42:579][  0]LogTargetPlatformManager: Display: Loaded TargetPlatform 'TVOSClient'
[2022.01.15-23.44.42:579][  0]LogTargetPlatformManager: Display: Loaded TargetPlatform 'TVOS'
[2022.01.15-23.44.42:589][  0]LogTargetPlatformManager: Display: Loaded TargetPlatform 'WindowsNoEditor'
[2022.01.15-23.44.42:595][  0]LogTargetPlatformManager: Display: Loaded TargetPlatform 'Windows'
[2022.01.15-23.44.42:602][  0]LogTargetPlatformManager: Display: Loaded TargetPlatform 'WindowsClient'
[2022.01.15-23.44.42:608][  0]LogTargetPlatformManager: Display: Loaded TargetPlatform 'WindowsServer'
[2022.01.15-23.44.42:608][  0]LogTargetPlatformManager: Display: Building Assets For Windows
[2022.01.15-23.44.42:617][  0]LogAudioDebug: Display: Lib vorbis DLL was dynamically loaded.
[2022.01.15-23.44.42:660][  0]LogTextureFormatOodle: Display: Oodle Texture 2.9.0 init RDO Off
[2022.01.15-23.44.42:704][  0]LogRendererCore: Ray tracing is disabled. Reason: r.RayTracing=0.
[2022.01.15-23.44.42:704][  0]LogShaderCompilers: Guid format shader working directory is -20 characters bigger than the processId version (../../../../../../Users/marti/Documents/GitHub/302_Final/Final_302/Intermediate/Shaders/WorkingDirectory/2028/).
[2022.01.15-23.44.42:704][  0]LogShaderCompilers: Cleaned the shader compiler working directory 'C:/Users/marti/AppData/Local/Temp/UnrealShaderWorkingDir/4D6861B64D25DDC9132D8F920F924188/'.
[2022.01.15-23.44.42:704][  0]LogXGEController: Cannot use XGE Controller as Incredibuild is not installed on this machine.
[2022.01.15-23.44.42:704][  0]LogShaderCompilers: Cannot use XGE Shader Compiler as Incredibuild is not installed on this machine.
[2022.01.15-23.44.42:704][  0]LogShaderCompilers: Display: Using Local Shader Compiler.
[2022.01.15-23.44.43:664][  0]LogDerivedDataCache: Display: Max Cache Size: 512 MB
[2022.01.15-23.44.43:731][  0]LogDerivedDataCache: Loaded boot cache 0.07s 111MB C:/Users/marti/AppData/Local/UnrealEngine/4.27/DerivedDataCache/Boot.ddc.
[2022.01.15-23.44.43:732][  0]LogDerivedDataCache: Display: Loaded Boot cache: C:/Users/marti/AppData/Local/UnrealEngine/4.27/DerivedDataCache/Boot.ddc
[2022.01.15-23.44.43:732][  0]LogDerivedDataCache: FDerivedDataBackendGraph:  Pak pak cache file ../../../../../../Users/marti/Documents/GitHub/302_Final/Final_302/DerivedDataCache/DDC.ddp not found, will not use a pak cache.
[2022.01.15-23.44.43:732][  0]LogDerivedDataCache: Unable to find inner node Pak for hierarchical cache Hierarchy.
[2022.01.15-23.44.43:732][  0]LogDerivedDataCache: FDerivedDataBackendGraph:  CompressedPak pak cache file ../../../../../../Users/marti/Documents/GitHub/302_Final/Final_302/DerivedDataCache/Compressed.ddp not found, will not use a pak cache.
[2022.01.15-23.44.43:732][  0]LogDerivedDataCache: Unable to find inner node CompressedPak for hierarchical cache Hierarchy.
[2022.01.15-23.44.43:753][  0]LogDerivedDataCache: Display: Pak cache opened for reading ../../../Engine/DerivedDataCache/Compressed.ddp.
[2022.01.15-23.44.43:753][  0]LogDerivedDataCache: FDerivedDataBackendGraph:  EnterprisePak pak cache file ../../../Enterprise/DerivedDataCache/Compressed.ddp not found, will not use a pak cache.
[2022.01.15-23.44.43:753][  0]LogDerivedDataCache: Unable to find inner node EnterprisePak for hierarchical cache Hierarchy.
[2022.01.15-23.44.43:765][  0]LogDerivedDataCache: Speed tests for C:/Users/marti/AppData/Local/UnrealEngine/Common/DerivedDataCache took 0.01 seconds
[2022.01.15-23.44.43:765][  0]LogDerivedDataCache: Display: Performance to C:/Users/marti/AppData/Local/UnrealEngine/Common/DerivedDataCache: Latency=0.07ms. RandomReadSpeed=194.75MBs, RandomWriteSpeed=151.16MBs. Assigned SpeedClass 'Local'
[2022.01.15-23.44.43:766][  0]LogDerivedDataCache: Using Local data cache path C:/Users/marti/AppData/Local/UnrealEngine/Common/DerivedDataCache: Writable
[2022.01.15-23.44.43:766][  0]LogDerivedDataCache: Shared data cache path not found in *engine.ini, will not use an Shared cache.
[2022.01.15-23.44.43:766][  0]LogDerivedDataCache: Unable to find inner node Shared for hierarchical cache Hierarchy.
[2022.01.15-23.44.43:814][  0]LogSlate: Using FreeType 2.10.0
[2022.01.15-23.44.43:816][  0]LogSlate: SlateFontServices - WITH_FREETYPE: 1, WITH_HARFBUZZ: 1
[2022.01.15-23.44.43:847][  0]LogAssetRegistry: FAssetRegistry took 0.0027 seconds to start up
[2022.01.15-23.44.44:141][  0]LogInit: Selected Device Profile: [Windows]
[2022.01.15-23.44.44:141][  0]LogInit: Active device profile: [0000023DD8619400][0000023DD026E180 49] Windows
[2022.01.15-23.44.44:141][  0]LogInit: Profiles: [0000023DD8619400][0000023DD026E180 49] Windows, [0000023DD85AB300][0000023DCF92E300 49] WindowsNoEditor, [0000023DD8618E00][0000023DD47C8480 49] WindowsServer, [0000023DD85A9000][0000023DD47CC600 49] WindowsClient, [0000023DD861A700][0000023DD47D0780 49] IOS, [0000023DD85BBF00][0000023DD47D4900 49] iPadAir, [0000023DD85A8300][0000023DCF92AA40 49] iPadAir2, [0000023DD8554700][0000023DD6150C80 49] IPadPro, [0000023DD8554800][0000023DD614CCC0 49] iPadAir3, [0000023DD85B8100][0000023DD6158E40 49] iPadAir4, [0000023DD8556E00][0000023DD615CFC0 49] iPadMini2, [0000023DD85BA600][0000023DD6161140 49] iPadMini3, [0000023DD8557700][0000023DD61652C0 49] iPadMini4, [0000023DD85B8B00][0000023DD6169440 49] iPadMini5, [0000023DD8619F00][0000023DC8F5F700 49] iPhone6, [0000023DD861A100][0000023DD616D740 49] iPodTouch6, [0000023DD852FE00][0000023DC8F67A00 49] iPhone7, [0000023DD852FF00][0000023DC8F63A40 49] iPodTouch7, [0000023DD8557C00][0000023DC8F6BBC0 49] iPhone5S, [0000023DD852D800][0000023DC8F6E1C0 49] iPhone6Plus, [0000023DD8557F00][0000023DC8F72340 49] iPhone6S, [0000023DD852F200][0000023DC8F764C0 49] iPhone6SPlus, [0000023DD861BD00][0000023DC8F7A640 49] iPhone7Plus, [0000023DD852C600][0000023DC8F7E7C0 49] iPhoneSE, [0000023DD861A400][0000023DC8F82940 49] iPhone8, [0000023DD852DD00][0000023DC8F86AC0 49] iPhone8Plus, [0000023DD8618A00][0000023DD6154C00 49] iPhoneX, [0000023DD852EB00][0000023DCF4AED40 49] iPhoneXS, [0000023DD8618C00][0000023DCF4B2E80 49] iPhoneXSMax, [0000023DD852C900][0000023DCF4B6FC0 49] iPhoneXR, [0000023DD8619C00][0000023DCF4BF140 49] iPhone11, [0000023DD852FD00][0000023DCF4C32C0 49] iPhone11Pro, [0000023DD861B300][0000023DCF4C7440 49] iPhone11ProMax, [0000023DD852E000][0000023DCF4CB5C0 49] iPhoneSE2, [0000023DD861B000][0000023DCF4CF740 49] iPhone12Mini, [0000023DD852E900][0000023DCF4D38C0 49] iPhone12, [0000023DD861BA00][0000023DCF4D7A40 49] iPhone12Pro, [0000023DD852C100][0000023DCF4DBBC0 49] iPhone12ProMax, [0000023DD861B100][0000023DCF4DE1C0 49] iPadPro105, [0000023DD852C800][0000023DCF4E2340 49] iPadPro129, [0000023DD8618500][0000023DCF4E64C0 49] iPadPro97, [0000023DD852DA00][0000023DCF4EA640 49] iPadPro2_129, [0000023DD8618700][0000023DCF4EE7C0 49] iPad5, [0000023DD852CE00][0000023DCF4F2940 49] iPad6, [0000023DD861B500][0000023DCF4F6AC0 49] iPad7, [0000023DD852E300][0000023DCF4FAC40 49] iPad8, [0000023DD8618B00][0000023DCF4BAD80 49] iPadPro11, [0000023DD852E600][0000023DCF4FEEC0 49] iPadPro2_11, [0000023DD8619300][0000023DCF503000 49] iPadPro3_129, [0000023DD852DE00][0000023DCF507140 49] iPadPro4_129, [0000023DD861B200][0000023DCF50F2C0 49] AppleTV, [0000023DD852E400][0000023DCF513440 49] AppleTV4K, [0000023DD8618300][0000023DCF5175C0 49] TVOS, [0000023DD852F800][0000023DCF51B740 49] Mac, [0000023DD861AB00][0000023DCF51F8C0 49] MacClient, [0000023DD852C700][0000023DCF523A40 49] MacNoEditor, [0000023DD8619000][0000023DCF527BC0 49] MacServer, [0000023DD852E100][0000023DCF52A1C0 49] Linux, [0000023DD861AC00][0000023DCF532340 49] LinuxAArch64, [0000023DD852DB00][0000023DCF5524C0 49] LinuxNoEditor, [0000023DD861BC00][0000023DD6C48640 49] LinuxAArch64NoEditor, [0000023DD852F600][0000023DD6C507C0 49] LinuxClient, [0000023DD8619600][0000023DD6D0E940 49] LinuxAArch64Client, [0000023DD852C500][0000023DD6D52AC0 49] LinuxServer, [0000023DD8618F00][0000023DD6D56C40 49] LinuxAArch64Server, [0000023DD852CC00][0000023DD6D5ADC0 49] Android, [0000023DD861B800][0000023DD6D5EF40 49] Android_Low, [0000023DD85A9900][0000023DCF50B080 49] Android_Mid, [0000023DD8555C00][0000023DD6D631C0 49] Android_High, [0000023DD85AA100][0000023DD6D67300 49] Android_Default, [0000023DD8557000][0000023DD6D6F480 49] Android_Adreno4xx, [0000023DD85A9600][0000023DD6D77600 49] Android_Adreno5xx_Low, [0000023DD8557100][0000023DD6D7B780 49] Android_Adreno5xx, [0000023DD85ABD00][0000023DD6D7F900 49] Android_Adreno6xx, [0000023DD8555800][0000023DD6D87A80 49] Android_Adreno6xx_Vulkan, [0000023DD85ABB00][0000023DD6D8BC00 49] Android_Mali_T6xx, [0000023DD8557300][0000023DD6D9A200 49] Android_Mali_T7xx, [0000023DD85ABA00][0000023DD6C38380 49] Android_Mali_T8xx, [0000023DD8557800][0000023DD6C3C500 49] Android_Mali_G71, [0000023DD85AAD00][0000023DD6C40680 49] Android_Mali_G72, [0000023DD8555300][0000023DD696A800 49] Android_Mali_G72_Vulkan, [0000023DD85A9100][0000023DD6972980 49] Android_Mali_G76, [0000023DD8554500][0000023DD6976B00 49] Android_Mali_G76_Vulkan, [0000023DD85A9300][0000023DD698AC80 49] Android_Mali_G77, [0000023DD8556000][0000023DD5EA0E00 49] Android_Mali_G77_Vulkan, [0000023DD85AAA00][0000023DD5EA4F80 49] Android_Mali_G78, [0000023DD8556B00][0000023DD5EB3100 49] Android_Mali_G78_Vulkan, [0000023DD85A9D00][0000023DD6D6B240 49] Android_Mali_G710, [0000023DD8557400][0000023DD02C3380 49] Android_Mali_G710_Vulkan, [0000023DD85AA200][0000023DD03014C0 49] Android_Vulkan_SM5, [0000023DD8557D00][0000023DD0309640 49] Android_PowerVR_G6xxx, [0000023DD85ABE00][0000023DD030D7C0 49] Android_PowerVR_GT7xxx, [0000023DD8555600][0000023DD0311940 49] Android_PowerVR_GE8xxx, [0000023DD85AAC00][0000023DD0315AC0 49] Android_PowerVR_GM9xxx, [0000023DD8556400][0000023DD03180C0 49] Android_PowerVR_GM9xxx_Vulkan, [0000023DD85A8400][0000023DD033C240 49] Android_TegraK1, [0000023DD8555700][0000023DD03403C0 49] Android_Unknown_Vulkan, [0000023DD85A9500][0000023DD0344540 49] Lumin, [0000023DD8555100][0000023DD03486C0 49] Lumin_Desktop, [0000023DD8619D00][0000023DD034C840 49] HoloLens, 
[2022.01.15-23.44.44:363][  0]LogMeshReduction: Using QuadricMeshReduction for automatic static mesh reduction
[2022.01.15-23.44.44:363][  0]LogMeshReduction: Using SimplygonMeshReduction for automatic skeletal mesh reduction
[2022.01.15-23.44.44:363][  0]LogMeshReduction: Using ProxyLODMeshReduction for automatic mesh merging
[2022.01.15-23.44.44:363][  0]LogMeshReduction: No distributed automatic mesh merging module available
[2022.01.15-23.44.44:363][  0]LogMeshMerging: No distributed automatic mesh merging module available
[2022.01.15-23.44.44:392][  0]LogNetVersion: Final_302 1.0.0, NetCL: 17155196, EngineNetVer: 17, GameNetVer: 0 (Checksum: 3724265971)
[2022.01.15-23.44.45:084][  0]LogTexture: Default maximum texture size for cubemaps generated from long-lat sources has been changed from 512 to unlimited. In order to preserve old behaiour for '/Engine/MapTemplates/Sky/DaylightAmbientCubemap.DaylightAmbientCubemap', its maximum texture size has been explicitly set to 512.
[2022.01.15-23.44.45:185][  0]LogHMD: PokeAHoleMaterial loaded successfully
[2022.01.15-23.44.45:192][  0]LogUObjectArray: 17178 objects as part of root set at end of initial load.
[2022.01.15-23.44.45:192][  0]LogUObjectAllocator: 4302048 out of 0 bytes used by permanent object pool.
[2022.01.15-23.44.45:192][  0]LogUObjectArray: CloseDisregardForGC: 0/0 objects in disregard for GC pool
[2022.01.15-23.44.45:627][  0]LogNiagaraDebuggerClient: Niagara Debugger Client Initialized | Session: 3656F7EE4651B66B14DAEBAB07F89D1E | Instance: D34C19AD49412767223223A3D2CCC610 (DESKTOP-1OUMVJ5-2028).
[2022.01.15-23.44.45:674][  0]LogPython: Using Python 3.7.7
[2022.01.15-23.44.46:329][  0]LogTcpMessaging: Initializing TcpMessaging bridge
[2022.01.15-23.44.46:334][  0]LogUdpMessaging: Initializing bridge on interface 0.0.0.0:0 to multicast group 230.0.0.1:6666.
[2022.01.15-23.44.46:621][  0]SourceControl: Source control is disabled
[2022.01.15-23.44.46:621][  0]SourceControl: Source control is disabled
[2022.01.15-23.44.46:630][  0]SourceControl: Source control is disabled
[2022.01.15-23.44.46:633][  0]SourceControl: Source control is disabled
[2022.01.15-23.44.46:640][  0]LogUProjectInfo: Found projects:
[2022.01.15-23.44.46:660][  0]LogTexture: Default maximum texture size for cubemaps generated from long-lat sources has been changed from 512 to unlimited. In order to preserve old behaiour for '/Engine/EditorMaterials/AssetViewer/EpicQuadPanorama_CC+EV1.EpicQuadPanorama_CC+EV1', its maximum texture size has been explicitly set to 512.
[2022.01.15-23.44.47:978][  0]SourceControl: Source control is disabled
[2022.01.15-23.44.48:194][  0]LogOpenImageDenoise: OIDN starting up
[2022.01.15-23.44.48:243][  0]LogAndroidPermission: UAndroidPermissionCallbackProxy::GetInstance
[2022.01.15-23.44.48:271][  0]LogAudioCaptureCore: Display: No Audio Capture implementations found. Audio input will be silent.
[2022.01.15-23.44.48:271][  0]LogAudioCaptureCore: Display: No Audio Capture implementations found. Audio input will be silent.
[2022.01.15-23.44.48:408][  0]LogCollectionManager: Loaded 0 collections in 0.001737 seconds
[2022.01.15-23.44.48:440][  0]LogFileCache: Scanning file cache for directory 'C:/Users/marti/Documents/GitHub/302_Final/Final_302/Saved/Collections/' took 0.00s
[2022.01.15-23.44.48:440][  0]LogFileCache: Scanning file cache for directory 'C:/Users/marti/Documents/GitHub/302_Final/Final_302/Content/Developers/marti/Collections/' took 0.00s
[2022.01.15-23.44.48:440][  0]LogFileCache: Scanning file cache for directory 'C:/Users/marti/Documents/GitHub/302_Final/Final_302/Content/Collections/' took 0.00s
[2022.01.15-23.44.48:440][  0]LogOcInput: OculusInput pre-init called
[2022.01.15-23.44.48:761][  0]LogEngine: Initializing Engine...
[2022.01.15-23.44.48:768][  0]LogHMD: Failed to enumerate extensions. Please check that you have a valid OpenXR runtime installed.
[2022.01.15-23.44.48:768][  0]LogHMD: Failed to initialize OpenVR with code 110
[2022.01.15-23.44.48:768][  0]LogMagicLeap: Warning: VR disabled because ZI is not enabled.  To enable, in the editor, Edit -> Project Settings -> Plugins -> Magic Leap Plugin -> Enable Zero Iteration
[2022.01.15-23.44.48:769][  0]LogStats: UGameplayTagsManager::InitializeManager -  0.000 s
[2022.01.15-23.44.48:958][  0]LogInit: Initializing FReadOnlyCVARCache
[2022.01.15-23.44.48:968][  0]LogAIModule: Creating AISystem for world Untitled
[2022.01.15-23.44.48:969][  0]LogAudio: Display: Initializing Audio Device Manager...
[2022.01.15-23.44.48:975][  0]LogAudio: Display: Loading Default Audio Settings Objects...
[2022.01.15-23.44.48:976][  0]LogAudio: Display: No default SoundConcurrencyObject specified (or failed to load).
[2022.01.15-23.44.48:977][  0]LogAudio: Display: Audio Device Manager Initialized
[2022.01.15-23.44.48:977][  0]LogAudio: Display: Creating Audio Device:                 Id: 1, Scope: Shared, Realtime: True
[2022.01.15-23.44.48:977][  0]LogAudioMixer: Display: Audio Mixer Platform Settings:
[2022.01.15-23.44.48:977][  0]LogAudioMixer: Display: 	Sample Rate:						  48000
[2022.01.15-23.44.48:977][  0]LogAudioMixer: Display: 	Callback Buffer Frame Size Requested: 1024
[2022.01.15-23.44.48:977][  0]LogAudioMixer: Display: 	Callback Buffer Frame Size To Use:	  1024
[2022.01.15-23.44.48:977][  0]LogAudioMixer: Display: 	Number of buffers to queue:			  2
[2022.01.15-23.44.48:977][  0]LogAudioMixer: Display: 	Max Channels (voices):				  32
[2022.01.15-23.44.48:977][  0]LogAudioMixer: Display: 	Number of Async Source Workers:		  0
[2022.01.15-23.44.48:977][  0]LogAudio: Display: AudioDevice MaxSources: 32
[2022.01.15-23.44.48:977][  0]LogAudio: Display: Audio Spatialization Plugin: None (built-in).
[2022.01.15-23.44.48:977][  0]LogAudio: Display: Audio Reverb Plugin: None (built-in).
[2022.01.15-23.44.48:977][  0]LogAudio: Display: Audio Occlusion Plugin: None (built-in).
[2022.01.15-23.44.48:977][  0]LogAudioMixer: Display: Initializing audio mixer.
[2022.01.15-23.44.48:991][  0]LogAudioMixer: Display: 0: FrontLeft
[2022.01.15-23.44.48:991][  0]LogAudioMixer: Display: 1: FrontRight
[2022.01.15-23.44.49:051][  0]LogAudioMixer: Display: Using Audio Device Speaker (Realtek(R) Audio)
[2022.01.15-23.44.49:055][  0]LogAudioMixer: Display: Initializing Sound Submixes...
[2022.01.15-23.44.49:058][  0]LogAudioMixer: Display: Creating Master Submix 'MasterSubmixDefault'
[2022.01.15-23.44.49:058][  0]LogAudioMixer: Display: Creating Master Submix 'MasterReverbSubmixDefault'
[2022.01.15-23.44.49:061][  0]LogAudioMixer: Display: Creating Master Submix 'MasterEQSubmixDefault'
[2022.01.15-23.44.49:061][  0]LogAudioMixer: FMixerPlatformXAudio2::StartAudioStream() called
[2022.01.15-23.44.49:061][  0]LogAudioMixer: Display: Output buffers initialized: Frames=1024, Channels=2, Samples=2048
[2022.01.15-23.44.49:062][  0]LogAudioMixer: Display: Starting AudioMixerPlatformInterface::RunInternal()
[2022.01.15-23.44.49:062][  0]LogAudioMixer: Display: FMixerPlatformXAudio2::SubmitBuffer() called for the first time
[2022.01.15-23.44.49:062][  0]LogInit: FAudioDevice initialized.
[2022.01.15-23.44.49:062][  0]LogAudio: Display: Audio Device (ID: 1) registered with world 'Untitled'.
[2022.01.15-23.44.49:062][  0]LogNetVersion: Set ProjectVersion to 1.0.0.0. Version Checksum will be recalculated on next use.
[2022.01.15-23.44.49:158][  0]LogDerivedDataCache: Saved boot cache 0.10s 111MB C:/Users/marti/AppData/Local/UnrealEngine/4.27/DerivedDataCache/Boot.ddc.
[2022.01.15-23.44.49:159][  0]LogInit: Texture streaming: Enabled
[2022.01.15-23.44.49:176][  0]LogAnalytics: Display: [UEEditor.Rocket.Release] APIServer = https://datarouter.ol.epicgames.com/. AppVersion = 4.27.2-18319896+++UE4+Release-4.27
[2022.01.15-23.44.49:182][  0]LogEngineSessionManager: EngineSessionManager initialized
[2022.01.15-23.44.49:182][  0]LogEngineSessionManager: EngineSessionManager sent abnormal shutdown report. Type=Crashed, SessionId={9F231A05-45BE-33FF-7098-9AA346AA3842}
[2022.01.15-23.44.49:182][  0]LogEditorSessionSummary: Verbose: Initializing EditorSessionSummaryWriter for editor session tracking
[2022.01.15-23.44.49:186][  0]LogEditorSessionSummary: EditorSessionSummaryWriter initialized
[2022.01.15-23.44.49:215][  0]LogInit: Transaction tracking system initialized
[2022.01.15-23.44.49:240][  0]BlueprintLog: New page: Editor Load
[2022.01.15-23.44.49:307][  0]LocalizationService: Localization service is disabled
[2022.01.15-23.44.49:336][  0]TimingProfiler: Initialize
[2022.01.15-23.44.49:336][  0]TimingProfiler: OnSessionChanged
[2022.01.15-23.44.49:336][  0]LoadingProfiler: Initialize
[2022.01.15-23.44.49:336][  0]LoadingProfiler: OnSessionChanged
[2022.01.15-23.44.49:336][  0]NetworkingProfiler: Initialize
[2022.01.15-23.44.49:336][  0]NetworkingProfiler: OnSessionChanged
[2022.01.15-23.44.49:336][  0]MemoryProfiler: Initialize
[2022.01.15-23.44.49:336][  0]MemoryProfiler: OnSessionChanged
[2022.01.15-23.44.49:342][  0]LogClass: Warning: In asset 'None', there is an enum property of type 'EIOSVersion' with an invalid value of 'IOS_11'
[2022.01.15-23.44.49:342][  0]LogObj: Error: LoadConfig (/Script/IOSRuntimeSettings.Default__IOSRuntimeSettings): import failed for MinimumiOSVersion in: IOS_11
[2022.01.15-23.44.49:548][  0]LogCook: Display: CookSettings for Memory: MemoryMaxUsedVirtual 0MiB, MemoryMaxUsedPhysical 16384MiB, MemoryMinFreeVirtual 0MiB, MemoryMinFreePhysical 1024MiB
[2022.01.15-23.44.49:548][  0]LogCook: Display: Mobile HDR setting 1
[2022.01.15-23.44.49:782][  0]LogFileCache: Scanning file cache for directory 'C:/Users/marti/Documents/GitHub/302_Final/Final_302/Content/' took 0.01s
[2022.01.15-23.44.50:054][  0]LogInit: Display: Engine is initialized. Leaving FEngineLoop::Init()
[2022.01.15-23.44.50:059][  0]SourceControl: Source control is disabled
[2022.01.15-23.44.50:193][  0]LogSlate: Took 0.000320 seconds to synchronously load lazily loaded font '../../../Engine/Content/Slate/Fonts/Roboto-Regular.ttf' (155K)
[2022.01.15-23.45.22:356][  0]LogSlate: Window 'Restore Packages' being destroyed
[2022.01.15-23.45.22:372][  0]LogUnrealEdMisc: Loading editor; pre map load, took 42.997
[2022.01.15-23.45.22:372][  0]Cmd: MAP LOAD FILE="../../../../../../Users/marti/Documents/GitHub/302_Final/Final_302/Content/FirstPersonBP/Maps/FirstPersonExampleMap.umap" TEMPLATE=0 SHOWPROGRESS=1 FEATURELEVEL=3
[2022.01.15-23.45.22:373][  0]LightingResults: New page: Lighting Build
[2022.01.15-23.45.22:375][  0]LogWorld: UWorld::CleanupWorld for Untitled, bSessionEnded=true, bCleanupResources=true
[2022.01.15-23.45.22:375][  0]LogSlate: InvalidateAllWidgets triggered.  All widgets were invalidated
[2022.01.15-23.45.22:375][  0]MapCheck: New page: Map Check
[2022.01.15-23.45.22:375][  0]LightingResults: New page: Lighting Build
[2022.01.15-23.45.22:382][  0]LogAudio: Display: Audio Device unregistered from world 'None'.
[2022.01.15-23.45.22:386][  0]LogUObjectHash: Compacting FUObjectHashTables data took   1.48ms
[2022.01.15-23.45.22:737][  0]LogAudio: Display: Audio Device (ID: 1) registered with world 'FirstPersonExampleMap'.
[2022.01.15-23.45.22:738][  0]LogAIModule: Creating AISystem for world FirstPersonExampleMap
[2022.01.15-23.45.22:744][  0]LogEditorServer: Finished looking for orphan Actors (0.000 secs)
[2022.01.15-23.45.22:772][  0]LogUObjectHash: Compacting FUObjectHashTables data took   0.93ms
[2022.01.15-23.45.22:774][  0]Cmd: MAP CHECKDEP NOCLEARLOG
[2022.01.15-23.45.22:774][  0]MapCheck: Map check complete: 0 Error(s), 0 Warning(s), took 0.199ms to complete.
[2022.01.15-23.45.22:774][  0]LogFileHelpers: Loading map 'FirstPersonExampleMap' took 0.402
[2022.01.15-23.45.22:776][  0]LogUnrealEdMisc: Total Editor Startup Time, took 43.402
[2022.01.15-23.45.22:865][  0]LogSlate: Updating window title bar state: overlay mode, drag disabled, window buttons hidden, title bar hidden
[2022.01.15-23.45.22:873][  0]LogSlate: Updating window title bar state: overlay mode, drag disabled, window buttons hidden, title bar hidden
[2022.01.15-23.45.22:881][  0]LogSlate: Updating window title bar state: overlay mode, drag disabled, window buttons hidden, title bar hidden
[2022.01.15-23.45.22:889][  0]LogSlate: Updating window title bar state: overlay mode, drag disabled, window buttons hidden, title bar hidden
[2022.01.15-23.45.22:908][  0]LogNativeClassHierarchy: Verbose: Native class hierarchy populated in 0.0133 seconds. Added 4035 classes and 987 folders.
[2022.01.15-23.45.22:911][  0]LogNativeClassHierarchy: Verbose: Native class hierarchy updated for 'WidgetCarousel' in 0.0003 seconds. Added 0 classes and 0 folders.
[2022.01.15-23.45.22:912][  0]LogPakFile: PakFile PrimaryIndexSize=187
[2022.01.15-23.45.22:912][  0]LogPakFile: PakFile PathHashIndexSize=101
[2022.01.15-23.45.22:912][  0]LogPakFile: PakFile FullDirectoryIndexSize=148
[2022.01.15-23.45.22:912][  0]LogShaderLibrary: Display: ShaderCodeLibraryPakFileMountedCallback: PakFile 'C:/Program Files/Epic Games/UE_4.27/FeaturePacks/FP_FirstPerson.upack' (chunk index -1, root 'root:/') mounted
[2022.01.15-23.45.22:912][  0]LogShaderLibrary: Display: ShaderCodeLibraryPakFileMountedCallback: pending pak file info (ChunkID:-1 Root:root:/ File:C:/Program Files/Epic Games/UE_4.27/FeaturePacks/FP_FirstPerson.upack)
[2022.01.15-23.45.22:912][  0]LogPakFile: OnPakFileMounted2Time == 0.000059
[2022.01.15-23.45.22:914][  0]LogPakFile: PakFile PrimaryIndexSize=189
[2022.01.15-23.45.22:914][  0]LogPakFile: PakFile PathHashIndexSize=101
[2022.01.15-23.45.22:914][  0]LogPakFile: PakFile FullDirectoryIndexSize=152
[2022.01.15-23.45.22:914][  0]LogShaderLibrary: Display: ShaderCodeLibraryPakFileMountedCallback: PakFile 'C:/Program Files/Epic Games/UE_4.27/FeaturePacks/FP_FirstPersonBP.upack' (chunk index -1, root 'root:/') mounted
[2022.01.15-23.45.22:914][  0]LogShaderLibrary: Display: ShaderCodeLibraryPakFileMountedCallback: pending pak file info (ChunkID:-1 Root:root:/ File:C:/Program Files/Epic Games/UE_4.27/FeaturePacks/FP_FirstPersonBP.upack)
[2022.01.15-23.45.22:914][  0]LogPakFile: OnPakFileMounted2Time == 0.000039
[2022.01.15-23.45.22:915][  0]LogPakFile: PakFile PrimaryIndexSize=191
[2022.01.15-23.45.22:915][  0]LogPakFile: PakFile PathHashIndexSize=101
[2022.01.15-23.45.22:915][  0]LogPakFile: PakFile FullDirectoryIndexSize=160
[2022.01.15-23.45.22:915][  0]LogShaderLibrary: Display: ShaderCodeLibraryPakFileMountedCallback: PakFile 'C:/Program Files/Epic Games/UE_4.27/FeaturePacks/MobileStarterContent.upack' (chunk index -1, root 'root:/') mounted
[2022.01.15-23.45.22:915][  0]LogShaderLibrary: Display: ShaderCodeLibraryPakFileMountedCallback: pending pak file info (ChunkID:-1 Root:root:/ File:C:/Program Files/Epic Games/UE_4.27/FeaturePacks/MobileStarterContent.upack)
[2022.01.15-23.45.22:915][  0]LogPakFile: OnPakFileMounted2Time == 0.000035
[2022.01.15-23.45.22:915][  0]LogPakFile: PakFile PrimaryIndexSize=185
[2022.01.15-23.45.22:915][  0]LogPakFile: PakFile PathHashIndexSize=101
[2022.01.15-23.45.22:915][  0]LogPakFile: PakFile FullDirectoryIndexSize=148
[2022.01.15-23.45.22:915][  0]LogShaderLibrary: Display: ShaderCodeLibraryPakFileMountedCallback: PakFile 'C:/Program Files/Epic Games/UE_4.27/FeaturePacks/StarterContent.upack' (chunk index -1, root 'root:/') mounted
[2022.01.15-23.45.22:915][  0]LogShaderLibrary: Display: ShaderCodeLibraryPakFileMountedCallback: pending pak file info (ChunkID:-1 Root:root:/ File:C:/Program Files/Epic Games/UE_4.27/FeaturePacks/StarterContent.upack)
[2022.01.15-23.45.22:915][  0]LogPakFile: OnPakFileMounted2Time == 0.000038
[2022.01.15-23.45.22:916][  0]LogPakFile: PakFile PrimaryIndexSize=190
[2022.01.15-23.45.22:916][  0]LogPakFile: PakFile PathHashIndexSize=101
[2022.01.15-23.45.22:916][  0]LogPakFile: PakFile FullDirectoryIndexSize=154
[2022.01.15-23.45.22:916][  0]LogShaderLibrary: Display: ShaderCodeLibraryPakFileMountedCallback: PakFile 'C:/Program Files/Epic Games/UE_4.27/FeaturePacks/TP_2DSideScroller.upack' (chunk index -1, root 'root:/') mounted
[2022.01.15-23.45.22:916][  0]LogShaderLibrary: Display: ShaderCodeLibraryPakFileMountedCallback: pending pak file info (ChunkID:-1 Root:root:/ File:C:/Program Files/Epic Games/UE_4.27/FeaturePacks/TP_2DSideScroller.upack)
[2022.01.15-23.45.22:916][  0]LogPakFile: OnPakFileMounted2Time == 0.000035
[2022.01.15-23.45.22:917][  0]LogPakFile: PakFile PrimaryIndexSize=192
[2022.01.15-23.45.22:917][  0]LogPakFile: PakFile PathHashIndexSize=101
[2022.01.15-23.45.22:917][  0]LogPakFile: PakFile FullDirectoryIndexSize=158
[2022.01.15-23.45.22:917][  0]LogShaderLibrary: Display: ShaderCodeLibraryPakFileMountedCallback: PakFile 'C:/Program Files/Epic Games/UE_4.27/FeaturePacks/TP_2DSideScrollerBP.upack' (chunk index -1, root 'root:/') mounted
[2022.01.15-23.45.22:917][  0]LogShaderLibrary: Display: ShaderCodeLibraryPakFileMountedCallback: pending pak file info (ChunkID:-1 Root:root:/ File:C:/Program Files/Epic Games/UE_4.27/FeaturePacks/TP_2DSideScrollerBP.upack)
[2022.01.15-23.45.22:917][  0]LogPakFile: OnPakFileMounted2Time == 0.000049
[2022.01.15-23.45.22:917][  0]LogPakFile: PakFile PrimaryIndexSize=182
[2022.01.15-23.45.22:917][  0]LogPakFile: PakFile PathHashIndexSize=101
[2022.01.15-23.45.22:917][  0]LogPakFile: PakFile FullDirectoryIndexSize=138
[2022.01.15-23.45.22:917][  0]LogShaderLibrary: Display: ShaderCodeLibraryPakFileMountedCallback: PakFile 'C:/Program Files/Epic Games/UE_4.27/FeaturePacks/TP_Flying.upack' (chunk index -1, root 'root:/') mounted
[2022.01.15-23.45.22:917][  0]LogShaderLibrary: Display: ShaderCodeLibraryPakFileMountedCallback: pending pak file info (ChunkID:-1 Root:root:/ File:C:/Program Files/Epic Games/UE_4.27/FeaturePacks/TP_Flying.upack)
[2022.01.15-23.45.22:917][  0]LogPakFile: OnPakFileMounted2Time == 0.000039
[2022.01.15-23.45.22:918][  0]LogPakFile: PakFile PrimaryIndexSize=184
[2022.01.15-23.45.22:918][  0]LogPakFile: PakFile PathHashIndexSize=101
[2022.01.15-23.45.22:918][  0]LogPakFile: PakFile FullDirectoryIndexSize=142
[2022.01.15-23.45.22:918][  0]LogShaderLibrary: Display: ShaderCodeLibraryPakFileMountedCallback: PakFile 'C:/Program Files/Epic Games/UE_4.27/FeaturePacks/TP_FlyingBP.upack' (chunk index -1, root 'root:/') mounted
[2022.01.15-23.45.22:918][  0]LogShaderLibrary: Display: ShaderCodeLibraryPakFileMountedCallback: pending pak file info (ChunkID:-1 Root:root:/ File:C:/Program Files/Epic Games/UE_4.27/FeaturePacks/TP_FlyingBP.upack)
[2022.01.15-23.45.22:918][  0]LogPakFile: OnPakFileMounted2Time == 0.000035
[2022.01.15-23.45.22:918][  0]LogPakFile: PakFile PrimaryIndexSize=188
[2022.01.15-23.45.22:919][  0]LogPakFile: PakFile PathHashIndexSize=101
[2022.01.15-23.45.22:919][  0]LogPakFile: PakFile FullDirectoryIndexSize=150
[2022.01.15-23.45.22:919][  0]LogShaderLibrary: Display: ShaderCodeLibraryPakFileMountedCallback: PakFile 'C:/Program Files/Epic Games/UE_4.27/FeaturePacks/TP_HandheldARBP.upack' (chunk index -1, root 'root:/') mounted
[2022.01.15-23.45.22:919][  0]LogShaderLibrary: Display: ShaderCodeLibraryPakFileMountedCallback: pending pak file info (ChunkID:-1 Root:root:/ File:C:/Program Files/Epic Games/UE_4.27/FeaturePacks/TP_HandheldARBP.upack)
[2022.01.15-23.45.22:919][  0]LogPakFile: OnPakFileMounted2Time == 0.000036
[2022.01.15-23.45.22:919][  0]LogPakFile: PakFile PrimaryIndexSize=182
[2022.01.15-23.45.22:919][  0]LogPakFile: PakFile PathHashIndexSize=101
[2022.01.15-23.45.22:919][  0]LogPakFile: PakFile FullDirectoryIndexSize=138
[2022.01.15-23.45.22:919][  0]LogShaderLibrary: Display: ShaderCodeLibraryPakFileMountedCallback: PakFile 'C:/Program Files/Epic Games/UE_4.27/FeaturePacks/TP_Puzzle.upack' (chunk index -1, root 'root:/') mounted
[2022.01.15-23.45.22:919][  0]LogShaderLibrary: Display: ShaderCodeLibraryPakFileMountedCallback: pending pak file info (ChunkID:-1 Root:root:/ File:C:/Program Files/Epic Games/UE_4.27/FeaturePacks/TP_Puzzle.upack)
[2022.01.15-23.45.22:919][  0]LogPakFile: OnPakFileMounted2Time == 0.000037
[2022.01.15-23.45.22:920][  0]LogPakFile: PakFile PrimaryIndexSize=184
[2022.01.15-23.45.22:920][  0]LogPakFile: PakFile PathHashIndexSize=101
[2022.01.15-23.45.22:920][  0]LogPakFile: PakFile FullDirectoryIndexSize=142
[2022.01.15-23.45.22:920][  0]LogShaderLibrary: Display: ShaderCodeLibraryPakFileMountedCallback: PakFile 'C:/Program Files/Epic Games/UE_4.27/FeaturePacks/TP_PuzzleBP.upack' (chunk index -1, root 'root:/') mounted
[2022.01.15-23.45.22:920][  0]LogShaderLibrary: Display: ShaderCodeLibraryPakFileMountedCallback: pending pak file info (ChunkID:-1 Root:root:/ File:C:/Program Files/Epic Games/UE_4.27/FeaturePacks/TP_PuzzleBP.upack)
[2022.01.15-23.45.22:920][  0]LogPakFile: OnPakFileMounted2Time == 0.000037
[2022.01.15-23.45.22:921][  0]LogPakFile: PakFile PrimaryIndexSize=183
[2022.01.15-23.45.22:921][  0]LogPakFile: PakFile PathHashIndexSize=101
[2022.01.15-23.45.22:921][  0]LogPakFile: PakFile FullDirectoryIndexSize=140
[2022.01.15-23.45.22:921][  0]LogShaderLibrary: Display: ShaderCodeLibraryPakFileMountedCallback: PakFile 'C:/Program Files/Epic Games/UE_4.27/FeaturePacks/TP_Rolling.upack' (chunk index -1, root 'root:/') mounted
[2022.01.15-23.45.22:921][  0]LogShaderLibrary: Display: ShaderCodeLibraryPakFileMountedCallback: pending pak file info (ChunkID:-1 Root:root:/ File:C:/Program Files/Epic Games/UE_4.27/FeaturePacks/TP_Rolling.upack)
[2022.01.15-23.45.22:921][  0]LogPakFile: OnPakFileMounted2Time == 0.000035
[2022.01.15-23.45.22:921][  0]LogPakFile: PakFile PrimaryIndexSize=185
[2022.01.15-23.45.22:921][  0]LogPakFile: PakFile PathHashIndexSize=101
[2022.01.15-23.45.22:921][  0]LogPakFile: PakFile FullDirectoryIndexSize=144
[2022.01.15-23.45.22:921][  0]LogShaderLibrary: Display: ShaderCodeLibraryPakFileMountedCallback: PakFile 'C:/Program Files/Epic Games/UE_4.27/FeaturePacks/TP_RollingBP.upack' (chunk index -1, root 'root:/') mounted
[2022.01.15-23.45.22:921][  0]LogShaderLibrary: Display: ShaderCodeLibraryPakFileMountedCallback: pending pak file info (ChunkID:-1 Root:root:/ File:C:/Program Files/Epic Games/UE_4.27/FeaturePacks/TP_RollingBP.upack)
[2022.01.15-23.45.22:921][  0]LogPakFile: OnPakFileMounted2Time == 0.000042
[2022.01.15-23.45.22:922][  0]LogPakFile: PakFile PrimaryIndexSize=188
[2022.01.15-23.45.22:922][  0]LogPakFile: PakFile PathHashIndexSize=101
[2022.01.15-23.45.22:922][  0]LogPakFile: PakFile FullDirectoryIndexSize=150
[2022.01.15-23.45.22:922][  0]LogShaderLibrary: Display: ShaderCodeLibraryPakFileMountedCallback: PakFile 'C:/Program Files/Epic Games/UE_4.27/FeaturePacks/TP_SideScroller.upack' (chunk index -1, root 'root:/') mounted
[2022.01.15-23.45.22:922][  0]LogShaderLibrary: Display: ShaderCodeLibraryPakFileMountedCallback: pending pak file info (ChunkID:-1 Root:root:/ File:C:/Program Files/Epic Games/UE_4.27/FeaturePacks/TP_SideScroller.upack)
[2022.01.15-23.45.22:922][  0]LogPakFile: OnPakFileMounted2Time == 0.000036
[2022.01.15-23.45.22:923][  0]LogPakFile: PakFile PrimaryIndexSize=190
[2022.01.15-23.45.22:923][  0]LogPakFile: PakFile PathHashIndexSize=101
[2022.01.15-23.45.22:923][  0]LogPakFile: PakFile FullDirectoryIndexSize=154
[2022.01.15-23.45.22:923][  0]LogShaderLibrary: Display: ShaderCodeLibraryPakFileMountedCallback: PakFile 'C:/Program Files/Epic Games/UE_4.27/FeaturePacks/TP_SideScrollerBP.upack' (chunk index -1, root 'root:/') mounted
[2022.01.15-23.45.22:923][  0]LogShaderLibrary: Display: ShaderCodeLibraryPakFileMountedCallback: pending pak file info (ChunkID:-1 Root:root:/ File:C:/Program Files/Epic Games/UE_4.27/FeaturePacks/TP_SideScrollerBP.upack)
[2022.01.15-23.45.22:923][  0]LogPakFile: OnPakFileMounted2Time == 0.000035
[2022.01.15-23.45.22:923][  0]LogPakFile: PakFile PrimaryIndexSize=187
[2022.01.15-23.45.22:923][  0]LogPakFile: PakFile PathHashIndexSize=101
[2022.01.15-23.45.22:923][  0]LogPakFile: PakFile FullDirectoryIndexSize=148
[2022.01.15-23.45.22:923][  0]LogShaderLibrary: Display: ShaderCodeLibraryPakFileMountedCallback: PakFile 'C:/Program Files/Epic Games/UE_4.27/FeaturePacks/TP_ThirdPerson.upack' (chunk index -1, root 'root:/') mounted
[2022.01.15-23.45.22:923][  0]LogShaderLibrary: Display: ShaderCodeLibraryPakFileMountedCallback: pending pak file info (ChunkID:-1 Root:root:/ File:C:/Program Files/Epic Games/UE_4.27/FeaturePacks/TP_ThirdPerson.upack)
[2022.01.15-23.45.22:923][  0]LogPakFile: OnPakFileMounted2Time == 0.000035
[2022.01.15-23.45.22:924][  0]LogPakFile: PakFile PrimaryIndexSize=189
[2022.01.15-23.45.22:924][  0]LogPakFile: PakFile PathHashIndexSize=101
[2022.01.15-23.45.22:924][  0]LogPakFile: PakFile FullDirectoryIndexSize=152
[2022.01.15-23.45.22:924][  0]LogShaderLibrary: Display: ShaderCodeLibraryPakFileMountedCallback: PakFile 'C:/Program Files/Epic Games/UE_4.27/FeaturePacks/TP_ThirdPersonBP.upack' (chunk index -1, root 'root:/') mounted
[2022.01.15-23.45.22:924][  0]LogShaderLibrary: Display: ShaderCodeLibraryPakFileMountedCallback: pending pak file info (ChunkID:-1 Root:root:/ File:C:/Program Files/Epic Games/UE_4.27/FeaturePacks/TP_ThirdPersonBP.upack)
[2022.01.15-23.45.22:924][  0]LogPakFile: OnPakFileMounted2Time == 0.000034
[2022.01.15-23.45.22:924][  0]LogPakFile: PakFile PrimaryIndexSize=183
[2022.01.15-23.45.22:924][  0]LogPakFile: PakFile PathHashIndexSize=101
[2022.01.15-23.45.22:924][  0]LogPakFile: PakFile FullDirectoryIndexSize=140
[2022.01.15-23.45.22:924][  0]LogShaderLibrary: Display: ShaderCodeLibraryPakFileMountedCallback: PakFile 'C:/Program Files/Epic Games/UE_4.27/FeaturePacks/TP_TopDown.upack' (chunk index -1, root 'root:/') mounted
[2022.01.15-23.45.22:925][  0]LogShaderLibrary: Display: ShaderCodeLibraryPakFileMountedCallback: pending pak file info (ChunkID:-1 Root:root:/ File:C:/Program Files/Epic Games/UE_4.27/FeaturePacks/TP_TopDown.upack)
[2022.01.15-23.45.22:925][  0]LogPakFile: OnPakFileMounted2Time == 0.000047
[2022.01.15-23.45.22:925][  0]LogPakFile: PakFile PrimaryIndexSize=185
[2022.01.15-23.45.22:925][  0]LogPakFile: PakFile PathHashIndexSize=101
[2022.01.15-23.45.22:925][  0]LogPakFile: PakFile FullDirectoryIndexSize=144
[2022.01.15-23.45.22:925][  0]LogShaderLibrary: Display: ShaderCodeLibraryPakFileMountedCallback: PakFile 'C:/Program Files/Epic Games/UE_4.27/FeaturePacks/TP_TopDownBP.upack' (chunk index -1, root 'root:/') mounted
[2022.01.15-23.45.22:925][  0]LogShaderLibrary: Display: ShaderCodeLibraryPakFileMountedCallback: pending pak file info (ChunkID:-1 Root:root:/ File:C:/Program Files/Epic Games/UE_4.27/FeaturePacks/TP_TopDownBP.upack)
[2022.01.15-23.45.22:925][  0]LogPakFile: OnPakFileMounted2Time == 0.000034
[2022.01.15-23.45.22:926][  0]LogPakFile: PakFile PrimaryIndexSize=185
[2022.01.15-23.45.22:926][  0]LogPakFile: PakFile PathHashIndexSize=101
[2022.01.15-23.45.22:926][  0]LogPakFile: PakFile FullDirectoryIndexSize=144
[2022.01.15-23.45.22:926][  0]LogShaderLibrary: Display: ShaderCodeLibraryPakFileMountedCallback: PakFile 'C:/Program Files/Epic Games/UE_4.27/FeaturePacks/TP_TwinStick.upack' (chunk index -1, root 'root:/') mounted
[2022.01.15-23.45.22:926][  0]LogShaderLibrary: Display: ShaderCodeLibraryPakFileMountedCallback: pending pak file info (ChunkID:-1 Root:root:/ File:C:/Program Files/Epic Games/UE_4.27/FeaturePacks/TP_TwinStick.upack)
[2022.01.15-23.45.22:926][  0]LogPakFile: OnPakFileMounted2Time == 0.000034
[2022.01.15-23.45.22:926][  0]LogPakFile: PakFile PrimaryIndexSize=187
[2022.01.15-23.45.22:926][  0]LogPakFile: PakFile PathHashIndexSize=101
[2022.01.15-23.45.22:926][  0]LogPakFile: PakFile FullDirectoryIndexSize=148
[2022.01.15-23.45.22:926][  0]LogShaderLibrary: Display: ShaderCodeLibraryPakFileMountedCallback: PakFile 'C:/Program Files/Epic Games/UE_4.27/FeaturePacks/TP_TwinStickBP.upack' (chunk index -1, root 'root:/') mounted
[2022.01.15-23.45.22:926][  0]LogShaderLibrary: Display: ShaderCodeLibraryPakFileMountedCallback: pending pak file info (ChunkID:-1 Root:root:/ File:C:/Program Files/Epic Games/UE_4.27/FeaturePacks/TP_TwinStickBP.upack)
[2022.01.15-23.45.22:926][  0]LogPakFile: OnPakFileMounted2Time == 0.000038
[2022.01.15-23.45.22:927][  0]LogPakFile: PakFile PrimaryIndexSize=183
[2022.01.15-23.45.22:927][  0]LogPakFile: PakFile PathHashIndexSize=101
[2022.01.15-23.45.22:927][  0]LogPakFile: PakFile FullDirectoryIndexSize=140
[2022.01.15-23.45.22:927][  0]LogShaderLibrary: Display: ShaderCodeLibraryPakFileMountedCallback: PakFile 'C:/Program Files/Epic Games/UE_4.27/FeaturePacks/TP_Vehicle.upack' (chunk index -1, root 'root:/') mounted
[2022.01.15-23.45.22:927][  0]LogShaderLibrary: Display: ShaderCodeLibraryPakFileMountedCallback: pending pak file info (ChunkID:-1 Root:root:/ File:C:/Program Files/Epic Games/UE_4.27/FeaturePacks/TP_Vehicle.upack)
[2022.01.15-23.45.22:927][  0]LogPakFile: OnPakFileMounted2Time == 0.000034
[2022.01.15-23.45.22:927][  0]LogPakFile: PakFile PrimaryIndexSize=186
[2022.01.15-23.45.22:927][  0]LogPakFile: PakFile PathHashIndexSize=101
[2022.01.15-23.45.22:927][  0]LogPakFile: PakFile FullDirectoryIndexSize=146
[2022.01.15-23.45.22:928][  0]LogShaderLibrary: Display: ShaderCodeLibraryPakFileMountedCallback: PakFile 'C:/Program Files/Epic Games/UE_4.27/FeaturePacks/TP_VehicleAdv.upack' (chunk index -1, root 'root:/') mounted
[2022.01.15-23.45.22:928][  0]LogShaderLibrary: Display: ShaderCodeLibraryPakFileMountedCallback: pending pak file info (ChunkID:-1 Root:root:/ File:C:/Program Files/Epic Games/UE_4.27/FeaturePacks/TP_VehicleAdv.upack)
[2022.01.15-23.45.22:928][  0]LogPakFile: OnPakFileMounted2Time == 0.000048
[2022.01.15-23.45.22:928][  0]LogPakFile: PakFile PrimaryIndexSize=188
[2022.01.15-23.45.22:928][  0]LogPakFile: PakFile PathHashIndexSize=101
[2022.01.15-23.45.22:928][  0]LogPakFile: PakFile FullDirectoryIndexSize=150
[2022.01.15-23.45.22:928][  0]LogShaderLibrary: Display: ShaderCodeLibraryPakFileMountedCallback: PakFile 'C:/Program Files/Epic Games/UE_4.27/FeaturePacks/TP_VehicleAdvBP.upack' (chunk index -1, root 'root:/') mounted
[2022.01.15-23.45.22:928][  0]LogShaderLibrary: Display: ShaderCodeLibraryPakFileMountedCallback: pending pak file info (ChunkID:-1 Root:root:/ File:C:/Program Files/Epic Games/UE_4.27/FeaturePacks/TP_VehicleAdvBP.upack)
[2022.01.15-23.45.22:928][  0]LogPakFile: OnPakFileMounted2Time == 0.000038
[2022.01.15-23.45.22:929][  0]LogPakFile: PakFile PrimaryIndexSize=185
[2022.01.15-23.45.22:929][  0]LogPakFile: PakFile PathHashIndexSize=101
[2022.01.15-23.45.22:929][  0]LogPakFile: PakFile FullDirectoryIndexSize=144
[2022.01.15-23.45.22:929][  0]LogShaderLibrary: Display: ShaderCodeLibraryPakFileMountedCallback: PakFile 'C:/Program Files/Epic Games/UE_4.27/FeaturePacks/TP_VehicleBP.upack' (chunk index -1, root 'root:/') mounted
[2022.01.15-23.45.22:929][  0]LogShaderLibrary: Display: ShaderCodeLibraryPakFileMountedCallback: pending pak file info (ChunkID:-1 Root:root:/ File:C:/Program Files/Epic Games/UE_4.27/FeaturePacks/TP_VehicleBP.upack)
[2022.01.15-23.45.22:929][  0]LogPakFile: OnPakFileMounted2Time == 0.000035
[2022.01.15-23.45.22:929][  0]LogPakFile: PakFile PrimaryIndexSize=192
[2022.01.15-23.45.22:929][  0]LogPakFile: PakFile PathHashIndexSize=101
[2022.01.15-23.45.22:929][  0]LogPakFile: PakFile FullDirectoryIndexSize=158
[2022.01.15-23.45.22:929][  0]LogShaderLibrary: Display: ShaderCodeLibraryPakFileMountedCallback: PakFile 'C:/Program Files/Epic Games/UE_4.27/FeaturePacks/TP_VirtualRealityBP.upack' (chunk index -1, root 'root:/') mounted
[2022.01.15-23.45.22:929][  0]LogShaderLibrary: Display: ShaderCodeLibraryPakFileMountedCallback: pending pak file info (ChunkID:-1 Root:root:/ File:C:/Program Files/Epic Games/UE_4.27/FeaturePacks/TP_VirtualRealityBP.upack)
[2022.01.15-23.45.22:929][  0]LogPakFile: OnPakFileMounted2Time == 0.000048
[2022.01.15-23.45.22:989][  0]LogNativeClassHierarchy: Verbose: Native class hierarchy updated for 'AddContentDialog' in 0.0003 seconds. Added 0 classes and 0 folders.
[2022.01.15-23.45.22:991][  0]LogNativeClassHierarchy: Verbose: Native class hierarchy updated for 'SceneOutliner' in 0.0003 seconds. Added 2 classes and 0 folders.
[2022.01.15-23.45.23:034][  0]LogSlate: Took 0.000265 seconds to synchronously load lazily loaded font '../../../Engine/Content/Editor/Slate/Fonts/FontAwesome.ttf' (139K)
[2022.01.15-23.45.23:035][  0]LogSlate: Took 0.000318 seconds to synchronously load lazily loaded font '../../../Engine/Content/Slate/Fonts/Roboto-Bold.ttf' (160K)
[2022.01.15-23.45.23:099][  0]LogRenderer: Reallocating scene render targets to support 920x536 Format 10 NumSamples 1 (Frame:1).
[2022.01.15-23.45.23:235][  0]LogNativeClassHierarchy: Verbose: Native class hierarchy updated for 'HierarchicalLODOutliner' in 0.0003 seconds. Added 0 classes and 0 folders.
[2022.01.15-23.45.23:235][  0]LogInput: Warning: Action Jump uses invalid key OculusGo_Left_Trigger_Click.
[2022.01.15-23.45.23:235][  0]LogInput: Warning: Action Grab uses invalid key OculusGo_Left_Trackpad_Click.
[2022.01.15-23.45.23:235][  0]LogInput: Warning: Action ResetVR uses invalid key OculusGo_Left_Back_Click.
[2022.01.15-23.45.23:235][  0]LogInput: Warning: Use -RemoveInvalidKeys to remove instances of these keys from the action mapping.
[2022.01.15-23.45.23:235][  0]LogLoad: (Engine Initialization) Total time: 43.86 seconds
[2022.01.15-23.45.23:235][  0]LogLoad: (Engine Initialization) Total Blueprint compile time: 0.00 seconds
[2022.01.15-23.45.23:298][  0]LogAssetRegistry: Asset discovery search completed in 39.4538 seconds
[2022.01.15-23.45.23:308][  0]LogCollectionManager: Fixed up redirectors for 0 collections in 0.000006 seconds (updated 0 objects)
[2022.01.15-23.45.23:308][  0]LogContentStreaming: Texture pool size now 1000 MB
[2022.01.15-23.45.24:272][ 41]LogSlate: Took 0.000521 seconds to synchronously load lazily loaded font '../../../Engine/Content/Slate/Fonts/Roboto-Light.ttf' (167K)
[2022.01.15-23.45.30:150][300]LogAssetEditorSubsystem: Opening Asset editor for Blueprint /Game/FirstPersonBP/Blueprints/FirstPersonCharacter.FirstPersonCharacter
[2022.01.15-23.45.30:351][300]LogNativeClassHierarchy: Verbose: Native class hierarchy updated for 'BlueprintGraph' in 0.0006 seconds. Added 126 classes and 0 folders.
[2022.01.15-23.45.31:177][300]LogSlate: Took 0.000345 seconds to synchronously load lazily loaded font '../../../Engine/Content/Slate/Fonts/Roboto-BoldCondensed.ttf' (158K)
[2022.01.15-23.45.31:257][301]LogSlate: Took 0.000259 seconds to synchronously load lazily loaded font '../../../Engine/Content/Slate/Fonts/Roboto-Italic.ttf' (157K)
[2022.01.15-23.45.34:948][308]LogD3D11RHI: Timed out while waiting for GPU to catch up. (0.5 s) (ErrorCode 887a0005) (887a0007)
[2022.01.15-23.45.34:948][308]LogD3D11RHI: Error: Result failed 
 at D:/Build/++UE4/Sync/Engine/Source/Runtime/Windows/D3D11RHI/Private/D3D11Query.cpp:335 
 with error DXGI_ERROR_DEVICE_REMOVED DXGI_ERROR_DEVICE_RESET
[2022.01.15-23.45.34:948][308]LogD3D11RHI: [Aftermath] GDynamicRHI=0000023DB03A3C40, GDX11NVAfterMathEnabled=0, Result=0xFFFFFFFF, bDeviceActive=0
[2022.01.15-23.45.34:948][308]LogWindows: Windows GetLastError: The operation completed successfully. (0)
[2022.01.15-23.45.36:652][308]LogWindows: FPlatformMisc::RequestExit(0)
[2022.01.15-23.45.36:652][308]LogWindows: FPlatformMisc::RequestExitWithStatus(0, 0)
[2022.01.15-23.45.36:652][308]LogCore: Engine exit requested (reason: Win RequestExit)
[2022.01.15-23.45.36:652][308]LogWindows: FPlatformMisc::RequestExit(1)
[2022.01.15-23.45.36:652][308]LogWindows: FPlatformMisc::RequestExitWithStatus(1, 3)
[2022.01.15-23.45.36:652][308]LogCore: Engine exit requested (reason: Win RequestExit; note: exit was already requested)
[2022.01.15-23.45.36:661][308]Log file closed, 01/16/22 00:45:36
